{"/home/runner/work/ts-functions-library/ts-functions-library/arrayFunctions/arrayDifference.ts": {"path":"/home/runner/work/ts-functions-library/ts-functions-library/arrayFunctions/arrayDifference.ts","statementMap":{"0":{"start":{"line":32,"column":0},"end":{"line":32,"column":16}},"1":{"start":{"line":1,"column":0},"end":{"line":1,"column":57}},"2":{"start":{"line":33,"column":2},"end":{"line":33,"column":80}},"3":{"start":{"line":33,"column":32},"end":{"line":33,"column":78}},"4":{"start":{"line":33,"column":54},"end":{"line":33,"column":77}}},"fnMap":{"0":{"name":"arrayDifference","decl":{"start":{"line":32,"column":16},"end":{"line":32,"column":31}},"loc":{"start":{"line":32,"column":55},"end":{"line":34,"column":1}}},"1":{"name":"(anonymous_1)","decl":{"start":{"line":33,"column":21},"end":{"line":33,"column":22}},"loc":{"start":{"line":33,"column":32},"end":{"line":33,"column":78}}},"2":{"name":"(anonymous_2)","decl":{"start":{"line":33,"column":43},"end":{"line":33,"column":44}},"loc":{"start":{"line":33,"column":54},"end":{"line":33,"column":77}}}},"branchMap":{},"s":{"0":1,"1":1,"2":19,"3":1046,"4":375329},"f":{"0":19,"1":1046,"2":375329},"b":{}}
,"/home/runner/work/ts-functions-library/ts-functions-library/arrayFunctions/arrayIntersection.ts": {"path":"/home/runner/work/ts-functions-library/ts-functions-library/arrayFunctions/arrayIntersection.ts","statementMap":{"0":{"start":{"line":33,"column":0},"end":{"line":33,"column":16}},"1":{"start":{"line":1,"column":0},"end":{"line":1,"column":57}},"2":{"start":{"line":35,"column":2},"end":{"line":37,"column":3}},"3":{"start":{"line":36,"column":4},"end":{"line":36,"column":54}},"4":{"start":{"line":40,"column":15},"end":{"line":40,"column":31}},"5":{"start":{"line":43,"column":2},"end":{"line":45,"column":4}},"6":{"start":{"line":44,"column":4},"end":{"line":44,"column":61}},"7":{"start":{"line":44,"column":37},"end":{"line":44,"column":60}}},"fnMap":{"0":{"name":"arrayIntersection","decl":{"start":{"line":33,"column":16},"end":{"line":33,"column":33}},"loc":{"start":{"line":33,"column":57},"end":{"line":46,"column":1}}},"1":{"name":"(anonymous_1)","decl":{"start":{"line":43,"column":21},"end":{"line":43,"column":22}},"loc":{"start":{"line":44,"column":4},"end":{"line":44,"column":61}}},"2":{"name":"(anonymous_2)","decl":{"start":{"line":44,"column":26},"end":{"line":44,"column":27}},"loc":{"start":{"line":44,"column":37},"end":{"line":44,"column":60}}}},"branchMap":{"0":{"loc":{"start":{"line":35,"column":2},"end":{"line":37,"column":3}},"type":"if","locations":[{"start":{"line":35,"column":2},"end":{"line":37,"column":3}}]},"1":{"loc":{"start":{"line":35,"column":6},"end":{"line":35,"column":50}},"type":"binary-expr","locations":[{"start":{"line":35,"column":6},"end":{"line":35,"column":26}},{"start":{"line":35,"column":30},"end":{"line":35,"column":50}}]}},"s":{"0":1,"1":1,"2":17,"3":0,"4":17,"5":17,"6":10037,"7":62502566},"f":{"0":17,"1":10037,"2":62502566},"b":{"0":[0],"1":[17,17]}}
,"/home/runner/work/ts-functions-library/ts-functions-library/arrayFunctions/calculateAverage.ts": {"path":"/home/runner/work/ts-functions-library/ts-functions-library/arrayFunctions/calculateAverage.ts","statementMap":{"0":{"start":{"line":30,"column":0},"end":{"line":30,"column":16}},"1":{"start":{"line":1,"column":0},"end":{"line":1,"column":54}},"2":{"start":{"line":32,"column":16},"end":{"line":32,"column":37}},"3":{"start":{"line":34,"column":2},"end":{"line":34,"column":47}}},"fnMap":{"0":{"name":"calculateAverage","decl":{"start":{"line":30,"column":16},"end":{"line":30,"column":32}},"loc":{"start":{"line":30,"column":46},"end":{"line":35,"column":1}}}},"branchMap":{"0":{"loc":{"start":{"line":34,"column":9},"end":{"line":34,"column":46}},"type":"cond-expr","locations":[{"start":{"line":34,"column":22},"end":{"line":34,"column":40}},{"start":{"line":34,"column":43},"end":{"line":34,"column":46}}]}},"s":{"0":3,"1":3,"2":76,"3":76},"f":{"0":76},"b":{"0":[75,1]}}
,"/home/runner/work/ts-functions-library/ts-functions-library/arrayFunctions/calculateMedian.ts": {"path":"/home/runner/work/ts-functions-library/ts-functions-library/arrayFunctions/calculateMedian.ts","statementMap":{"0":{"start":{"line":30,"column":0},"end":{"line":30,"column":16}},"1":{"start":{"line":31,"column":19},"end":{"line":31,"column":68}},"2":{"start":{"line":31,"column":39},"end":{"line":31,"column":67}},"3":{"start":{"line":32,"column":2},"end":{"line":32,"column":40}},"4":{"start":{"line":32,"column":29},"end":{"line":32,"column":40}},"5":{"start":{"line":34,"column":17},"end":{"line":34,"column":47}},"6":{"start":{"line":34,"column":41},"end":{"line":34,"column":46}},"7":{"start":{"line":35,"column":14},"end":{"line":35,"column":43}},"8":{"start":{"line":36,"column":2},"end":{"line":38,"column":42}}},"fnMap":{"0":{"name":"calculateMedian","decl":{"start":{"line":30,"column":16},"end":{"line":30,"column":31}},"loc":{"start":{"line":30,"column":45},"end":{"line":39,"column":1}}},"1":{"name":"(anonymous_1)","decl":{"start":{"line":31,"column":30},"end":{"line":31,"column":31}},"loc":{"start":{"line":31,"column":39},"end":{"line":31,"column":67}}},"2":{"name":"(anonymous_2)","decl":{"start":{"line":34,"column":31},"end":{"line":34,"column":32}},"loc":{"start":{"line":34,"column":41},"end":{"line":34,"column":46}}}},"branchMap":{"0":{"loc":{"start":{"line":31,"column":39},"end":{"line":31,"column":67}},"type":"binary-expr","locations":[{"start":{"line":31,"column":39},"end":{"line":31,"column":52}},{"start":{"line":31,"column":56},"end":{"line":31,"column":67}}]},"1":{"loc":{"start":{"line":32,"column":2},"end":{"line":32,"column":40}},"type":"if","locations":[{"start":{"line":32,"column":2},"end":{"line":32,"column":40}}]},"2":{"loc":{"start":{"line":36,"column":9},"end":{"line":38,"column":41}},"type":"cond-expr","locations":[{"start":{"line":37,"column":6},"end":{"line":37,"column":17}},{"start":{"line":38,"column":6},"end":{"line":38,"column":41}}]}},"s":{"0":1,"1":21,"2":84,"3":21,"4":1,"5":20,"6":86,"7":20,"8":20},"f":{"0":21,"1":84,"2":86},"b":{"0":[84,80],"1":[1],"2":[12,8]}}
,"/home/runner/work/ts-functions-library/ts-functions-library/arrayFunctions/calculateMode.ts": {"path":"/home/runner/work/ts-functions-library/ts-functions-library/arrayFunctions/calculateMode.ts","statementMap":{"0":{"start":{"line":31,"column":0},"end":{"line":31,"column":16}},"1":{"start":{"line":32,"column":47},"end":{"line":32,"column":49}},"2":{"start":{"line":33,"column":2},"end":{"line":35,"column":5}},"3":{"start":{"line":34,"column":4},"end":{"line":34,"column":47}},"4":{"start":{"line":37,"column":26},"end":{"line":37,"column":63}},"5":{"start":{"line":38,"column":2},"end":{"line":41,"column":43}},"6":{"start":{"line":39,"column":29},"end":{"line":39,"column":55}},"7":{"start":{"line":41,"column":36},"end":{"line":41,"column":41}}},"fnMap":{"0":{"name":"calculateMode","decl":{"start":{"line":31,"column":16},"end":{"line":31,"column":29}},"loc":{"start":{"line":31,"column":43},"end":{"line":42,"column":1}}},"1":{"name":"(anonymous_1)","decl":{"start":{"line":33,"column":14},"end":{"line":33,"column":15}},"loc":{"start":{"line":33,"column":30},"end":{"line":35,"column":3}}},"2":{"name":"(anonymous_2)","decl":{"start":{"line":39,"column":12},"end":{"line":39,"column":13}},"loc":{"start":{"line":39,"column":29},"end":{"line":39,"column":55}}},"3":{"name":"(anonymous_3)","decl":{"start":{"line":41,"column":10},"end":{"line":41,"column":11}},"loc":{"start":{"line":41,"column":36},"end":{"line":41,"column":41}}}},"branchMap":{"0":{"loc":{"start":{"line":34,"column":22},"end":{"line":34,"column":41}},"type":"binary-expr","locations":[{"start":{"line":34,"column":22},"end":{"line":34,"column":36}},{"start":{"line":34,"column":40},"end":{"line":34,"column":41}}]}},"s":{"0":1,"1":22,"2":22,"3":84,"4":22,"5":22,"6":53,"7":15},"f":{"0":22,"1":84,"2":53,"3":15},"b":{"0":[84,53]}}
,"/home/runner/work/ts-functions-library/ts-functions-library/arrayFunctions/calculateProduct.ts": {"path":"/home/runner/work/ts-functions-library/ts-functions-library/arrayFunctions/calculateProduct.ts","statementMap":{"0":{"start":{"line":29,"column":0},"end":{"line":29,"column":16}},"1":{"start":{"line":30,"column":2},"end":{"line":30,"column":56}},"2":{"start":{"line":30,"column":38},"end":{"line":30,"column":51}}},"fnMap":{"0":{"name":"calculateProduct","decl":{"start":{"line":29,"column":16},"end":{"line":29,"column":32}},"loc":{"start":{"line":29,"column":46},"end":{"line":31,"column":1}}},"1":{"name":"(anonymous_1)","decl":{"start":{"line":30,"column":20},"end":{"line":30,"column":21}},"loc":{"start":{"line":30,"column":38},"end":{"line":30,"column":51}}}},"branchMap":{},"s":{"0":1,"1":21,"2":61},"f":{"0":21,"1":61},"b":{}}
,"/home/runner/work/ts-functions-library/ts-functions-library/arrayFunctions/calculateRange.ts": {"path":"/home/runner/work/ts-functions-library/ts-functions-library/arrayFunctions/calculateRange.ts","statementMap":{"0":{"start":{"line":29,"column":0},"end":{"line":29,"column":16}},"1":{"start":{"line":30,"column":2},"end":{"line":32,"column":3}},"2":{"start":{"line":31,"column":4},"end":{"line":31,"column":15}},"3":{"start":{"line":34,"column":22},"end":{"line":34,"column":38}},"4":{"start":{"line":35,"column":22},"end":{"line":35,"column":38}},"5":{"start":{"line":36,"column":2},"end":{"line":36,"column":19}}},"fnMap":{"0":{"name":"calculateRange","decl":{"start":{"line":29,"column":16},"end":{"line":29,"column":30}},"loc":{"start":{"line":29,"column":44},"end":{"line":37,"column":1}}}},"branchMap":{"0":{"loc":{"start":{"line":30,"column":2},"end":{"line":32,"column":3}},"type":"if","locations":[{"start":{"line":30,"column":2},"end":{"line":32,"column":3}}]}},"s":{"0":1,"1":37,"2":1,"3":36,"4":36,"5":36},"f":{"0":37},"b":{"0":[1]}}
,"/home/runner/work/ts-functions-library/ts-functions-library/arrayFunctions/calculateStandardDeviation.ts": {"path":"/home/runner/work/ts-functions-library/ts-functions-library/arrayFunctions/calculateStandardDeviation.ts","statementMap":{"0":{"start":{"line":34,"column":0},"end":{"line":34,"column":16}},"1":{"start":{"line":1,"column":0},"end":{"line":1,"column":56}},"2":{"start":{"line":35,"column":2},"end":{"line":37,"column":3}},"3":{"start":{"line":36,"column":4},"end":{"line":36,"column":15}},"4":{"start":{"line":39,"column":27},"end":{"line":39,"column":49}},"5":{"start":{"line":40,"column":2},"end":{"line":40,"column":29}}},"fnMap":{"0":{"name":"calculateStandardDeviation","decl":{"start":{"line":34,"column":16},"end":{"line":34,"column":42}},"loc":{"start":{"line":34,"column":56},"end":{"line":41,"column":1}}}},"branchMap":{"0":{"loc":{"start":{"line":35,"column":2},"end":{"line":37,"column":3}},"type":"if","locations":[{"start":{"line":35,"column":2},"end":{"line":37,"column":3}}]}},"s":{"0":1,"1":1,"2":37,"3":1,"4":36,"5":36},"f":{"0":37},"b":{"0":[1]}}
,"/home/runner/work/ts-functions-library/ts-functions-library/arrayFunctions/calculateVariance.ts": {"path":"/home/runner/work/ts-functions-library/ts-functions-library/arrayFunctions/calculateVariance.ts","statementMap":{"0":{"start":{"line":33,"column":0},"end":{"line":33,"column":16}},"1":{"start":{"line":1,"column":0},"end":{"line":1,"column":54}},"2":{"start":{"line":34,"column":2},"end":{"line":36,"column":3}},"3":{"start":{"line":35,"column":4},"end":{"line":35,"column":15}},"4":{"start":{"line":38,"column":23},"end":{"line":38,"column":44}},"5":{"start":{"line":39,"column":31},"end":{"line":41,"column":null}},"6":{"start":{"line":40,"column":18},"end":{"line":40,"column":47}},"7":{"start":{"line":43,"column":2},"end":{"line":43,"column":35}}},"fnMap":{"0":{"name":"calculateVariance","decl":{"start":{"line":33,"column":16},"end":{"line":33,"column":33}},"loc":{"start":{"line":33,"column":47},"end":{"line":44,"column":1}}},"1":{"name":"(anonymous_1)","decl":{"start":{"line":40,"column":4},"end":{"line":40,"column":5}},"loc":{"start":{"line":40,"column":18},"end":{"line":40,"column":47}}}},"branchMap":{"0":{"loc":{"start":{"line":34,"column":2},"end":{"line":36,"column":3}},"type":"if","locations":[{"start":{"line":34,"column":2},"end":{"line":36,"column":3}}]}},"s":{"0":2,"1":2,"2":57,"3":1,"4":56,"5":56,"6":179,"7":56},"f":{"0":57,"1":179},"b":{"0":[1]}}
,"/home/runner/work/ts-functions-library/ts-functions-library/arrayFunctions/cartesianProduct.ts": {"path":"/home/runner/work/ts-functions-library/ts-functions-library/arrayFunctions/cartesianProduct.ts","statementMap":{"0":{"start":{"line":38,"column":0},"end":{"line":38,"column":16}},"1":{"start":{"line":40,"column":2},"end":{"line":42,"column":3}},"2":{"start":{"line":40,"column":27},"end":{"line":40,"column":43}},"3":{"start":{"line":41,"column":4},"end":{"line":41,"column":14}},"4":{"start":{"line":44,"column":2},"end":{"line":47,"column":4}},"5":{"start":{"line":45,"column":18},"end":{"line":45,"column":63}},"6":{"start":{"line":45,"column":37},"end":{"line":45,"column":62}},"7":{"start":{"line":45,"column":52},"end":{"line":45,"column":61}}},"fnMap":{"0":{"name":"cartesianProduct","decl":{"start":{"line":38,"column":16},"end":{"line":38,"column":32}},"loc":{"start":{"line":38,"column":51},"end":{"line":48,"column":1}}},"1":{"name":"(anonymous_1)","decl":{"start":{"line":40,"column":18},"end":{"line":40,"column":19}},"loc":{"start":{"line":40,"column":27},"end":{"line":40,"column":43}}},"2":{"name":"(anonymous_2)","decl":{"start":{"line":45,"column":4},"end":{"line":45,"column":5}},"loc":{"start":{"line":45,"column":18},"end":{"line":45,"column":63}}},"3":{"name":"(anonymous_3)","decl":{"start":{"line":45,"column":30},"end":{"line":45,"column":31}},"loc":{"start":{"line":45,"column":37},"end":{"line":45,"column":62}}},"4":{"name":"(anonymous_4)","decl":{"start":{"line":45,"column":45},"end":{"line":45,"column":46}},"loc":{"start":{"line":45,"column":52},"end":{"line":45,"column":61}}}},"branchMap":{"0":{"loc":{"start":{"line":40,"column":2},"end":{"line":42,"column":3}},"type":"if","locations":[{"start":{"line":40,"column":2},"end":{"line":42,"column":3}}]}},"s":{"0":1,"1":18,"2":36,"3":2,"4":16,"5":33,"6":142,"7":5162},"f":{"0":18,"1":36,"2":33,"3":142,"4":5162},"b":{"0":[2]}}
,"/home/runner/work/ts-functions-library/ts-functions-library/arrayFunctions/chunkArray.ts": {"path":"/home/runner/work/ts-functions-library/ts-functions-library/arrayFunctions/chunkArray.ts","statementMap":{"0":{"start":{"line":31,"column":0},"end":{"line":31,"column":16}},"1":{"start":{"line":32,"column":2},"end":{"line":34,"column":3}},"2":{"start":{"line":33,"column":4},"end":{"line":33,"column":58}},"3":{"start":{"line":36,"column":2},"end":{"line":38,"column":4}},"4":{"start":{"line":37,"column":4},"end":{"line":37,"column":40}}},"fnMap":{"0":{"name":"chunkArray","decl":{"start":{"line":31,"column":16},"end":{"line":31,"column":26}},"loc":{"start":{"line":31,"column":52},"end":{"line":39,"column":1}}},"1":{"name":"(anonymous_1)","decl":{"start":{"line":36,"column":62},"end":{"line":36,"column":63}},"loc":{"start":{"line":37,"column":4},"end":{"line":37,"column":40}}}},"branchMap":{"0":{"loc":{"start":{"line":32,"column":2},"end":{"line":34,"column":3}},"type":"if","locations":[{"start":{"line":32,"column":2},"end":{"line":34,"column":3}}]}},"s":{"0":1,"1":19,"2":2,"3":17,"4":40},"f":{"0":19,"1":40},"b":{"0":[2]}}
,"/home/runner/work/ts-functions-library/ts-functions-library/arrayFunctions/findCommonWithCondition.ts": {"path":"/home/runner/work/ts-functions-library/ts-functions-library/arrayFunctions/findCommonWithCondition.ts","statementMap":{"0":{"start":{"line":33,"column":0},"end":{"line":33,"column":16}},"1":{"start":{"line":39,"column":18},"end":{"line":39,"column":67}},"2":{"start":{"line":39,"column":45},"end":{"line":39,"column":65}},"3":{"start":{"line":42,"column":2},"end":{"line":44,"column":23}},"4":{"start":{"line":43,"column":22},"end":{"line":43,"column":55}}},"fnMap":{"0":{"name":"findCommonWithCondition","decl":{"start":{"line":33,"column":16},"end":{"line":33,"column":39}},"loc":{"start":{"line":36,"column":33},"end":{"line":45,"column":1}}},"1":{"name":"(anonymous_1)","decl":{"start":{"line":39,"column":35},"end":{"line":39,"column":36}},"loc":{"start":{"line":39,"column":45},"end":{"line":39,"column":65}}},"2":{"name":"(anonymous_2)","decl":{"start":{"line":43,"column":12},"end":{"line":43,"column":13}},"loc":{"start":{"line":43,"column":22},"end":{"line":43,"column":55}}}},"branchMap":{},"s":{"0":1,"1":18,"2":10044,"3":18,"4":10042},"f":{"0":18,"1":10044,"2":10042},"b":{}}
,"/home/runner/work/ts-functions-library/ts-functions-library/arrayFunctions/findDuplicates.ts": {"path":"/home/runner/work/ts-functions-library/ts-functions-library/arrayFunctions/findDuplicates.ts","statementMap":{"0":{"start":{"line":33,"column":0},"end":{"line":33,"column":16}},"1":{"start":{"line":1,"column":0},"end":{"line":1,"column":57}},"2":{"start":{"line":34,"column":26},"end":{"line":34,"column":28}},"3":{"start":{"line":35,"column":20},"end":{"line":35,"column":22}},"4":{"start":{"line":37,"column":2},"end":{"line":45,"column":3}},"5":{"start":{"line":38,"column":4},"end":{"line":44,"column":5}},"6":{"start":{"line":38,"column":32},"end":{"line":38,"column":57}},"7":{"start":{"line":39,"column":6},"end":{"line":41,"column":7}},"8":{"start":{"line":39,"column":42},"end":{"line":39,"column":68}},"9":{"start":{"line":40,"column":8},"end":{"line":40,"column":30}},"10":{"start":{"line":43,"column":6},"end":{"line":43,"column":22}},"11":{"start":{"line":47,"column":2},"end":{"line":47,"column":20}}},"fnMap":{"0":{"name":"findDuplicates","decl":{"start":{"line":33,"column":16},"end":{"line":33,"column":30}},"loc":{"start":{"line":33,"column":42},"end":{"line":48,"column":1}}},"1":{"name":"(anonymous_1)","decl":{"start":{"line":38,"column":18},"end":{"line":38,"column":19}},"loc":{"start":{"line":38,"column":32},"end":{"line":38,"column":57}}},"2":{"name":"(anonymous_2)","decl":{"start":{"line":39,"column":27},"end":{"line":39,"column":28}},"loc":{"start":{"line":39,"column":42},"end":{"line":39,"column":68}}}},"branchMap":{"0":{"loc":{"start":{"line":38,"column":4},"end":{"line":44,"column":5}},"type":"if","locations":[{"start":{"line":38,"column":4},"end":{"line":44,"column":5}},{"start":{"line":42,"column":11},"end":{"line":44,"column":5}}]},"1":{"loc":{"start":{"line":39,"column":6},"end":{"line":41,"column":7}},"type":"if","locations":[{"start":{"line":39,"column":6},"end":{"line":41,"column":7}}]}},"s":{"0":1,"1":1,"2":15,"3":15,"4":15,"5":10056,"6":504976,"7":9918,"8":499856,"9":116,"10":138,"11":15},"f":{"0":15,"1":504976,"2":499856},"b":{"0":[9918,138],"1":[116]}}
,"/home/runner/work/ts-functions-library/ts-functions-library/arrayFunctions/findIndexOfElement.ts": {"path":"/home/runner/work/ts-functions-library/ts-functions-library/arrayFunctions/findIndexOfElement.ts","statementMap":{"0":{"start":{"line":35,"column":0},"end":{"line":35,"column":16}},"1":{"start":{"line":1,"column":0},"end":{"line":1,"column":57}},"2":{"start":{"line":36,"column":2},"end":{"line":40,"column":3}},"3":{"start":{"line":36,"column":15},"end":{"line":36,"column":16}},"4":{"start":{"line":37,"column":4},"end":{"line":39,"column":5}},"5":{"start":{"line":38,"column":6},"end":{"line":38,"column":15}},"6":{"start":{"line":41,"column":2},"end":{"line":41,"column":12}}},"fnMap":{"0":{"name":"findIndexOfElement","decl":{"start":{"line":35,"column":16},"end":{"line":35,"column":34}},"loc":{"start":{"line":35,"column":58},"end":{"line":42,"column":1}}}},"branchMap":{"0":{"loc":{"start":{"line":37,"column":4},"end":{"line":39,"column":5}},"type":"if","locations":[{"start":{"line":37,"column":4},"end":{"line":39,"column":5}}]}},"s":{"0":1,"1":1,"2":26,"3":26,"4":10061,"5":24,"6":2},"f":{"0":26},"b":{"0":[24]}}
,"/home/runner/work/ts-functions-library/ts-functions-library/arrayFunctions/findMax.ts": {"path":"/home/runner/work/ts-functions-library/ts-functions-library/arrayFunctions/findMax.ts","statementMap":{"0":{"start":{"line":32,"column":0},"end":{"line":32,"column":16}},"1":{"start":{"line":33,"column":2},"end":{"line":33,"column":26}}},"fnMap":{"0":{"name":"findMax","decl":{"start":{"line":32,"column":16},"end":{"line":32,"column":23}},"loc":{"start":{"line":32,"column":37},"end":{"line":34,"column":1}}}},"branchMap":{},"s":{"0":1,"1":13},"f":{"0":13},"b":{}}
,"/home/runner/work/ts-functions-library/ts-functions-library/arrayFunctions/findMin.ts": {"path":"/home/runner/work/ts-functions-library/ts-functions-library/arrayFunctions/findMin.ts","statementMap":{"0":{"start":{"line":32,"column":0},"end":{"line":32,"column":16}},"1":{"start":{"line":33,"column":2},"end":{"line":33,"column":26}}},"fnMap":{"0":{"name":"findMin","decl":{"start":{"line":32,"column":16},"end":{"line":32,"column":23}},"loc":{"start":{"line":32,"column":37},"end":{"line":34,"column":1}}}},"branchMap":{},"s":{"0":1,"1":13},"f":{"0":13},"b":{}}
,"/home/runner/work/ts-functions-library/ts-functions-library/arrayFunctions/findUniqueElements.ts": {"path":"/home/runner/work/ts-functions-library/ts-functions-library/arrayFunctions/findUniqueElements.ts","statementMap":{"0":{"start":{"line":32,"column":0},"end":{"line":32,"column":16}},"1":{"start":{"line":1,"column":0},"end":{"line":1,"column":57}},"2":{"start":{"line":33,"column":30},"end":{"line":33,"column":32}},"3":{"start":{"line":35,"column":2},"end":{"line":39,"column":3}},"4":{"start":{"line":36,"column":4},"end":{"line":38,"column":5}},"5":{"start":{"line":36,"column":45},"end":{"line":36,"column":72}},"6":{"start":{"line":37,"column":6},"end":{"line":37,"column":32}},"7":{"start":{"line":41,"column":2},"end":{"line":41,"column":24}}},"fnMap":{"0":{"name":"findUniqueElements","decl":{"start":{"line":32,"column":16},"end":{"line":32,"column":34}},"loc":{"start":{"line":32,"column":46},"end":{"line":42,"column":1}}},"1":{"name":"(anonymous_1)","decl":{"start":{"line":36,"column":29},"end":{"line":36,"column":30}},"loc":{"start":{"line":36,"column":45},"end":{"line":36,"column":72}}}},"branchMap":{"0":{"loc":{"start":{"line":36,"column":4},"end":{"line":38,"column":5}},"type":"if","locations":[{"start":{"line":36,"column":4},"end":{"line":38,"column":5}}]}},"s":{"0":1,"1":1,"2":20,"3":20,"4":10087,"5":505047,"6":161,"7":20},"f":{"0":20,"1":505047},"b":{"0":[161]}}
,"/home/runner/work/ts-functions-library/ts-functions-library/arrayFunctions/flattenArray.ts": {"path":"/home/runner/work/ts-functions-library/ts-functions-library/arrayFunctions/flattenArray.ts","statementMap":{"0":{"start":{"line":29,"column":0},"end":{"line":29,"column":16}},"1":{"start":{"line":30,"column":2},"end":{"line":33,"column":4}},"2":{"start":{"line":31,"column":18},"end":{"line":31,"column":74}}},"fnMap":{"0":{"name":"flattenArray","decl":{"start":{"line":29,"column":16},"end":{"line":29,"column":28}},"loc":{"start":{"line":29,"column":42},"end":{"line":34,"column":1}}},"1":{"name":"(anonymous_1)","decl":{"start":{"line":31,"column":4},"end":{"line":31,"column":5}},"loc":{"start":{"line":31,"column":18},"end":{"line":31,"column":74}}}},"branchMap":{"0":{"loc":{"start":{"line":31,"column":29},"end":{"line":31,"column":73}},"type":"cond-expr","locations":[{"start":{"line":31,"column":50},"end":{"line":31,"column":67}},{"start":{"line":31,"column":70},"end":{"line":31,"column":73}}]}},"s":{"0":1,"1":2041,"2":4089},"f":{"0":2041,"1":4089},"b":{"0":[2027,2062]}}
,"/home/runner/work/ts-functions-library/ts-functions-library/arrayFunctions/flattenArrayDepth.ts": {"path":"/home/runner/work/ts-functions-library/ts-functions-library/arrayFunctions/flattenArrayDepth.ts","statementMap":{"0":{"start":{"line":32,"column":0},"end":{"line":32,"column":16}},"1":{"start":{"line":33,"column":2},"end":{"line":41,"column":18}},"2":{"start":{"line":36,"column":10},"end":{"line":37,"column":null}}},"fnMap":{"0":{"name":"flattenArrayDepth","decl":{"start":{"line":32,"column":16},"end":{"line":32,"column":33}},"loc":{"start":{"line":32,"column":66},"end":{"line":42,"column":1}}},"1":{"name":"(anonymous_1)","decl":{"start":{"line":35,"column":8},"end":{"line":35,"column":9}},"loc":{"start":{"line":36,"column":10},"end":{"line":37,"column":null}}}},"branchMap":{"0":{"loc":{"start":{"line":32,"column":49},"end":{"line":32,"column":66}},"type":"default-arg","locations":[{"start":{"line":32,"column":65},"end":{"line":32,"column":66}}]},"1":{"loc":{"start":{"line":33,"column":9},"end":{"line":41,"column":17}},"type":"cond-expr","locations":[{"start":{"line":34,"column":6},"end":{"line":39,"column":null}},{"start":{"line":41,"column":6},"end":{"line":41,"column":17}}]},"2":{"loc":{"start":{"line":37,"column":12},"end":{"line":37,"column":72}},"type":"cond-expr","locations":[{"start":{"line":37,"column":33},"end":{"line":37,"column":66}},{"start":{"line":37,"column":69},"end":{"line":37,"column":72}}]}},"s":{"0":1,"1":2045,"2":3073},"f":{"0":2045,"1":3073},"b":{"0":[0],"1":[1031,1014],"2":[2028,1045]}}
,"/home/runner/work/ts-functions-library/ts-functions-library/arrayFunctions/generatePrimes.ts": {"path":"/home/runner/work/ts-functions-library/ts-functions-library/arrayFunctions/generatePrimes.ts","statementMap":{"0":{"start":{"line":27,"column":0},"end":{"line":27,"column":16}},"1":{"start":{"line":28,"column":2},"end":{"line":28,"column":27}},"2":{"start":{"line":28,"column":17},"end":{"line":28,"column":27}},"3":{"start":{"line":29,"column":2},"end":{"line":31,"column":3}},"4":{"start":{"line":30,"column":4},"end":{"line":30,"column":53}},"5":{"start":{"line":33,"column":27},"end":{"line":33,"column":58}},"6":{"start":{"line":34,"column":2},"end":{"line":34,"column":30}},"7":{"start":{"line":36,"column":2},"end":{"line":42,"column":3}},"8":{"start":{"line":36,"column":15},"end":{"line":36,"column":16}},"9":{"start":{"line":37,"column":4},"end":{"line":41,"column":5}},"10":{"start":{"line":38,"column":6},"end":{"line":40,"column":7}},"11":{"start":{"line":38,"column":19},"end":{"line":38,"column":24}},"12":{"start":{"line":39,"column":8},"end":{"line":39,"column":25}},"13":{"start":{"line":44,"column":27},"end":{"line":44,"column":29}},"14":{"start":{"line":45,"column":2},"end":{"line":49,"column":3}},"15":{"start":{"line":45,"column":15},"end":{"line":45,"column":16}},"16":{"start":{"line":46,"column":4},"end":{"line":48,"column":5}},"17":{"start":{"line":47,"column":6},"end":{"line":47,"column":21}},"18":{"start":{"line":51,"column":2},"end":{"line":51,"column":16}}},"fnMap":{"0":{"name":"generatePrimes","decl":{"start":{"line":27,"column":16},"end":{"line":27,"column":30}},"loc":{"start":{"line":27,"column":44},"end":{"line":52,"column":1}}}},"branchMap":{"0":{"loc":{"start":{"line":28,"column":2},"end":{"line":28,"column":27}},"type":"if","locations":[{"start":{"line":28,"column":2},"end":{"line":28,"column":27}}]},"1":{"loc":{"start":{"line":29,"column":2},"end":{"line":31,"column":3}},"type":"if","locations":[{"start":{"line":29,"column":2},"end":{"line":31,"column":3}}]},"2":{"loc":{"start":{"line":37,"column":4},"end":{"line":41,"column":5}},"type":"if","locations":[{"start":{"line":37,"column":4},"end":{"line":41,"column":5}}]},"3":{"loc":{"start":{"line":46,"column":4},"end":{"line":48,"column":5}},"type":"if","locations":[{"start":{"line":46,"column":4},"end":{"line":48,"column":5}}]}},"s":{"0":1,"1":13,"2":3,"3":10,"4":4,"5":6,"6":6,"7":6,"8":6,"9":19,"10":13,"11":13,"12":149,"13":6,"14":6,"15":6,"16":164,"17":52,"18":6},"f":{"0":13},"b":{"0":[3],"1":[4],"2":[13],"3":[52]}}
,"/home/runner/work/ts-functions-library/ts-functions-library/arrayFunctions/groupBy.ts": {"path":"/home/runner/work/ts-functions-library/ts-functions-library/arrayFunctions/groupBy.ts","statementMap":{"0":{"start":{"line":42,"column":0},"end":{"line":42,"column":16}},"1":{"start":{"line":43,"column":2},"end":{"line":53,"column":4}},"2":{"start":{"line":45,"column":23},"end":{"line":45,"column":40}},"3":{"start":{"line":46,"column":6},"end":{"line":48,"column":7}},"4":{"start":{"line":47,"column":8},"end":{"line":47,"column":31}},"5":{"start":{"line":49,"column":6},"end":{"line":49,"column":35}},"6":{"start":{"line":50,"column":6},"end":{"line":50,"column":21}}},"fnMap":{"0":{"name":"groupBy","decl":{"start":{"line":42,"column":16},"end":{"line":42,"column":23}},"loc":{"start":{"line":42,"column":49},"end":{"line":54,"column":1}}},"1":{"name":"(anonymous_1)","decl":{"start":{"line":44,"column":4},"end":{"line":44,"column":5}},"loc":{"start":{"line":44,"column":22},"end":{"line":51,"column":5}}}},"branchMap":{"0":{"loc":{"start":{"line":46,"column":6},"end":{"line":48,"column":7}},"type":"if","locations":[{"start":{"line":46,"column":6},"end":{"line":48,"column":7}}]}},"s":{"0":1,"1":11,"2":1027,"3":1027,"4":28,"5":1027,"6":1027},"f":{"0":11,"1":1027},"b":{"0":[28]}}
,"/home/runner/work/ts-functions-library/ts-functions-library/arrayFunctions/joinStrings.ts": {"path":"/home/runner/work/ts-functions-library/ts-functions-library/arrayFunctions/joinStrings.ts","statementMap":{"0":{"start":{"line":32,"column":0},"end":{"line":32,"column":16}},"1":{"start":{"line":33,"column":2},"end":{"line":35,"column":21}},"2":{"start":{"line":34,"column":20},"end":{"line":34,"column":70}}},"fnMap":{"0":{"name":"joinStrings","decl":{"start":{"line":32,"column":16},"end":{"line":32,"column":27}},"loc":{"start":{"line":32,"column":57},"end":{"line":36,"column":1}}},"1":{"name":"(anonymous_1)","decl":{"start":{"line":34,"column":9},"end":{"line":34,"column":10}},"loc":{"start":{"line":34,"column":20},"end":{"line":34,"column":70}}}},"branchMap":{"0":{"loc":{"start":{"line":34,"column":20},"end":{"line":34,"column":70}},"type":"cond-expr","locations":[{"start":{"line":34,"column":49},"end":{"line":34,"column":55}},{"start":{"line":34,"column":58},"end":{"line":34,"column":70}}]}},"s":{"0":1,"1":20,"2":1049},"f":{"0":20,"1":1049},"b":{"0":[2,1047]}}
,"/home/runner/work/ts-functions-library/ts-functions-library/arrayFunctions/mergeUnique.ts": {"path":"/home/runner/work/ts-functions-library/ts-functions-library/arrayFunctions/mergeUnique.ts","statementMap":{"0":{"start":{"line":35,"column":0},"end":{"line":35,"column":16}},"1":{"start":{"line":1,"column":0},"end":{"line":1,"column":57}},"2":{"start":{"line":36,"column":22},"end":{"line":36,"column":24}},"3":{"start":{"line":38,"column":20},"end":{"line":44,"column":3}},"4":{"start":{"line":39,"column":4},"end":{"line":43,"column":7}},"5":{"start":{"line":40,"column":6},"end":{"line":42,"column":7}},"6":{"start":{"line":40,"column":41},"end":{"line":40,"column":70}},"7":{"start":{"line":41,"column":8},"end":{"line":41,"column":26}},"8":{"start":{"line":46,"column":2},"end":{"line":46,"column":18}},"9":{"start":{"line":47,"column":2},"end":{"line":47,"column":18}},"10":{"start":{"line":49,"column":2},"end":{"line":49,"column":16}}},"fnMap":{"0":{"name":"mergeUnique","decl":{"start":{"line":35,"column":16},"end":{"line":35,"column":27}},"loc":{"start":{"line":35,"column":51},"end":{"line":50,"column":1}}},"1":{"name":"(anonymous_1)","decl":{"start":{"line":38,"column":20},"end":{"line":38,"column":21}},"loc":{"start":{"line":38,"column":33},"end":{"line":44,"column":3}}},"2":{"name":"(anonymous_2)","decl":{"start":{"line":39,"column":16},"end":{"line":39,"column":17}},"loc":{"start":{"line":39,"column":25},"end":{"line":43,"column":5}}},"3":{"name":"(anonymous_3)","decl":{"start":{"line":40,"column":23},"end":{"line":40,"column":24}},"loc":{"start":{"line":40,"column":41},"end":{"line":40,"column":70}}}},"branchMap":{"0":{"loc":{"start":{"line":40,"column":6},"end":{"line":42,"column":7}},"type":"if","locations":[{"start":{"line":40,"column":6},"end":{"line":42,"column":7}}]}},"s":{"0":1,"1":1,"2":25,"3":25,"4":50,"5":138,"6":292,"7":113,"8":25,"9":25,"10":25},"f":{"0":25,"1":50,"2":138,"3":292},"b":{"0":[113]}}
,"/home/runner/work/ts-functions-library/ts-functions-library/arrayFunctions/removeByCondition.ts": {"path":"/home/runner/work/ts-functions-library/ts-functions-library/arrayFunctions/removeByCondition.ts","statementMap":{"0":{"start":{"line":36,"column":0},"end":{"line":36,"column":16}},"1":{"start":{"line":40,"column":2},"end":{"line":40,"column":50}},"2":{"start":{"line":40,"column":31},"end":{"line":40,"column":48}}},"fnMap":{"0":{"name":"removeByCondition","decl":{"start":{"line":36,"column":16},"end":{"line":36,"column":33}},"loc":{"start":{"line":38,"column":34},"end":{"line":41,"column":1}}},"1":{"name":"(anonymous_1)","decl":{"start":{"line":40,"column":20},"end":{"line":40,"column":21}},"loc":{"start":{"line":40,"column":31},"end":{"line":40,"column":48}}}},"branchMap":{},"s":{"0":1,"1":20,"2":74},"f":{"0":20,"1":74},"b":{}}
,"/home/runner/work/ts-functions-library/ts-functions-library/arrayFunctions/removeByIndex.ts": {"path":"/home/runner/work/ts-functions-library/ts-functions-library/arrayFunctions/removeByIndex.ts","statementMap":{"0":{"start":{"line":30,"column":0},"end":{"line":30,"column":16}},"1":{"start":{"line":31,"column":2},"end":{"line":31,"column":60}},"2":{"start":{"line":31,"column":34},"end":{"line":31,"column":58}}},"fnMap":{"0":{"name":"removeByIndex","decl":{"start":{"line":30,"column":16},"end":{"line":30,"column":29}},"loc":{"start":{"line":30,"column":60},"end":{"line":32,"column":1}}},"1":{"name":"(anonymous_1)","decl":{"start":{"line":31,"column":20},"end":{"line":31,"column":21}},"loc":{"start":{"line":31,"column":34},"end":{"line":31,"column":58}}}},"branchMap":{},"s":{"0":1,"1":25,"2":95},"f":{"0":25,"1":95},"b":{}}
,"/home/runner/work/ts-functions-library/ts-functions-library/arrayFunctions/removeDuplicates.ts": {"path":"/home/runner/work/ts-functions-library/ts-functions-library/arrayFunctions/removeDuplicates.ts","statementMap":{"0":{"start":{"line":32,"column":0},"end":{"line":32,"column":16}},"1":{"start":{"line":1,"column":0},"end":{"line":1,"column":57}},"2":{"start":{"line":33,"column":27},"end":{"line":33,"column":29}},"3":{"start":{"line":34,"column":2},"end":{"line":38,"column":5}},"4":{"start":{"line":35,"column":4},"end":{"line":37,"column":5}},"5":{"start":{"line":35,"column":44},"end":{"line":35,"column":73}},"6":{"start":{"line":36,"column":6},"end":{"line":36,"column":29}},"7":{"start":{"line":39,"column":2},"end":{"line":39,"column":21}}},"fnMap":{"0":{"name":"removeDuplicates","decl":{"start":{"line":32,"column":16},"end":{"line":32,"column":32}},"loc":{"start":{"line":32,"column":44},"end":{"line":40,"column":1}}},"1":{"name":"(anonymous_1)","decl":{"start":{"line":34,"column":14},"end":{"line":34,"column":15}},"loc":{"start":{"line":34,"column":23},"end":{"line":38,"column":3}}},"2":{"name":"(anonymous_2)","decl":{"start":{"line":35,"column":26},"end":{"line":35,"column":27}},"loc":{"start":{"line":35,"column":44},"end":{"line":35,"column":73}}}},"branchMap":{"0":{"loc":{"start":{"line":35,"column":4},"end":{"line":37,"column":5}},"type":"if","locations":[{"start":{"line":35,"column":4},"end":{"line":37,"column":5}}]}},"s":{"0":1,"1":1,"2":25,"3":25,"4":123,"5":171,"6":80,"7":25},"f":{"0":25,"1":123,"2":171},"b":{"0":[80]}}
,"/home/runner/work/ts-functions-library/ts-functions-library/arrayFunctions/removeFalsyValues.ts": {"path":"/home/runner/work/ts-functions-library/ts-functions-library/arrayFunctions/removeFalsyValues.ts","statementMap":{"0":{"start":{"line":30,"column":0},"end":{"line":30,"column":16}},"1":{"start":{"line":33,"column":2},"end":{"line":46,"column":4}},"2":{"start":{"line":37,"column":6},"end":{"line":44,"column":8}}},"fnMap":{"0":{"name":"removeFalsyValues","decl":{"start":{"line":30,"column":16},"end":{"line":30,"column":33}},"loc":{"start":{"line":31,"column":12},"end":{"line":47,"column":1}}},"1":{"name":"(anonymous_1)","decl":{"start":{"line":34,"column":4},"end":{"line":34,"column":null}},"loc":{"start":{"line":36,"column":77},"end":{"line":45,"column":5}}}},"branchMap":{"0":{"loc":{"start":{"line":38,"column":8},"end":{"line":43,"column":35}},"type":"binary-expr","locations":[{"start":{"line":38,"column":8},"end":{"line":38,"column":23}},{"start":{"line":39,"column":8},"end":{"line":39,"column":19}},{"start":{"line":40,"column":8},"end":{"line":40,"column":20}},{"start":{"line":41,"column":8},"end":{"line":41,"column":22}},{"start":{"line":42,"column":8},"end":{"line":42,"column":27}},{"start":{"line":43,"column":8},"end":{"line":43,"column":35}}]}},"s":{"0":1,"1":24,"2":153},"f":{"0":24,"1":153},"b":{"0":[153,136,132,128,106,86]}}
,"/home/runner/work/ts-functions-library/ts-functions-library/arrayFunctions/rotateArrayLeft.ts": {"path":"/home/runner/work/ts-functions-library/ts-functions-library/arrayFunctions/rotateArrayLeft.ts","statementMap":{"0":{"start":{"line":31,"column":0},"end":{"line":31,"column":16}},"1":{"start":{"line":32,"column":14},"end":{"line":32,"column":24}},"2":{"start":{"line":33,"column":2},"end":{"line":33,"column":28}},"3":{"start":{"line":33,"column":17},"end":{"line":33,"column":28}},"4":{"start":{"line":36,"column":2},"end":{"line":36,"column":46}},"5":{"start":{"line":38,"column":2},"end":{"line":38,"column":62}}},"fnMap":{"0":{"name":"rotateArrayLeft","decl":{"start":{"line":31,"column":16},"end":{"line":31,"column":31}},"loc":{"start":{"line":31,"column":62},"end":{"line":39,"column":1}}}},"branchMap":{"0":{"loc":{"start":{"line":33,"column":2},"end":{"line":33,"column":28}},"type":"if","locations":[{"start":{"line":33,"column":2},"end":{"line":33,"column":28}}]}},"s":{"0":1,"1":20,"2":20,"3":1,"4":19,"5":19},"f":{"0":20},"b":{"0":[1]}}
,"/home/runner/work/ts-functions-library/ts-functions-library/arrayFunctions/rotateArrayRight.ts": {"path":"/home/runner/work/ts-functions-library/ts-functions-library/arrayFunctions/rotateArrayRight.ts","statementMap":{"0":{"start":{"line":31,"column":0},"end":{"line":31,"column":16}},"1":{"start":{"line":32,"column":14},"end":{"line":32,"column":24}},"2":{"start":{"line":33,"column":2},"end":{"line":33,"column":28}},"3":{"start":{"line":33,"column":17},"end":{"line":33,"column":28}},"4":{"start":{"line":36,"column":2},"end":{"line":36,"column":46}},"5":{"start":{"line":38,"column":2},"end":{"line":38,"column":64}}},"fnMap":{"0":{"name":"rotateArrayRight","decl":{"start":{"line":31,"column":16},"end":{"line":31,"column":32}},"loc":{"start":{"line":31,"column":63},"end":{"line":39,"column":1}}}},"branchMap":{"0":{"loc":{"start":{"line":33,"column":2},"end":{"line":33,"column":28}},"type":"if","locations":[{"start":{"line":33,"column":2},"end":{"line":33,"column":28}}]}},"s":{"0":1,"1":20,"2":20,"3":1,"4":19,"5":19},"f":{"0":20},"b":{"0":[1]}}
,"/home/runner/work/ts-functions-library/ts-functions-library/arrayFunctions/shuffleArray.ts": {"path":"/home/runner/work/ts-functions-library/ts-functions-library/arrayFunctions/shuffleArray.ts","statementMap":{"0":{"start":{"line":33,"column":0},"end":{"line":33,"column":16}},"1":{"start":{"line":34,"column":19},"end":{"line":34,"column":27}},"2":{"start":{"line":35,"column":2},"end":{"line":38,"column":3}},"3":{"start":{"line":35,"column":15},"end":{"line":35,"column":34}},"4":{"start":{"line":36,"column":14},"end":{"line":36,"column":49}},"5":{"start":{"line":37,"column":4},"end":{"line":37,"column":60}},"6":{"start":{"line":39,"column":2},"end":{"line":39,"column":18}}},"fnMap":{"0":{"name":"shuffleArray","decl":{"start":{"line":33,"column":16},"end":{"line":33,"column":28}},"loc":{"start":{"line":33,"column":40},"end":{"line":40,"column":1}}}},"branchMap":{},"s":{"0":1,"1":20,"2":20,"3":20,"4":54,"5":54,"6":20},"f":{"0":20},"b":{}}
,"/home/runner/work/ts-functions-library/ts-functions-library/arrayFunctions/sortBy.ts": {"path":"/home/runner/work/ts-functions-library/ts-functions-library/arrayFunctions/sortBy.ts","statementMap":{"0":{"start":{"line":41,"column":0},"end":{"line":41,"column":16}},"1":{"start":{"line":42,"column":2},"end":{"line":69,"column":5}},"2":{"start":{"line":43,"column":19},"end":{"line":43,"column":25}},"3":{"start":{"line":44,"column":19},"end":{"line":44,"column":25}},"4":{"start":{"line":46,"column":4},"end":{"line":48,"column":5}},"5":{"start":{"line":47,"column":6},"end":{"line":47,"column":49}},"6":{"start":{"line":50,"column":4},"end":{"line":52,"column":5}},"7":{"start":{"line":51,"column":6},"end":{"line":51,"column":42}},"8":{"start":{"line":54,"column":4},"end":{"line":56,"column":5}},"9":{"start":{"line":55,"column":6},"end":{"line":55,"column":29}},"10":{"start":{"line":58,"column":4},"end":{"line":60,"column":5}},"11":{"start":{"line":59,"column":6},"end":{"line":59,"column":53}},"12":{"start":{"line":62,"column":4},"end":{"line":64,"column":5}},"13":{"start":{"line":63,"column":6},"end":{"line":63,"column":60}},"14":{"start":{"line":66,"column":4},"end":{"line":68,"column":6}}},"fnMap":{"0":{"name":"sortBy","decl":{"start":{"line":41,"column":16},"end":{"line":41,"column":22}},"loc":{"start":{"line":41,"column":48},"end":{"line":70,"column":1}}},"1":{"name":"(anonymous_1)","decl":{"start":{"line":42,"column":26},"end":{"line":42,"column":27}},"loc":{"start":{"line":42,"column":35},"end":{"line":69,"column":3}}}},"branchMap":{"0":{"loc":{"start":{"line":46,"column":4},"end":{"line":48,"column":5}},"type":"if","locations":[{"start":{"line":46,"column":4},"end":{"line":48,"column":5}}]},"1":{"loc":{"start":{"line":46,"column":8},"end":{"line":46,"column":56}},"type":"binary-expr","locations":[{"start":{"line":46,"column":8},"end":{"line":46,"column":30}},{"start":{"line":46,"column":34},"end":{"line":46,"column":56}}]},"2":{"loc":{"start":{"line":50,"column":4},"end":{"line":52,"column":5}},"type":"if","locations":[{"start":{"line":50,"column":4},"end":{"line":52,"column":5}}]},"3":{"loc":{"start":{"line":50,"column":8},"end":{"line":50,"column":64}},"type":"binary-expr","locations":[{"start":{"line":50,"column":8},"end":{"line":50,"column":34}},{"start":{"line":50,"column":38},"end":{"line":50,"column":64}}]},"4":{"loc":{"start":{"line":54,"column":4},"end":{"line":56,"column":5}},"type":"if","locations":[{"start":{"line":54,"column":4},"end":{"line":56,"column":5}}]},"5":{"loc":{"start":{"line":54,"column":8},"end":{"line":54,"column":64}},"type":"binary-expr","locations":[{"start":{"line":54,"column":8},"end":{"line":54,"column":34}},{"start":{"line":54,"column":38},"end":{"line":54,"column":64}}]},"6":{"loc":{"start":{"line":58,"column":4},"end":{"line":60,"column":5}},"type":"if","locations":[{"start":{"line":58,"column":4},"end":{"line":60,"column":5}}]},"7":{"loc":{"start":{"line":58,"column":8},"end":{"line":58,"column":66}},"type":"binary-expr","locations":[{"start":{"line":58,"column":8},"end":{"line":58,"column":35}},{"start":{"line":58,"column":39},"end":{"line":58,"column":66}}]},"8":{"loc":{"start":{"line":59,"column":13},"end":{"line":59,"column":52}},"type":"cond-expr","locations":[{"start":{"line":59,"column":33},"end":{"line":59,"column":34}},{"start":{"line":59,"column":37},"end":{"line":59,"column":52}}]},"9":{"loc":{"start":{"line":59,"column":37},"end":{"line":59,"column":52}},"type":"cond-expr","locations":[{"start":{"line":59,"column":46},"end":{"line":59,"column":48}},{"start":{"line":59,"column":51},"end":{"line":59,"column":52}}]},"10":{"loc":{"start":{"line":62,"column":4},"end":{"line":64,"column":5}},"type":"if","locations":[{"start":{"line":62,"column":4},"end":{"line":64,"column":5}}]},"11":{"loc":{"start":{"line":62,"column":8},"end":{"line":62,"column":64}},"type":"binary-expr","locations":[{"start":{"line":62,"column":8},"end":{"line":62,"column":34}},{"start":{"line":62,"column":38},"end":{"line":62,"column":64}}]},"12":{"loc":{"start":{"line":63,"column":13},"end":{"line":63,"column":59}},"type":"cond-expr","locations":[{"start":{"line":63,"column":31},"end":{"line":63,"column":32}},{"start":{"line":63,"column":35},"end":{"line":63,"column":59}}]},"13":{"loc":{"start":{"line":63,"column":35},"end":{"line":63,"column":59}},"type":"cond-expr","locations":[{"start":{"line":63,"column":53},"end":{"line":63,"column":55}},{"start":{"line":63,"column":58},"end":{"line":63,"column":59}}]}},"s":{"0":1,"1":8,"2":20,"3":20,"4":20,"5":4,"6":16,"7":4,"8":12,"9":4,"10":8,"11":3,"12":5,"13":4,"14":1},"f":{"0":8,"1":20},"b":{"0":[4],"1":[20,4],"2":[4],"3":[16,4],"4":[4],"5":[12,4],"6":[3],"7":[8,3],"8":[1,2],"9":[1,1],"10":[4],"11":[5,4],"12":[2,2],"13":[2,0]}}
,"/home/runner/work/ts-functions-library/ts-functions-library/arrayFunctions/sumArrayElements.ts": {"path":"/home/runner/work/ts-functions-library/ts-functions-library/arrayFunctions/sumArrayElements.ts","statementMap":{"0":{"start":{"line":29,"column":0},"end":{"line":29,"column":16}},"1":{"start":{"line":30,"column":2},"end":{"line":30,"column":48}},"2":{"start":{"line":30,"column":34},"end":{"line":30,"column":43}}},"fnMap":{"0":{"name":"sumArrayElements","decl":{"start":{"line":29,"column":16},"end":{"line":29,"column":32}},"loc":{"start":{"line":29,"column":46},"end":{"line":31,"column":1}}},"1":{"name":"(anonymous_1)","decl":{"start":{"line":30,"column":20},"end":{"line":30,"column":21}},"loc":{"start":{"line":30,"column":34},"end":{"line":30,"column":43}}}},"branchMap":{},"s":{"0":4,"1":93,"2":285},"f":{"0":93,"1":285},"b":{}}
,"/home/runner/work/ts-functions-library/ts-functions-library/arrayFunctions/uniqueElementsWithCounts.ts": {"path":"/home/runner/work/ts-functions-library/ts-functions-library/arrayFunctions/uniqueElementsWithCounts.ts","statementMap":{"0":{"start":{"line":35,"column":0},"end":{"line":35,"column":16}},"1":{"start":{"line":1,"column":0},"end":{"line":1,"column":57}},"2":{"start":{"line":38,"column":50},"end":{"line":38,"column":52}},"3":{"start":{"line":39,"column":2},"end":{"line":46,"column":5}},"4":{"start":{"line":40,"column":21},"end":{"line":40,"column":75}},"5":{"start":{"line":40,"column":44},"end":{"line":40,"column":74}},"6":{"start":{"line":41,"column":4},"end":{"line":45,"column":5}},"7":{"start":{"line":42,"column":6},"end":{"line":42,"column":23}},"8":{"start":{"line":44,"column":6},"end":{"line":44,"column":47}},"9":{"start":{"line":47,"column":2},"end":{"line":47,"column":16}}},"fnMap":{"0":{"name":"uniqueElementsWithCounts","decl":{"start":{"line":35,"column":16},"end":{"line":35,"column":40}},"loc":{"start":{"line":36,"column":10},"end":{"line":48,"column":1}}},"1":{"name":"(anonymous_1)","decl":{"start":{"line":39,"column":14},"end":{"line":39,"column":15}},"loc":{"start":{"line":39,"column":23},"end":{"line":46,"column":3}}},"2":{"name":"(anonymous_2)","decl":{"start":{"line":40,"column":33},"end":{"line":40,"column":34}},"loc":{"start":{"line":40,"column":44},"end":{"line":40,"column":74}}}},"branchMap":{"0":{"loc":{"start":{"line":41,"column":4},"end":{"line":45,"column":5}},"type":"if","locations":[{"start":{"line":41,"column":4},"end":{"line":45,"column":5}},{"start":{"line":43,"column":11},"end":{"line":45,"column":5}}]}},"s":{"0":1,"1":1,"2":18,"3":18,"4":71,"5":96,"6":71,"7":28,"8":43,"9":18},"f":{"0":18,"1":71,"2":96},"b":{"0":[28,43]}}
,"/home/runner/work/ts-functions-library/ts-functions-library/arrayFunctions/zipMultiple.ts": {"path":"/home/runner/work/ts-functions-library/ts-functions-library/arrayFunctions/zipMultiple.ts","statementMap":{"0":{"start":{"line":39,"column":0},"end":{"line":39,"column":16}},"1":{"start":{"line":40,"column":20},"end":{"line":40,"column":64}},"2":{"start":{"line":40,"column":52},"end":{"line":40,"column":62}},"3":{"start":{"line":41,"column":26},"end":{"line":41,"column":28}},"4":{"start":{"line":42,"column":2},"end":{"line":44,"column":3}},"5":{"start":{"line":42,"column":15},"end":{"line":42,"column":16}},"6":{"start":{"line":43,"column":4},"end":{"line":43,"column":45}},"7":{"start":{"line":43,"column":36},"end":{"line":43,"column":42}},"8":{"start":{"line":45,"column":2},"end":{"line":45,"column":16}}},"fnMap":{"0":{"name":"zipMultiple","decl":{"start":{"line":39,"column":16},"end":{"line":39,"column":27}},"loc":{"start":{"line":39,"column":46},"end":{"line":46,"column":1}}},"1":{"name":"(anonymous_1)","decl":{"start":{"line":40,"column":43},"end":{"line":40,"column":44}},"loc":{"start":{"line":40,"column":52},"end":{"line":40,"column":62}}},"2":{"name":"(anonymous_2)","decl":{"start":{"line":43,"column":27},"end":{"line":43,"column":28}},"loc":{"start":{"line":43,"column":36},"end":{"line":43,"column":42}}}},"branchMap":{},"s":{"0":1,"1":20,"2":60,"3":20,"4":20,"5":20,"6":38,"7":114,"8":20},"f":{"0":20,"1":60,"2":114},"b":{}}
,"/home/runner/work/ts-functions-library/ts-functions-library/dateFunctions/addDays.ts": {"path":"/home/runner/work/ts-functions-library/ts-functions-library/dateFunctions/addDays.ts","statementMap":{"0":{"start":{"line":18,"column":0},"end":{"line":18,"column":16}},"1":{"start":{"line":19,"column":2},"end":{"line":21,"column":3}},"2":{"start":{"line":20,"column":4},"end":{"line":20,"column":36}},"3":{"start":{"line":22,"column":2},"end":{"line":24,"column":3}},"4":{"start":{"line":23,"column":4},"end":{"line":23,"column":45}},"5":{"start":{"line":26,"column":17},"end":{"line":26,"column":31}},"6":{"start":{"line":27,"column":2},"end":{"line":27,"column":42}},"7":{"start":{"line":28,"column":2},"end":{"line":28,"column":16}}},"fnMap":{"0":{"name":"addDays","decl":{"start":{"line":18,"column":16},"end":{"line":18,"column":23}},"loc":{"start":{"line":18,"column":48},"end":{"line":29,"column":1}}}},"branchMap":{"0":{"loc":{"start":{"line":19,"column":2},"end":{"line":21,"column":3}},"type":"if","locations":[{"start":{"line":19,"column":2},"end":{"line":21,"column":3}}]},"1":{"loc":{"start":{"line":22,"column":2},"end":{"line":24,"column":3}},"type":"if","locations":[{"start":{"line":22,"column":2},"end":{"line":24,"column":3}}]}},"s":{"0":1,"1":13,"2":2,"3":11,"4":1,"5":10,"6":10,"7":10},"f":{"0":13},"b":{"0":[2],"1":[1]}}
,"/home/runner/work/ts-functions-library/ts-functions-library/dateFunctions/addMonths.ts": {"path":"/home/runner/work/ts-functions-library/ts-functions-library/dateFunctions/addMonths.ts","statementMap":{"0":{"start":{"line":18,"column":0},"end":{"line":18,"column":16}},"1":{"start":{"line":19,"column":2},"end":{"line":21,"column":3}},"2":{"start":{"line":20,"column":4},"end":{"line":20,"column":36}},"3":{"start":{"line":22,"column":2},"end":{"line":24,"column":3}},"4":{"start":{"line":23,"column":4},"end":{"line":23,"column":47}},"5":{"start":{"line":26,"column":17},"end":{"line":26,"column":31}},"6":{"start":{"line":27,"column":2},"end":{"line":27,"column":46}},"7":{"start":{"line":28,"column":2},"end":{"line":28,"column":16}}},"fnMap":{"0":{"name":"addMonths","decl":{"start":{"line":18,"column":16},"end":{"line":18,"column":25}},"loc":{"start":{"line":18,"column":52},"end":{"line":29,"column":1}}}},"branchMap":{"0":{"loc":{"start":{"line":19,"column":2},"end":{"line":21,"column":3}},"type":"if","locations":[{"start":{"line":19,"column":2},"end":{"line":21,"column":3}}]},"1":{"loc":{"start":{"line":22,"column":2},"end":{"line":24,"column":3}},"type":"if","locations":[{"start":{"line":22,"column":2},"end":{"line":24,"column":3}}]}},"s":{"0":1,"1":13,"2":2,"3":11,"4":1,"5":10,"6":10,"7":10},"f":{"0":13},"b":{"0":[2],"1":[1]}}
,"/home/runner/work/ts-functions-library/ts-functions-library/dateFunctions/businessDaysBetween.ts": {"path":"/home/runner/work/ts-functions-library/ts-functions-library/dateFunctions/businessDaysBetween.ts","statementMap":{"0":{"start":{"line":15,"column":0},"end":{"line":15,"column":16}},"1":{"start":{"line":16,"column":2},"end":{"line":18,"column":3}},"2":{"start":{"line":17,"column":4},"end":{"line":17,"column":36}},"3":{"start":{"line":20,"column":2},"end":{"line":22,"column":3}},"4":{"start":{"line":21,"column":4},"end":{"line":21,"column":58}},"5":{"start":{"line":24,"column":14},"end":{"line":24,"column":15}},"6":{"start":{"line":25,"column":22},"end":{"line":25,"column":37}},"7":{"start":{"line":27,"column":2},"end":{"line":34,"column":3}},"8":{"start":{"line":28,"column":22},"end":{"line":28,"column":42}},"9":{"start":{"line":29,"column":4},"end":{"line":32,"column":5}},"10":{"start":{"line":31,"column":6},"end":{"line":31,"column":14}},"11":{"start":{"line":33,"column":4},"end":{"line":33,"column":51}},"12":{"start":{"line":36,"column":2},"end":{"line":36,"column":15}}},"fnMap":{"0":{"name":"businessDaysBetween","decl":{"start":{"line":15,"column":16},"end":{"line":15,"column":35}},"loc":{"start":{"line":15,"column":58},"end":{"line":37,"column":1}}}},"branchMap":{"0":{"loc":{"start":{"line":16,"column":2},"end":{"line":18,"column":3}},"type":"if","locations":[{"start":{"line":16,"column":2},"end":{"line":18,"column":3}}]},"1":{"loc":{"start":{"line":16,"column":6},"end":{"line":16,"column":52}},"type":"binary-expr","locations":[{"start":{"line":16,"column":6},"end":{"line":16,"column":28}},{"start":{"line":16,"column":32},"end":{"line":16,"column":52}}]},"2":{"loc":{"start":{"line":20,"column":2},"end":{"line":22,"column":3}},"type":"if","locations":[{"start":{"line":20,"column":2},"end":{"line":22,"column":3}}]},"3":{"loc":{"start":{"line":29,"column":4},"end":{"line":32,"column":5}},"type":"if","locations":[{"start":{"line":29,"column":4},"end":{"line":32,"column":5}}]},"4":{"loc":{"start":{"line":29,"column":8},"end":{"line":29,"column":42}},"type":"binary-expr","locations":[{"start":{"line":29,"column":8},"end":{"line":29,"column":23}},{"start":{"line":29,"column":27},"end":{"line":29,"column":42}}]}},"s":{"0":1,"1":13,"2":4,"3":9,"4":1,"5":8,"6":8,"7":8,"8":45,"9":45,"10":35,"11":45,"12":8},"f":{"0":13},"b":{"0":[4],"1":[13,11],"2":[1],"3":[35],"4":[45,40]}}
,"/home/runner/work/ts-functions-library/ts-functions-library/dateFunctions/calculateAge.ts": {"path":"/home/runner/work/ts-functions-library/ts-functions-library/dateFunctions/calculateAge.ts","statementMap":{"0":{"start":{"line":13,"column":0},"end":{"line":13,"column":16}},"1":{"start":{"line":14,"column":2},"end":{"line":16,"column":3}},"2":{"start":{"line":15,"column":4},"end":{"line":15,"column":45}},"3":{"start":{"line":18,"column":16},"end":{"line":18,"column":26}},"4":{"start":{"line":19,"column":12},"end":{"line":19,"column":51}},"5":{"start":{"line":20,"column":26},"end":{"line":20,"column":59}},"6":{"start":{"line":21,"column":24},"end":{"line":21,"column":55}},"7":{"start":{"line":24,"column":2},"end":{"line":26,"column":3}},"8":{"start":{"line":25,"column":4},"end":{"line":25,"column":10}},"9":{"start":{"line":28,"column":2},"end":{"line":30,"column":3}},"10":{"start":{"line":29,"column":4},"end":{"line":29,"column":54}},"11":{"start":{"line":32,"column":2},"end":{"line":32,"column":13}}},"fnMap":{"0":{"name":"calculateAge","decl":{"start":{"line":13,"column":16},"end":{"line":13,"column":28}},"loc":{"start":{"line":13,"column":38},"end":{"line":33,"column":1}}}},"branchMap":{"0":{"loc":{"start":{"line":14,"column":2},"end":{"line":16,"column":3}},"type":"if","locations":[{"start":{"line":14,"column":2},"end":{"line":16,"column":3}}]},"1":{"loc":{"start":{"line":24,"column":2},"end":{"line":26,"column":3}},"type":"if","locations":[{"start":{"line":24,"column":2},"end":{"line":26,"column":3}}]},"2":{"loc":{"start":{"line":24,"column":6},"end":{"line":24,"column":73}},"type":"binary-expr","locations":[{"start":{"line":24,"column":6},"end":{"line":24,"column":25}},{"start":{"line":24,"column":30},"end":{"line":24,"column":51}},{"start":{"line":24,"column":55},"end":{"line":24,"column":72}}]},"3":{"loc":{"start":{"line":28,"column":2},"end":{"line":30,"column":3}},"type":"if","locations":[{"start":{"line":28,"column":2},"end":{"line":30,"column":3}}]}},"s":{"0":1,"1":12,"2":2,"3":10,"4":10,"5":10,"6":10,"7":10,"8":4,"9":10,"10":1,"11":9},"f":{"0":12},"b":{"0":[2],"1":[4],"2":[10,6,1],"3":[1]}}
,"/home/runner/work/ts-functions-library/ts-functions-library/dateFunctions/compareDates.ts": {"path":"/home/runner/work/ts-functions-library/ts-functions-library/dateFunctions/compareDates.ts","statementMap":{"0":{"start":{"line":15,"column":0},"end":{"line":15,"column":16}},"1":{"start":{"line":16,"column":2},"end":{"line":18,"column":3}},"2":{"start":{"line":17,"column":4},"end":{"line":17,"column":36}},"3":{"start":{"line":20,"column":2},"end":{"line":26,"column":3}},"4":{"start":{"line":21,"column":4},"end":{"line":21,"column":14}},"5":{"start":{"line":22,"column":9},"end":{"line":26,"column":3}},"6":{"start":{"line":23,"column":4},"end":{"line":23,"column":13}},"7":{"start":{"line":25,"column":4},"end":{"line":25,"column":13}}},"fnMap":{"0":{"name":"compareDates","decl":{"start":{"line":15,"column":16},"end":{"line":15,"column":28}},"loc":{"start":{"line":15,"column":53},"end":{"line":27,"column":1}}}},"branchMap":{"0":{"loc":{"start":{"line":16,"column":2},"end":{"line":18,"column":3}},"type":"if","locations":[{"start":{"line":16,"column":2},"end":{"line":18,"column":3}}]},"1":{"loc":{"start":{"line":16,"column":6},"end":{"line":16,"column":54}},"type":"binary-expr","locations":[{"start":{"line":16,"column":6},"end":{"line":16,"column":28}},{"start":{"line":16,"column":32},"end":{"line":16,"column":54}}]},"2":{"loc":{"start":{"line":20,"column":2},"end":{"line":26,"column":3}},"type":"if","locations":[{"start":{"line":20,"column":2},"end":{"line":26,"column":3}},{"start":{"line":22,"column":9},"end":{"line":26,"column":3}}]},"3":{"loc":{"start":{"line":22,"column":9},"end":{"line":26,"column":3}},"type":"if","locations":[{"start":{"line":22,"column":9},"end":{"line":26,"column":3}},{"start":{"line":24,"column":9},"end":{"line":26,"column":3}}]}},"s":{"0":1,"1":12,"2":4,"3":8,"4":4,"5":4,"6":2,"7":2},"f":{"0":12},"b":{"0":[4],"1":[12,10],"2":[4,4],"3":[2,2]}}
,"/home/runner/work/ts-functions-library/ts-functions-library/dateFunctions/daysBetween.ts": {"path":"/home/runner/work/ts-functions-library/ts-functions-library/dateFunctions/daysBetween.ts","statementMap":{"0":{"start":{"line":15,"column":0},"end":{"line":15,"column":16}},"1":{"start":{"line":16,"column":2},"end":{"line":18,"column":3}},"2":{"start":{"line":17,"column":4},"end":{"line":17,"column":36}},"3":{"start":{"line":20,"column":2},"end":{"line":22,"column":3}},"4":{"start":{"line":21,"column":4},"end":{"line":21,"column":75}},"5":{"start":{"line":24,"column":17},"end":{"line":24,"column":36}},"6":{"start":{"line":25,"column":21},"end":{"line":25,"column":54}},"7":{"start":{"line":26,"column":2},"end":{"line":26,"column":41}}},"fnMap":{"0":{"name":"daysBetween","decl":{"start":{"line":15,"column":16},"end":{"line":15,"column":27}},"loc":{"start":{"line":15,"column":52},"end":{"line":27,"column":1}}}},"branchMap":{"0":{"loc":{"start":{"line":16,"column":2},"end":{"line":18,"column":3}},"type":"if","locations":[{"start":{"line":16,"column":2},"end":{"line":18,"column":3}}]},"1":{"loc":{"start":{"line":16,"column":6},"end":{"line":16,"column":54}},"type":"binary-expr","locations":[{"start":{"line":16,"column":6},"end":{"line":16,"column":28}},{"start":{"line":16,"column":32},"end":{"line":16,"column":54}}]},"2":{"loc":{"start":{"line":20,"column":2},"end":{"line":22,"column":3}},"type":"if","locations":[{"start":{"line":20,"column":2},"end":{"line":22,"column":3}}]}},"s":{"0":1,"1":12,"2":4,"3":8,"4":1,"5":7,"6":7,"7":7},"f":{"0":12},"b":{"0":[4],"1":[12,10],"2":[1]}}
,"/home/runner/work/ts-functions-library/ts-functions-library/dateFunctions/daysLeftInYear.ts": {"path":"/home/runner/work/ts-functions-library/ts-functions-library/dateFunctions/daysLeftInYear.ts","statementMap":{"0":{"start":{"line":13,"column":0},"end":{"line":13,"column":16}},"1":{"start":{"line":14,"column":2},"end":{"line":16,"column":3}},"2":{"start":{"line":15,"column":4},"end":{"line":15,"column":36}},"3":{"start":{"line":18,"column":20},"end":{"line":18,"column":56}},"4":{"start":{"line":19,"column":19},"end":{"line":19,"column":55}},"5":{"start":{"line":20,"column":2},"end":{"line":20,"column":53}}},"fnMap":{"0":{"name":"daysLeftInYear","decl":{"start":{"line":13,"column":16},"end":{"line":13,"column":30}},"loc":{"start":{"line":13,"column":41},"end":{"line":21,"column":1}}}},"branchMap":{"0":{"loc":{"start":{"line":14,"column":2},"end":{"line":16,"column":3}},"type":"if","locations":[{"start":{"line":14,"column":2},"end":{"line":16,"column":3}}]}},"s":{"0":1,"1":9,"2":2,"3":7,"4":7,"5":7},"f":{"0":9},"b":{"0":[2]}}
,"/home/runner/work/ts-functions-library/ts-functions-library/dateFunctions/formatDate.ts": {"path":"/home/runner/work/ts-functions-library/ts-functions-library/dateFunctions/formatDate.ts","statementMap":{"0":{"start":{"line":19,"column":0},"end":{"line":19,"column":16}},"1":{"start":{"line":20,"column":2},"end":{"line":22,"column":3}},"2":{"start":{"line":21,"column":4},"end":{"line":21,"column":36}},"3":{"start":{"line":24,"column":26},"end":{"line":24,"column":64}},"4":{"start":{"line":25,"column":23},"end":{"line":25,"column":59}},"5":{"start":{"line":26,"column":24},"end":{"line":27,"column":null}},"6":{"start":{"line":27,"column":15},"end":{"line":27,"column":47}},"7":{"start":{"line":30,"column":2},"end":{"line":34,"column":3}},"8":{"start":{"line":31,"column":4},"end":{"line":33,"column":6}},"9":{"start":{"line":36,"column":15},"end":{"line":36,"column":33}},"10":{"start":{"line":38,"column":4},"end":{"line":40,"column":37}},"11":{"start":{"line":42,"column":41},"end":{"line":49,"column":4}},"12":{"start":{"line":51,"column":2},"end":{"line":51,"column":75}},"13":{"start":{"line":51,"column":61},"end":{"line":51,"column":73}}},"fnMap":{"0":{"name":"formatDate","decl":{"start":{"line":19,"column":16},"end":{"line":19,"column":26}},"loc":{"start":{"line":19,"column":53},"end":{"line":52,"column":1}}},"1":{"name":"(anonymous_1)","decl":{"start":{"line":27,"column":4},"end":{"line":27,"column":5}},"loc":{"start":{"line":27,"column":15},"end":{"line":27,"column":47}}},"2":{"name":"(anonymous_2)","decl":{"start":{"line":51,"column":48},"end":{"line":51,"column":49}},"loc":{"start":{"line":51,"column":61},"end":{"line":51,"column":73}}}},"branchMap":{"0":{"loc":{"start":{"line":20,"column":2},"end":{"line":22,"column":3}},"type":"if","locations":[{"start":{"line":20,"column":2},"end":{"line":22,"column":3}}]},"1":{"loc":{"start":{"line":25,"column":23},"end":{"line":25,"column":59}},"type":"binary-expr","locations":[{"start":{"line":25,"column":23},"end":{"line":25,"column":53}},{"start":{"line":25,"column":57},"end":{"line":25,"column":59}}]},"2":{"loc":{"start":{"line":30,"column":2},"end":{"line":34,"column":3}},"type":"if","locations":[{"start":{"line":30,"column":2},"end":{"line":34,"column":3}}]},"3":{"loc":{"start":{"line":38,"column":4},"end":{"line":40,"column":37}},"type":"cond-expr","locations":[{"start":{"line":39,"column":8},"end":{"line":39,"column":53}},{"start":{"line":40,"column":8},"end":{"line":40,"column":37}}]}},"s":{"0":1,"1":13,"2":2,"3":11,"4":11,"5":11,"6":40,"7":11,"8":1,"9":10,"10":10,"11":10,"12":10,"13":36},"f":{"0":13,"1":40,"2":36},"b":{"0":[2],"1":[11,1],"2":[1],"3":[1,9]}}
,"/home/runner/work/ts-functions-library/ts-functions-library/dateFunctions/getCurrentDateTimeISO.ts": {"path":"/home/runner/work/ts-functions-library/ts-functions-library/dateFunctions/getCurrentDateTimeISO.ts","statementMap":{"0":{"start":{"line":10,"column":0},"end":{"line":10,"column":16}},"1":{"start":{"line":11,"column":2},"end":{"line":11,"column":34}}},"fnMap":{"0":{"name":"getCurrentDateTimeISO","decl":{"start":{"line":10,"column":16},"end":{"line":10,"column":37}},"loc":{"start":{"line":10,"column":37},"end":{"line":12,"column":1}}}},"branchMap":{},"s":{"0":1,"1":5},"f":{"0":5},"b":{}}
,"/home/runner/work/ts-functions-library/ts-functions-library/dateFunctions/getDateParts.ts": {"path":"/home/runner/work/ts-functions-library/ts-functions-library/dateFunctions/getDateParts.ts","statementMap":{"0":{"start":{"line":12,"column":0},"end":{"line":12,"column":16}},"1":{"start":{"line":20,"column":2},"end":{"line":22,"column":3}},"2":{"start":{"line":21,"column":4},"end":{"line":21,"column":36}},"3":{"start":{"line":24,"column":2},"end":{"line":31,"column":4}}},"fnMap":{"0":{"name":"getDateParts","decl":{"start":{"line":12,"column":16},"end":{"line":12,"column":28}},"loc":{"start":{"line":12,"column":39},"end":{"line":32,"column":1}}}},"branchMap":{"0":{"loc":{"start":{"line":20,"column":2},"end":{"line":22,"column":3}},"type":"if","locations":[{"start":{"line":20,"column":2},"end":{"line":22,"column":3}}]}},"s":{"0":1,"1":7,"2":2,"3":5},"f":{"0":7},"b":{"0":[2]}}
,"/home/runner/work/ts-functions-library/ts-functions-library/dateFunctions/getDaysInMonth.ts": {"path":"/home/runner/work/ts-functions-library/ts-functions-library/dateFunctions/getDaysInMonth.ts","statementMap":{"0":{"start":{"line":13,"column":0},"end":{"line":13,"column":16}},"1":{"start":{"line":14,"column":2},"end":{"line":16,"column":3}},"2":{"start":{"line":15,"column":4},"end":{"line":15,"column":36}},"3":{"start":{"line":18,"column":15},"end":{"line":18,"column":33}},"4":{"start":{"line":19,"column":16},"end":{"line":19,"column":31}},"5":{"start":{"line":20,"column":2},"end":{"line":20,"column":48}}},"fnMap":{"0":{"name":"getDaysInMonth","decl":{"start":{"line":13,"column":16},"end":{"line":13,"column":30}},"loc":{"start":{"line":13,"column":41},"end":{"line":21,"column":1}}}},"branchMap":{"0":{"loc":{"start":{"line":14,"column":2},"end":{"line":16,"column":3}},"type":"if","locations":[{"start":{"line":14,"column":2},"end":{"line":16,"column":3}}]}},"s":{"0":1,"1":9,"2":2,"3":7,"4":7,"5":7},"f":{"0":9},"b":{"0":[2]}}
,"/home/runner/work/ts-functions-library/ts-functions-library/dateFunctions/getDaysOfWeek.ts": {"path":"/home/runner/work/ts-functions-library/ts-functions-library/dateFunctions/getDaysOfWeek.ts","statementMap":{"0":{"start":{"line":10,"column":0},"end":{"line":10,"column":16}},"1":{"start":{"line":11,"column":2},"end":{"line":19,"column":4}}},"fnMap":{"0":{"name":"getDaysOfWeek","decl":{"start":{"line":10,"column":16},"end":{"line":10,"column":29}},"loc":{"start":{"line":10,"column":29},"end":{"line":20,"column":1}}}},"branchMap":{},"s":{"0":1,"1":7},"f":{"0":7},"b":{}}
,"/home/runner/work/ts-functions-library/ts-functions-library/dateFunctions/getEndOfMonth.ts": {"path":"/home/runner/work/ts-functions-library/ts-functions-library/dateFunctions/getEndOfMonth.ts","statementMap":{"0":{"start":{"line":13,"column":0},"end":{"line":13,"column":16}},"1":{"start":{"line":14,"column":2},"end":{"line":16,"column":3}},"2":{"start":{"line":15,"column":4},"end":{"line":15,"column":36}},"3":{"start":{"line":18,"column":18},"end":{"line":18,"column":70}},"4":{"start":{"line":19,"column":2},"end":{"line":19,"column":17}}},"fnMap":{"0":{"name":"getEndOfMonth","decl":{"start":{"line":13,"column":16},"end":{"line":13,"column":29}},"loc":{"start":{"line":13,"column":40},"end":{"line":20,"column":1}}}},"branchMap":{"0":{"loc":{"start":{"line":14,"column":2},"end":{"line":16,"column":3}},"type":"if","locations":[{"start":{"line":14,"column":2},"end":{"line":16,"column":3}}]}},"s":{"0":1,"1":8,"2":2,"3":6,"4":6},"f":{"0":8},"b":{"0":[2]}}
,"/home/runner/work/ts-functions-library/ts-functions-library/dateFunctions/getEndOfWeek.ts": {"path":"/home/runner/work/ts-functions-library/ts-functions-library/dateFunctions/getEndOfWeek.ts","statementMap":{"0":{"start":{"line":14,"column":0},"end":{"line":14,"column":16}},"1":{"start":{"line":15,"column":2},"end":{"line":17,"column":3}},"2":{"start":{"line":16,"column":4},"end":{"line":16,"column":36}},"3":{"start":{"line":19,"column":2},"end":{"line":23,"column":3}},"4":{"start":{"line":20,"column":4},"end":{"line":22,"column":6}},"5":{"start":{"line":26,"column":20},"end":{"line":26,"column":33}},"6":{"start":{"line":29,"column":26},"end":{"line":29,"column":65}},"7":{"start":{"line":32,"column":24},"end":{"line":32,"column":38}},"8":{"start":{"line":33,"column":2},"end":{"line":33,"column":58}},"9":{"start":{"line":34,"column":2},"end":{"line":34,"column":42}},"10":{"start":{"line":36,"column":2},"end":{"line":36,"column":23}}},"fnMap":{"0":{"name":"getEndOfWeek","decl":{"start":{"line":14,"column":16},"end":{"line":14,"column":28}},"loc":{"start":{"line":14,"column":64},"end":{"line":37,"column":1}}}},"branchMap":{"0":{"loc":{"start":{"line":14,"column":41},"end":{"line":14,"column":64}},"type":"default-arg","locations":[{"start":{"line":14,"column":63},"end":{"line":14,"column":64}}]},"1":{"loc":{"start":{"line":15,"column":2},"end":{"line":17,"column":3}},"type":"if","locations":[{"start":{"line":15,"column":2},"end":{"line":17,"column":3}}]},"2":{"loc":{"start":{"line":19,"column":2},"end":{"line":23,"column":3}},"type":"if","locations":[{"start":{"line":19,"column":2},"end":{"line":23,"column":3}}]},"3":{"loc":{"start":{"line":19,"column":6},"end":{"line":19,"column":62}},"type":"binary-expr","locations":[{"start":{"line":19,"column":6},"end":{"line":19,"column":24}},{"start":{"line":19,"column":28},"end":{"line":19,"column":43}},{"start":{"line":19,"column":47},"end":{"line":19,"column":62}}]}},"s":{"0":2,"1":20,"2":2,"3":18,"4":2,"5":16,"6":16,"7":16,"8":16,"9":16,"10":16},"f":{"0":20},"b":{"0":[2],"1":[2],"2":[2],"3":[18,17,17]}}
,"/home/runner/work/ts-functions-library/ts-functions-library/dateFunctions/getEndOfYear.ts": {"path":"/home/runner/work/ts-functions-library/ts-functions-library/dateFunctions/getEndOfYear.ts","statementMap":{"0":{"start":{"line":13,"column":0},"end":{"line":13,"column":16}},"1":{"start":{"line":14,"column":2},"end":{"line":16,"column":3}},"2":{"start":{"line":15,"column":4},"end":{"line":15,"column":36}},"3":{"start":{"line":17,"column":2},"end":{"line":17,"column":46}}},"fnMap":{"0":{"name":"getEndOfYear","decl":{"start":{"line":13,"column":16},"end":{"line":13,"column":28}},"loc":{"start":{"line":13,"column":39},"end":{"line":18,"column":1}}}},"branchMap":{"0":{"loc":{"start":{"line":14,"column":2},"end":{"line":16,"column":3}},"type":"if","locations":[{"start":{"line":14,"column":2},"end":{"line":16,"column":3}}]}},"s":{"0":1,"1":9,"2":2,"3":7},"f":{"0":9},"b":{"0":[2]}}
,"/home/runner/work/ts-functions-library/ts-functions-library/dateFunctions/getISOWeekDate.ts": {"path":"/home/runner/work/ts-functions-library/ts-functions-library/dateFunctions/getISOWeekDate.ts","statementMap":{"0":{"start":{"line":13,"column":0},"end":{"line":13,"column":16}},"1":{"start":{"line":14,"column":2},"end":{"line":16,"column":3}},"2":{"start":{"line":15,"column":4},"end":{"line":15,"column":36}},"3":{"start":{"line":17,"column":2},"end":{"line":19,"column":3}},"4":{"start":{"line":18,"column":4},"end":{"line":18,"column":56}},"5":{"start":{"line":22,"column":19},"end":{"line":22,"column":43}},"6":{"start":{"line":23,"column":2},"end":{"line":23,"column":32}},"7":{"start":{"line":24,"column":2},"end":{"line":24,"column":75}},"8":{"start":{"line":25,"column":16},"end":{"line":25,"column":54}},"9":{"start":{"line":27,"column":4},"end":{"line":32,"column":9}},"10":{"start":{"line":35,"column":19},"end":{"line":35,"column":41}},"11":{"start":{"line":36,"column":2},"end":{"line":40,"column":3}},"12":{"start":{"line":37,"column":4},"end":{"line":37,"column":61}},"13":{"start":{"line":39,"column":4},"end":{"line":39,"column":45}},"14":{"start":{"line":41,"column":20},"end":{"line":41,"column":38}},"15":{"start":{"line":43,"column":2},"end":{"line":43,"column":72}}},"fnMap":{"0":{"name":"getISOWeekDate","decl":{"start":{"line":13,"column":16},"end":{"line":13,"column":30}},"loc":{"start":{"line":13,"column":41},"end":{"line":44,"column":1}}}},"branchMap":{"0":{"loc":{"start":{"line":14,"column":2},"end":{"line":16,"column":3}},"type":"if","locations":[{"start":{"line":14,"column":2},"end":{"line":16,"column":3}}]},"1":{"loc":{"start":{"line":17,"column":2},"end":{"line":19,"column":3}},"type":"if","locations":[{"start":{"line":17,"column":2},"end":{"line":19,"column":3}}]},"2":{"loc":{"start":{"line":36,"column":2},"end":{"line":40,"column":3}},"type":"if","locations":[{"start":{"line":36,"column":2},"end":{"line":40,"column":3}},{"start":{"line":38,"column":9},"end":{"line":40,"column":3}}]},"3":{"loc":{"start":{"line":41,"column":20},"end":{"line":41,"column":38}},"type":"binary-expr","locations":[{"start":{"line":41,"column":20},"end":{"line":41,"column":33}},{"start":{"line":41,"column":37},"end":{"line":41,"column":38}}]}},"s":{"0":1,"1":9,"2":2,"3":7,"4":1,"5":6,"6":6,"7":6,"8":6,"9":6,"10":6,"11":6,"12":0,"13":6,"14":6,"15":6},"f":{"0":9},"b":{"0":[2],"1":[1],"2":[0,6],"3":[6,4]}}
,"/home/runner/work/ts-functions-library/ts-functions-library/dateFunctions/getLastDayOfPreviousMonth.ts": {"path":"/home/runner/work/ts-functions-library/ts-functions-library/dateFunctions/getLastDayOfPreviousMonth.ts","statementMap":{"0":{"start":{"line":13,"column":0},"end":{"line":13,"column":16}},"1":{"start":{"line":14,"column":2},"end":{"line":16,"column":3}},"2":{"start":{"line":15,"column":4},"end":{"line":15,"column":36}},"3":{"start":{"line":18,"column":15},"end":{"line":18,"column":33}},"4":{"start":{"line":19,"column":16},"end":{"line":19,"column":31}},"5":{"start":{"line":20,"column":2},"end":{"line":20,"column":34}}},"fnMap":{"0":{"name":"getLastDayOfPreviousMonth","decl":{"start":{"line":13,"column":16},"end":{"line":13,"column":41}},"loc":{"start":{"line":13,"column":52},"end":{"line":21,"column":1}}}},"branchMap":{"0":{"loc":{"start":{"line":14,"column":2},"end":{"line":16,"column":3}},"type":"if","locations":[{"start":{"line":14,"column":2},"end":{"line":16,"column":3}}]}},"s":{"0":1,"1":9,"2":2,"3":7,"4":7,"5":7},"f":{"0":9},"b":{"0":[2]}}
,"/home/runner/work/ts-functions-library/ts-functions-library/dateFunctions/getNextMonth.ts": {"path":"/home/runner/work/ts-functions-library/ts-functions-library/dateFunctions/getNextMonth.ts","statementMap":{"0":{"start":{"line":13,"column":0},"end":{"line":13,"column":16}},"1":{"start":{"line":14,"column":2},"end":{"line":16,"column":3}},"2":{"start":{"line":15,"column":4},"end":{"line":15,"column":36}},"3":{"start":{"line":18,"column":17},"end":{"line":18,"column":31}},"4":{"start":{"line":19,"column":2},"end":{"line":19,"column":41}},"5":{"start":{"line":20,"column":2},"end":{"line":20,"column":16}}},"fnMap":{"0":{"name":"getNextMonth","decl":{"start":{"line":13,"column":16},"end":{"line":13,"column":28}},"loc":{"start":{"line":13,"column":39},"end":{"line":21,"column":1}}}},"branchMap":{"0":{"loc":{"start":{"line":14,"column":2},"end":{"line":16,"column":3}},"type":"if","locations":[{"start":{"line":14,"column":2},"end":{"line":16,"column":3}}]}},"s":{"0":1,"1":9,"2":2,"3":7,"4":7,"5":7},"f":{"0":9},"b":{"0":[2]}}
,"/home/runner/work/ts-functions-library/ts-functions-library/dateFunctions/getNextOccurrence.ts": {"path":"/home/runner/work/ts-functions-library/ts-functions-library/dateFunctions/getNextOccurrence.ts","statementMap":{"0":{"start":{"line":14,"column":0},"end":{"line":14,"column":16}},"1":{"start":{"line":15,"column":2},"end":{"line":17,"column":3}},"2":{"start":{"line":16,"column":4},"end":{"line":16,"column":36}},"3":{"start":{"line":19,"column":2},"end":{"line":23,"column":3}},"4":{"start":{"line":20,"column":4},"end":{"line":22,"column":6}},"5":{"start":{"line":25,"column":21},"end":{"line":25,"column":35}},"6":{"start":{"line":26,"column":21},"end":{"line":26,"column":34}},"7":{"start":{"line":27,"column":34},"end":{"line":27,"column":71}},"8":{"start":{"line":28,"column":2},"end":{"line":28,"column":63}},"9":{"start":{"line":30,"column":2},"end":{"line":30,"column":20}}},"fnMap":{"0":{"name":"getNextOccurrence","decl":{"start":{"line":14,"column":16},"end":{"line":14,"column":33}},"loc":{"start":{"line":14,"column":63},"end":{"line":31,"column":1}}}},"branchMap":{"0":{"loc":{"start":{"line":15,"column":2},"end":{"line":17,"column":3}},"type":"if","locations":[{"start":{"line":15,"column":2},"end":{"line":17,"column":3}}]},"1":{"loc":{"start":{"line":19,"column":2},"end":{"line":23,"column":3}},"type":"if","locations":[{"start":{"line":19,"column":2},"end":{"line":23,"column":3}}]},"2":{"loc":{"start":{"line":19,"column":6},"end":{"line":19,"column":56}},"type":"binary-expr","locations":[{"start":{"line":19,"column":6},"end":{"line":19,"column":22}},{"start":{"line":19,"column":26},"end":{"line":19,"column":39}},{"start":{"line":19,"column":43},"end":{"line":19,"column":56}}]},"3":{"loc":{"start":{"line":27,"column":34},"end":{"line":27,"column":71}},"type":"binary-expr","locations":[{"start":{"line":27,"column":34},"end":{"line":27,"column":66}},{"start":{"line":27,"column":70},"end":{"line":27,"column":71}}]}},"s":{"0":1,"1":12,"2":2,"3":10,"4":2,"5":8,"6":8,"7":8,"8":8,"9":8},"f":{"0":12},"b":{"0":[2],"1":[2],"2":[10,9,9],"3":[8,1]}}
,"/home/runner/work/ts-functions-library/ts-functions-library/dateFunctions/getPreviousMonth.ts": {"path":"/home/runner/work/ts-functions-library/ts-functions-library/dateFunctions/getPreviousMonth.ts","statementMap":{"0":{"start":{"line":13,"column":0},"end":{"line":13,"column":16}},"1":{"start":{"line":14,"column":2},"end":{"line":16,"column":3}},"2":{"start":{"line":15,"column":4},"end":{"line":15,"column":36}},"3":{"start":{"line":18,"column":21},"end":{"line":18,"column":35}},"4":{"start":{"line":19,"column":2},"end":{"line":19,"column":43}},"5":{"start":{"line":22,"column":2},"end":{"line":24,"column":3}},"6":{"start":{"line":23,"column":4},"end":{"line":23,"column":26}},"7":{"start":{"line":26,"column":2},"end":{"line":26,"column":20}}},"fnMap":{"0":{"name":"getPreviousMonth","decl":{"start":{"line":13,"column":16},"end":{"line":13,"column":32}},"loc":{"start":{"line":13,"column":43},"end":{"line":27,"column":1}}}},"branchMap":{"0":{"loc":{"start":{"line":14,"column":2},"end":{"line":16,"column":3}},"type":"if","locations":[{"start":{"line":14,"column":2},"end":{"line":16,"column":3}}]},"1":{"loc":{"start":{"line":22,"column":2},"end":{"line":24,"column":3}},"type":"if","locations":[{"start":{"line":22,"column":2},"end":{"line":24,"column":3}}]}},"s":{"0":1,"1":9,"2":2,"3":7,"4":7,"5":7,"6":1,"7":7},"f":{"0":9},"b":{"0":[2],"1":[1]}}
,"/home/runner/work/ts-functions-library/ts-functions-library/dateFunctions/getQuarter.ts": {"path":"/home/runner/work/ts-functions-library/ts-functions-library/dateFunctions/getQuarter.ts","statementMap":{"0":{"start":{"line":13,"column":0},"end":{"line":13,"column":16}},"1":{"start":{"line":14,"column":2},"end":{"line":16,"column":3}},"2":{"start":{"line":15,"column":4},"end":{"line":15,"column":36}},"3":{"start":{"line":18,"column":16},"end":{"line":18,"column":35}},"4":{"start":{"line":19,"column":2},"end":{"line":19,"column":30}}},"fnMap":{"0":{"name":"getQuarter","decl":{"start":{"line":13,"column":16},"end":{"line":13,"column":26}},"loc":{"start":{"line":13,"column":37},"end":{"line":20,"column":1}}}},"branchMap":{"0":{"loc":{"start":{"line":14,"column":2},"end":{"line":16,"column":3}},"type":"if","locations":[{"start":{"line":14,"column":2},"end":{"line":16,"column":3}}]}},"s":{"0":1,"1":12,"2":2,"3":10,"4":10},"f":{"0":12},"b":{"0":[2]}}
[...]
,"/home/runner/work/ts-functions-library/ts-functions-library/stringFunctions/stringToBoolean.ts": {"path":"/home/runner/work/ts-functions-library/ts-functions-library/stringFunctions/stringToBoolean.ts","statementMap":{"0":{"start":{"line":12,"column":0},"end":{"line":12,"column":16}},"1":{"start":{"line":13,"column":24},"end":{"line":13,"column":48}},"2":{"start":{"line":14,"column":2},"end":{"line":14,"column":59}}},"fnMap":{"0":{"name":"stringToBoolean","decl":{"start":{"line":12,"column":16},"end":{"line":12,"column":31}},"loc":{"start":{"line":12,"column":43},"end":{"line":15,"column":1}}}},"branchMap":{"0":{"loc":{"start":{"line":14,"column":9},"end":{"line":14,"column":58}},"type":"binary-expr","locations":[{"start":{"line":14,"column":9},"end":{"line":14,"column":33}},{"start":{"line":14,"column":37},"end":{"line":14,"column":58}}]}},"s":{"0":1,"1":15,"2":15},"f":{"0":15},"b":{"0":[15,11]}}
,"/home/runner/work/ts-functions-library/ts-functions-library/stringFunctions/stringToNumber.ts": {"path":"/home/runner/work/ts-functions-library/ts-functions-library/stringFunctions/stringToNumber.ts","statementMap":{"0":{"start":{"line":12,"column":0},"end":{"line":12,"column":16}},"1":{"start":{"line":14,"column":21},"end":{"line":14,"column":31}},"2":{"start":{"line":17,"column":2},"end":{"line":20,"column":3}},"3":{"start":{"line":19,"column":4},"end":{"line":19,"column":34}},"4":{"start":{"line":23,"column":2},"end":{"line":23,"column":13}}},"fnMap":{"0":{"name":"stringToNumber","decl":{"start":{"line":12,"column":16},"end":{"line":12,"column":30}},"loc":{"start":{"line":12,"column":42},"end":{"line":24,"column":1}}}},"branchMap":{"0":{"loc":{"start":{"line":17,"column":2},"end":{"line":20,"column":3}},"type":"if","locations":[{"start":{"line":17,"column":2},"end":{"line":20,"column":3}}]}},"s":{"0":1,"1":15,"2":15,"3":7,"4":8},"f":{"0":15},"b":{"0":[7]}}
,"/home/runner/work/ts-functions-library/ts-functions-library/stringFunctions/stringToWords.ts": {"path":"/home/runner/work/ts-functions-library/ts-functions-library/stringFunctions/stringToWords.ts","statementMap":{"0":{"start":{"line":11,"column":0},"end":{"line":11,"column":16}},"1":{"start":{"line":12,"column":2},"end":{"line":15,"column":39}},"2":{"start":{"line":15,"column":22},"end":{"line":15,"column":37}}},"fnMap":{"0":{"name":"stringToWords","decl":{"start":{"line":11,"column":16},"end":{"line":11,"column":29}},"loc":{"start":{"line":11,"column":41},"end":{"line":16,"column":1}}},"1":{"name":"(anonymous_1)","decl":{"start":{"line":15,"column":12},"end":{"line":15,"column":13}},"loc":{"start":{"line":15,"column":22},"end":{"line":15,"column":37}}}},"branchMap":{},"s":{"0":1,"1":15,"2":31},"f":{"0":15,"1":31},"b":{}}
,"/home/runner/work/ts-functions-library/ts-functions-library/stringFunctions/stripHtmlTags.ts": {"path":"/home/runner/work/ts-functions-library/ts-functions-library/stringFunctions/stripHtmlTags.ts","statementMap":{"0":{"start":{"line":11,"column":0},"end":{"line":11,"column":16}},"1":{"start":{"line":12,"column":2},"end":{"line":12,"column":44}}},"fnMap":{"0":{"name":"stripHtmlTags","decl":{"start":{"line":11,"column":16},"end":{"line":11,"column":29}},"loc":{"start":{"line":11,"column":41},"end":{"line":13,"column":1}}}},"branchMap":{},"s":{"0":1,"1":15},"f":{"0":15},"b":{}}
,"/home/runner/work/ts-functions-library/ts-functions-library/stringFunctions/toKebabCase.ts": {"path":"/home/runner/work/ts-functions-library/ts-functions-library/stringFunctions/toKebabCase.ts","statementMap":{"0":{"start":{"line":11,"column":0},"end":{"line":11,"column":16}},"1":{"start":{"line":12,"column":2},"end":{"line":18,"column":29}}},"fnMap":{"0":{"name":"toKebabCase","decl":{"start":{"line":11,"column":16},"end":{"line":11,"column":27}},"loc":{"start":{"line":11,"column":39},"end":{"line":19,"column":1}}}},"branchMap":{},"s":{"0":1,"1":15},"f":{"0":15},"b":{}}
,"/home/runner/work/ts-functions-library/ts-functions-library/stringFunctions/toLowerCase.ts": {"path":"/home/runner/work/ts-functions-library/ts-functions-library/stringFunctions/toLowerCase.ts","statementMap":{"0":{"start":{"line":11,"column":0},"end":{"line":11,"column":16}},"1":{"start":{"line":12,"column":2},"end":{"line":12,"column":27}}},"fnMap":{"0":{"name":"toLowerCase","decl":{"start":{"line":11,"column":16},"end":{"line":11,"column":27}},"loc":{"start":{"line":11,"column":39},"end":{"line":13,"column":1}}}},"branchMap":{},"s":{"0":1,"1":13},"f":{"0":13},"b":{}}
,"/home/runner/work/ts-functions-library/ts-functions-library/stringFunctions/toSnakeCase.ts": {"path":"/home/runner/work/ts-functions-library/ts-functions-library/stringFunctions/toSnakeCase.ts","statementMap":{"0":{"start":{"line":11,"column":0},"end":{"line":11,"column":16}},"1":{"start":{"line":12,"column":2},"end":{"line":18,"column":29}}},"fnMap":{"0":{"name":"toSnakeCase","decl":{"start":{"line":11,"column":16},"end":{"line":11,"column":27}},"loc":{"start":{"line":11,"column":39},"end":{"line":19,"column":1}}}},"branchMap":{},"s":{"0":1,"1":15},"f":{"0":15},"b":{}}
,"/home/runner/work/ts-functions-library/ts-functions-library/stringFunctions/toUpperCase.ts": {"path":"/home/runner/work/ts-functions-library/ts-functions-library/stringFunctions/toUpperCase.ts","statementMap":{"0":{"start":{"line":11,"column":0},"end":{"line":11,"column":16}},"1":{"start":{"line":12,"column":2},"end":{"line":12,"column":27}}},"fnMap":{"0":{"name":"toUpperCase","decl":{"start":{"line":11,"column":16},"end":{"line":11,"column":27}},"loc":{"start":{"line":11,"column":39},"end":{"line":13,"column":1}}}},"branchMap":{},"s":{"0":1,"1":13},"f":{"0":13},"b":{}}
,"/home/runner/work/ts-functions-library/ts-functions-library/stringFunctions/trimWhitespace.ts": {"path":"/home/runner/work/ts-functions-library/ts-functions-library/stringFunctions/trimWhitespace.ts","statementMap":{"0":{"start":{"line":11,"column":0},"end":{"line":11,"column":16}},"1":{"start":{"line":12,"column":2},"end":{"line":12,"column":20}}},"fnMap":{"0":{"name":"trimWhitespace","decl":{"start":{"line":11,"column":16},"end":{"line":11,"column":30}},"loc":{"start":{"line":11,"column":42},"end":{"line":13,"column":1}}}},"branchMap":{},"s":{"0":1,"1":13},"f":{"0":13},"b":{}}
,"/home/runner/work/ts-functions-library/ts-functions-library/stringFunctions/truncateString.ts": {"path":"/home/runner/work/ts-functions-library/ts-functions-library/stringFunctions/truncateString.ts","statementMap":{"0":{"start":{"line":12,"column":0},"end":{"line":12,"column":16}},"1":{"start":{"line":13,"column":2},"end":{"line":13,"column":32}},"2":{"start":{"line":13,"column":22},"end":{"line":13,"column":32}},"3":{"start":{"line":14,"column":2},"end":{"line":14,"column":42}},"4":{"start":{"line":14,"column":31},"end":{"line":14,"column":42}},"5":{"start":{"line":15,"column":2},"end":{"line":15,"column":55}},"6":{"start":{"line":15,"column":22},"end":{"line":15,"column":55}},"7":{"start":{"line":16,"column":2},"end":{"line":16,"column":45}}},"fnMap":{"0":{"name":"truncateString","decl":{"start":{"line":12,"column":16},"end":{"line":12,"column":30}},"loc":{"start":{"line":12,"column":61},"end":{"line":17,"column":1}}}},"branchMap":{"0":{"loc":{"start":{"line":13,"column":2},"end":{"line":13,"column":32}},"type":"if","locations":[{"start":{"line":13,"column":2},"end":{"line":13,"column":32}}]},"1":{"loc":{"start":{"line":14,"column":2},"end":{"line":14,"column":42}},"type":"if","locations":[{"start":{"line":14,"column":2},"end":{"line":14,"column":42}}]},"2":{"loc":{"start":{"line":15,"column":2},"end":{"line":15,"column":55}},"type":"if","locations":[{"start":{"line":15,"column":2},"end":{"line":15,"column":55}}]}},"s":{"0":1,"1":15,"2":2,"3":13,"4":2,"5":11,"6":1,"7":10},"f":{"0":15},"b":{"0":[2],"1":[2],"2":[1]}}
,"/home/runner/work/ts-functions-library/ts-functions-library/stringFunctions/uniqueCharacters.ts": {"path":"/home/runner/work/ts-functions-library/ts-functions-library/stringFunctions/uniqueCharacters.ts","statementMap":{"0":{"start":{"line":11,"column":0},"end":{"line":11,"column":16}},"1":{"start":{"line":12,"column":2},"end":{"line":12,"column":34}}},"fnMap":{"0":{"name":"uniqueCharacters","decl":{"start":{"line":11,"column":16},"end":{"line":11,"column":32}},"loc":{"start":{"line":11,"column":44},"end":{"line":13,"column":1}}}},"branchMap":{},"s":{"0":1,"1":15},"f":{"0":15},"b":{}}
,"/home/runner/work/ts-functions-library/ts-functions-library/stringFunctions/wordsToSentence.ts": {"path":"/home/runner/work/ts-functions-library/ts-functions-library/stringFunctions/wordsToSentence.ts","statementMap":{"0":{"start":{"line":13,"column":0},"end":{"line":13,"column":16}},"1":{"start":{"line":14,"column":2},"end":{"line":16,"column":3}},"2":{"start":{"line":15,"column":4},"end":{"line":15,"column":14}},"3":{"start":{"line":17,"column":2},"end":{"line":20,"column":15}},"4":{"start":{"line":18,"column":19},"end":{"line":18,"column":30}},"5":{"start":{"line":19,"column":22},"end":{"line":19,"column":33}}},"fnMap":{"0":{"name":"wordsToSentence","decl":{"start":{"line":13,"column":16},"end":{"line":13,"column":31}},"loc":{"start":{"line":13,"column":47},"end":{"line":21,"column":1}}},"1":{"name":"(anonymous_1)","decl":{"start":{"line":18,"column":9},"end":{"line":18,"column":10}},"loc":{"start":{"line":18,"column":19},"end":{"line":18,"column":30}}},"2":{"name":"(anonymous_2)","decl":{"start":{"line":19,"column":12},"end":{"line":19,"column":13}},"loc":{"start":{"line":19,"column":22},"end":{"line":19,"column":33}}}},"branchMap":{"0":{"loc":{"start":{"line":14,"column":2},"end":{"line":16,"column":3}},"type":"if","locations":[{"start":{"line":14,"column":2},"end":{"line":16,"column":3}}]},"1":{"loc":{"start":{"line":14,"column":6},"end":{"line":14,"column":49}},"type":"binary-expr","locations":[{"start":{"line":14,"column":6},"end":{"line":14,"column":27}},{"start":{"line":14,"column":31},"end":{"line":14,"column":49}}]}},"s":{"0":1,"1":15,"2":1,"3":14,"4":31,"5":31},"f":{"0":15,"1":31,"2":31},"b":{"0":[1],"1":[15,15]}}
,"/home/runner/work/ts-functions-library/ts-functions-library/utilityFunctions/bytesToSize.ts": {"path":"/home/runner/work/ts-functions-library/ts-functions-library/utilityFunctions/bytesToSize.ts","statementMap":{"0":{"start":{"line":20,"column":0},"end":{"line":20,"column":16}},"1":{"start":{"line":21,"column":16},"end":{"line":21,"column":49}},"2":{"start":{"line":22,"column":2},"end":{"line":22,"column":36}},"3":{"start":{"line":22,"column":19},"end":{"line":22,"column":36}},"4":{"start":{"line":23,"column":12},"end":{"line":23,"column":56}},"5":{"start":{"line":24,"column":2},"end":{"line":24,"column":65}}},"fnMap":{"0":{"name":"bytesToSize","decl":{"start":{"line":20,"column":16},"end":{"line":20,"column":27}},"loc":{"start":{"line":20,"column":41},"end":{"line":25,"column":1}}}},"branchMap":{"0":{"loc":{"start":{"line":22,"column":2},"end":{"line":22,"column":36}},"type":"if","locations":[{"start":{"line":22,"column":2},"end":{"line":22,"column":36}}]}},"s":{"0":1,"1":12,"2":12,"3":1,"4":11,"5":11},"f":{"0":12},"b":{"0":[1]}}
,"/home/runner/work/ts-functions-library/ts-functions-library/utilityFunctions/delay.ts": {"path":"/home/runner/work/ts-functions-library/ts-functions-library/utilityFunctions/delay.ts","statementMap":{"0":{"start":{"line":16,"column":0},"end":{"line":16,"column":16}},"1":{"start":{"line":17,"column":2},"end":{"line":17,"column":59}},"2":{"start":{"line":17,"column":34},"end":{"line":17,"column":57}}},"fnMap":{"0":{"name":"delay","decl":{"start":{"line":16,"column":16},"end":{"line":16,"column":21}},"loc":{"start":{"line":16,"column":32},"end":{"line":18,"column":1}}},"1":{"name":"(anonymous_1)","decl":{"start":{"line":17,"column":21},"end":{"line":17,"column":22}},"loc":{"start":{"line":17,"column":34},"end":{"line":17,"column":57}}}},"branchMap":{},"s":{"0":1,"1":17,"2":17},"f":{"0":17,"1":17},"b":{}}
,"/home/runner/work/ts-functions-library/ts-functions-library/utilityFunctions/hexToRgb.ts": {"path":"/home/runner/work/ts-functions-library/ts-functions-library/utilityFunctions/hexToRgb.ts","statementMap":{"0":{"start":{"line":16,"column":0},"end":{"line":16,"column":16}},"1":{"start":{"line":19,"column":19},"end":{"line":19,"column":40}},"2":{"start":{"line":20,"column":2},"end":{"line":20,"column":41}},"3":{"start":{"line":20,"column":29},"end":{"line":20,"column":41}},"4":{"start":{"line":22,"column":17},"end":{"line":22,"column":39}},"5":{"start":{"line":23,"column":12},"end":{"line":23,"column":32}},"6":{"start":{"line":24,"column":12},"end":{"line":24,"column":31}},"7":{"start":{"line":25,"column":12},"end":{"line":25,"column":24}},"8":{"start":{"line":27,"column":2},"end":{"line":27,"column":21}}},"fnMap":{"0":{"name":"hexToRgb","decl":{"start":{"line":16,"column":16},"end":{"line":16,"column":24}},"loc":{"start":{"line":17,"column":13},"end":{"line":28,"column":1}}}},"branchMap":{"0":{"loc":{"start":{"line":20,"column":2},"end":{"line":20,"column":41}},"type":"if","locations":[{"start":{"line":20,"column":2},"end":{"line":20,"column":41}}]}},"s":{"0":1,"1":18,"2":18,"3":4,"4":14,"5":14,"6":14,"7":14,"8":14},"f":{"0":18},"b":{"0":[4]}}
,"/home/runner/work/ts-functions-library/ts-functions-library/utilityFunctions/isNil.ts": {"path":"/home/runner/work/ts-functions-library/ts-functions-library/utilityFunctions/isNil.ts","statementMap":{"0":{"start":{"line":17,"column":0},"end":{"line":17,"column":16}},"1":{"start":{"line":18,"column":2},"end":{"line":18,"column":47}}},"fnMap":{"0":{"name":"isNil","decl":{"start":{"line":17,"column":16},"end":{"line":17,"column":21}},"loc":{"start":{"line":17,"column":32},"end":{"line":19,"column":1}}}},"branchMap":{"0":{"loc":{"start":{"line":18,"column":9},"end":{"line":18,"column":46}},"type":"binary-expr","locations":[{"start":{"line":18,"column":9},"end":{"line":18,"column":23}},{"start":{"line":18,"column":27},"end":{"line":18,"column":46}}]}},"s":{"0":1,"1":18},"f":{"0":18},"b":{"0":[18,17]}}
,"/home/runner/work/ts-functions-library/ts-functions-library/utilityFunctions/parseQueryString.ts": {"path":"/home/runner/work/ts-functions-library/ts-functions-library/utilityFunctions/parseQueryString.ts","statementMap":{"0":{"start":{"line":16,"column":0},"end":{"line":16,"column":16}},"1":{"start":{"line":17,"column":2},"end":{"line":19,"column":3}},"2":{"start":{"line":18,"column":4},"end":{"line":18,"column":14}},"3":{"start":{"line":21,"column":2},"end":{"line":32,"column":6}},"4":{"start":{"line":27,"column":29},"end":{"line":27,"column":50}},"5":{"start":{"line":28,"column":8},"end":{"line":28,"column":71}},"6":{"start":{"line":29,"column":8},"end":{"line":29,"column":19}}},"fnMap":{"0":{"name":"parseQueryString","decl":{"start":{"line":16,"column":16},"end":{"line":16,"column":32}},"loc":{"start":{"line":16,"column":52},"end":{"line":33,"column":1}}},"1":{"name":"(anonymous_1)","decl":{"start":{"line":26,"column":6},"end":{"line":26,"column":7}},"loc":{"start":{"line":26,"column":26},"end":{"line":30,"column":7}}}},"branchMap":{"0":{"loc":{"start":{"line":17,"column":2},"end":{"line":19,"column":3}},"type":"if","locations":[{"start":{"line":17,"column":2},"end":{"line":19,"column":3}}]},"1":{"loc":{"start":{"line":17,"column":6},"end":{"line":17,"column":41}},"type":"binary-expr","locations":[{"start":{"line":17,"column":6},"end":{"line":17,"column":18}},{"start":{"line":17,"column":22},"end":{"line":17,"column":41}}]},"2":{"loc":{"start":{"line":28,"column":58},"end":{"line":28,"column":69}},"type":"binary-expr","locations":[{"start":{"line":28,"column":58},"end":{"line":28,"column":63}},{"start":{"line":28,"column":67},"end":{"line":28,"column":69}}]}},"s":{"0":1,"1":7,"2":2,"3":5,"4":10,"5":10,"6":10},"f":{"0":7,"1":10},"b":{"0":[2],"1":[7,6],"2":[10,0]}}
,"/home/runner/work/ts-functions-library/ts-functions-library/utilityFunctions/rgbToHex.ts": {"path":"/home/runner/work/ts-functions-library/ts-functions-library/utilityFunctions/rgbToHex.ts","statementMap":{"0":{"start":{"line":15,"column":0},"end":{"line":15,"column":16}},"1":{"start":{"line":16,"column":16},"end":{"line":16,"column":66}},"2":{"start":{"line":16,"column":33},"end":{"line":16,"column":66}},"3":{"start":{"line":17,"column":2},"end":{"line":17,"column":58}}},"fnMap":{"0":{"name":"rgbToHex","decl":{"start":{"line":15,"column":16},"end":{"line":15,"column":24}},"loc":{"start":{"line":15,"column":65},"end":{"line":18,"column":1}}},"1":{"name":"(anonymous_1)","decl":{"start":{"line":16,"column":16},"end":{"line":16,"column":17}},"loc":{"start":{"line":16,"column":33},"end":{"line":16,"column":66}}}},"branchMap":{},"s":{"0":1,"1":18,"2":54,"3":18},"f":{"0":18,"1":54},"b":{}}
,"/home/runner/work/ts-functions-library/ts-functions-library/utilityFunctions/safeJSONParse.ts": {"path":"/home/runner/work/ts-functions-library/ts-functions-library/utilityFunctions/safeJSONParse.ts","statementMap":{"0":{"start":{"line":21,"column":0},"end":{"line":21,"column":16}},"1":{"start":{"line":22,"column":2},"end":{"line":26,"column":3}},"2":{"start":{"line":23,"column":4},"end":{"line":23,"column":34}},"3":{"start":{"line":25,"column":4},"end":{"line":25,"column":24}}},"fnMap":{"0":{"name":"safeJSONParse","decl":{"start":{"line":21,"column":16},"end":{"line":21,"column":29}},"loc":{"start":{"line":21,"column":68},"end":{"line":27,"column":1}}}},"branchMap":{},"s":{"0":1,"1":18,"2":18,"3":5},"f":{"0":18},"b":{}}
,"/home/runner/work/ts-functions-library/ts-functions-library/utilityFunctions/throttle.ts": {"path":"/home/runner/work/ts-functions-library/ts-functions-library/utilityFunctions/throttle.ts","statementMap":{"0":{"start":{"line":17,"column":0},"end":{"line":17,"column":16}},"1":{"start":{"line":22,"column":31},"end":{"line":22,"column":35}},"2":{"start":{"line":23,"column":2},"end":{"line":38,"column":4}},"3":{"start":{"line":24,"column":4},"end":{"line":37,"column":5}},"4":{"start":{"line":25,"column":6},"end":{"line":25,"column":29}},"5":{"start":{"line":26,"column":6},"end":{"line":26,"column":27}},"6":{"start":{"line":28,"column":6},"end":{"line":30,"column":7}},"7":{"start":{"line":29,"column":8},"end":{"line":29,"column":31}},"8":{"start":{"line":31,"column":6},"end":{"line":36,"column":8}},"9":{"start":{"line":33,"column":10},"end":{"line":33,"column":33}}},"fnMap":{"0":{"name":"throttle","decl":{"start":{"line":17,"column":16},"end":{"line":17,"column":24}},"loc":{"start":{"line":19,"column":15},"end":{"line":39,"column":1}}},"1":{"name":"(anonymous_1)","decl":{"start":{"line":23,"column":9},"end":{"line":23,"column":30}},"loc":{"start":{"line":23,"column":52},"end":{"line":38,"column":3}}},"2":{"name":"(anonymous_2)","decl":{"start":{"line":32,"column":8},"end":{"line":32,"column":11}},"loc":{"start":{"line":32,"column":13},"end":{"line":34,"column":9}}}},"branchMap":{"0":{"loc":{"start":{"line":24,"column":4},"end":{"line":37,"column":5}},"type":"if","locations":[{"start":{"line":24,"column":4},"end":{"line":37,"column":5}},{"start":{"line":27,"column":11},"end":{"line":37,"column":5}}]},"1":{"loc":{"start":{"line":24,"column":8},"end":{"line":24,"column":49}},"type":"binary-expr","locations":[{"start":{"line":24,"column":8},"end":{"line":24,"column":16}},{"start":{"line":24,"column":20},"end":{"line":24,"column":49}}]},"2":{"loc":{"start":{"line":28,"column":6},"end":{"line":30,"column":7}},"type":"if","locations":[{"start":{"line":28,"column":6},"end":{"line":30,"column":7}}]}},"s":{"0":1,"1":4,"2":4,"3":9,"4":5,"5":5,"6":4,"7":1,"8":4,"9":3},"f":{"0":4,"1":9,"2":3},"b":{"0":[5,4],"1":[9,5],"2":[1]}}
}
