TN:
SF:arrayFunctions/arrayDifference.ts
FN:32,arrayDifference
FN:33,(anonymous_1)
FN:33,(anonymous_2)
FNF:3
FNH:3
FNDA:19,arrayDifference
FNDA:1046,(anonymous_1)
FNDA:375329,(anonymous_2)
DA:1,1
DA:32,1
DA:33,375329
LF:3
LH:3
BRF:0
BRH:0
end_of_record
TN:
SF:arrayFunctions/arrayIntersection.ts
FN:33,arrayIntersection
FN:43,(anonymous_1)
FN:44,(anonymous_2)
FNF:3
FNH:3
FNDA:17,arrayIntersection
FNDA:10037,(anonymous_1)
FNDA:62502566,(anonymous_2)
DA:1,1
DA:33,1
DA:35,17
DA:36,0
DA:40,17
DA:43,17
DA:44,62502566
LF:7
LH:6
BRDA:35,0,0,0
BRDA:35,1,0,17
BRDA:35,1,1,17
BRF:3
BRH:2
end_of_record
TN:
SF:arrayFunctions/calculateAverage.ts
FN:30,calculateAverage
FNF:1
FNH:1
FNDA:76,calculateAverage
DA:1,3
DA:30,3
DA:32,76
DA:34,76
LF:4
LH:4
BRDA:34,0,0,75
BRDA:34,0,1,1
BRF:2
BRH:2
end_of_record
TN:
SF:arrayFunctions/calculateMedian.ts
FN:30,calculateMedian
FN:31,(anonymous_1)
FN:34,(anonymous_2)
FNF:3
FNH:3
FNDA:21,calculateMedian
FNDA:84,(anonymous_1)
FNDA:86,(anonymous_2)
DA:30,1
DA:31,84
DA:32,21
DA:34,86
DA:35,20
DA:36,20
LF:6
LH:6
BRDA:31,0,0,84
BRDA:31,0,1,80
BRDA:32,1,0,1
BRDA:36,2,0,12
BRDA:36,2,1,8
BRF:5
BRH:5
end_of_record
TN:
SF:arrayFunctions/calculateMode.ts
FN:31,calculateMode
FN:33,(anonymous_1)
FN:39,(anonymous_2)
FN:41,(anonymous_3)
FNF:4
FNH:4
FNDA:22,calculateMode
FNDA:84,(anonymous_1)
FNDA:53,(anonymous_2)
FNDA:15,(anonymous_3)
DA:31,1
DA:32,22
DA:33,22
DA:34,84
DA:37,22
DA:38,22
DA:39,53
DA:41,15
LF:8
LH:8
BRDA:34,0,0,84
BRDA:34,0,1,53
BRF:2
BRH:2
end_of_record
TN:
SF:arrayFunctions/calculateProduct.ts
FN:29,calculateProduct
FN:30,(anonymous_1)
FNF:2
FNH:2
FNDA:21,calculateProduct
FNDA:61,(anonymous_1)
DA:29,1
DA:30,61
LF:2
LH:2
BRF:0
BRH:0
end_of_record
TN:
SF:arrayFunctions/calculateRange.ts
FN:29,calculateRange
FNF:1
FNH:1
FNDA:37,calculateRange
DA:29,1
DA:30,37
DA:31,1
DA:34,36
DA:35,36
DA:36,36
LF:6
LH:6
BRDA:30,0,0,1
BRF:1
BRH:1
end_of_record
TN:
SF:arrayFunctions/calculateStandardDeviation.ts
FN:34,calculateStandardDeviation
FNF:1
FNH:1
FNDA:37,calculateStandardDeviation
DA:1,1
DA:34,1
DA:35,37
DA:36,1
DA:39,36
DA:40,36
LF:6
LH:6
BRDA:35,0,0,1
BRF:1
BRH:1
end_of_record
TN:
SF:arrayFunctions/calculateVariance.ts
FN:33,calculateVariance
FN:40,(anonymous_1)
FNF:2
FNH:2
FNDA:57,calculateVariance
FNDA:179,(anonymous_1)
DA:1,2
DA:33,2
DA:34,57
DA:35,1
DA:38,56
DA:39,56
DA:40,179
DA:43,56
LF:8
LH:8
BRDA:34,0,0,1
BRF:1
BRH:1
end_of_record
TN:
SF:arrayFunctions/cartesianProduct.ts
FN:38,cartesianProduct
FN:40,(anonymous_1)
FN:45,(anonymous_2)
FN:45,(anonymous_3)
FN:45,(anonymous_4)
FNF:5
FNH:5
FNDA:18,cartesianProduct
FNDA:36,(anonymous_1)
FNDA:33,(anonymous_2)
FNDA:142,(anonymous_3)
FNDA:5162,(anonymous_4)
DA:38,1
DA:40,36
DA:41,2
DA:44,16
DA:45,5162
LF:5
LH:5
BRDA:40,0,0,2
BRF:1
BRH:1
end_of_record
TN:
SF:arrayFunctions/chunkArray.ts
FN:31,chunkArray
FN:36,(anonymous_1)
FNF:2
FNH:2
FNDA:19,chunkArray
FNDA:40,(anonymous_1)
DA:31,1
DA:32,19
DA:33,2
DA:36,17
DA:37,40
LF:5
LH:5
BRDA:32,0,0,2
BRF:1
BRH:1
end_of_record
TN:
SF:arrayFunctions/findCommonWithCondition.ts
FN:33,findCommonWithCondition
FN:39,(anonymous_1)
FN:43,(anonymous_2)
FNF:3
FNH:3
FNDA:18,findCommonWithCondition
FNDA:10044,(anonymous_1)
FNDA:10042,(anonymous_2)
DA:33,1
DA:39,10044
DA:42,18
DA:43,10042
LF:4
LH:4
BRF:0
BRH:0
end_of_record
TN:
SF:arrayFunctions/findDuplicates.ts
FN:33,findDuplicates
FN:38,(anonymous_1)
FN:39,(anonymous_2)
FNF:3
FNH:3
FNDA:15,findDuplicates
FNDA:504976,(anonymous_1)
FNDA:499856,(anonymous_2)
DA:1,1
DA:33,1
DA:34,15
DA:35,15
DA:37,15
DA:38,504976
DA:39,499856
DA:40,116
DA:43,138
DA:47,15
LF:10
LH:10
BRDA:38,0,0,9918
BRDA:38,0,1,138
BRDA:39,1,0,116
BRF:3
BRH:3
end_of_record
TN:
SF:arrayFunctions/findIndexOfElement.ts
FN:35,findIndexOfElement
FNF:1
FNH:1
FNDA:26,findIndexOfElement
DA:1,1
DA:35,1
DA:36,26
DA:37,10061
DA:38,24
DA:41,2
LF:6
LH:6
BRDA:37,0,0,24
BRF:1
BRH:1
end_of_record
TN:
SF:arrayFunctions/findMax.ts
FN:32,findMax
FNF:1
FNH:1
FNDA:13,findMax
DA:32,1
DA:33,13
LF:2
LH:2
BRF:0
BRH:0
end_of_record
TN:
SF:arrayFunctions/findMin.ts
FN:32,findMin
FNF:1
FNH:1
FNDA:13,findMin
DA:32,1
DA:33,13
LF:2
LH:2
BRF:0
BRH:0
end_of_record
TN:
SF:arrayFunctions/findUniqueElements.ts
FN:32,findUniqueElements
FN:36,(anonymous_1)
FNF:2
FNH:2
FNDA:20,findUniqueElements
FNDA:505047,(anonymous_1)
DA:1,1
DA:32,1
DA:33,20
DA:35,20
DA:36,505047
DA:37,161
DA:41,20
LF:7
LH:7
BRDA:36,0,0,161
BRF:1
BRH:1
end_of_record
TN:
SF:arrayFunctions/flattenArray.ts
FN:29,flattenArray
FN:31,(anonymous_1)
FNF:2
FNH:2
FNDA:2041,flattenArray
FNDA:4089,(anonymous_1)
DA:29,1
DA:30,2041
DA:31,4089
LF:3
LH:3
BRDA:31,0,0,2027
BRDA:31,0,1,2062
BRF:2
BRH:2
end_of_record
TN:
SF:arrayFunctions/flattenArrayDepth.ts
FN:32,flattenArrayDepth
FN:35,(anonymous_1)
FNF:2
FNH:2
FNDA:2045,flattenArrayDepth
FNDA:3073,(anonymous_1)
DA:32,1
DA:33,2045
DA:36,3073
LF:3
LH:3
BRDA:32,0,0,0
BRDA:33,1,0,1031
BRDA:33,1,1,1014
BRDA:37,2,0,2028
BRDA:37,2,1,1045
BRF:5
BRH:4
end_of_record
TN:
SF:arrayFunctions/generatePrimes.ts
FN:27,generatePrimes
FNF:1
FNH:1
FNDA:13,generatePrimes
DA:27,1
DA:28,13
DA:29,10
DA:30,4
DA:33,6
DA:34,6
DA:36,6
DA:37,19
DA:38,13
DA:39,149
DA:44,6
DA:45,6
DA:46,164
DA:47,52
DA:51,6
LF:15
LH:15
BRDA:28,0,0,3
BRDA:29,1,0,4
BRDA:37,2,0,13
BRDA:46,3,0,52
BRF:4
BRH:4
end_of_record
TN:
SF:arrayFunctions/groupBy.ts
FN:42,groupBy
FN:44,(anonymous_1)
FNF:2
FNH:2
FNDA:11,groupBy
FNDA:1027,(anonymous_1)
DA:42,1
DA:43,11
DA:45,1027
DA:46,1027
DA:47,28
DA:49,1027
DA:50,1027
LF:7
LH:7
BRDA:46,0,0,28
BRF:1
BRH:1
end_of_record
TN:
SF:arrayFunctions/joinStrings.ts
FN:32,joinStrings
FN:34,(anonymous_1)
FNF:2
FNH:2
FNDA:20,joinStrings
FNDA:1049,(anonymous_1)
DA:32,1
DA:33,20
DA:34,1049
LF:3
LH:3
BRDA:34,0,0,2
BRDA:34,0,1,1047
BRF:2
BRH:2
end_of_record
TN:
SF:arrayFunctions/mergeUnique.ts
FN:35,mergeUnique
FN:38,(anonymous_1)
FN:39,(anonymous_2)
FN:40,(anonymous_3)
FNF:4
FNH:4
FNDA:25,mergeUnique
FNDA:50,(anonymous_1)
FNDA:138,(anonymous_2)
FNDA:292,(anonymous_3)
DA:1,1
DA:35,1
DA:36,25
DA:38,25
DA:39,50
DA:40,292
DA:41,113
DA:46,25
DA:47,25
DA:49,25
LF:10
LH:10
BRDA:40,0,0,113
BRF:1
BRH:1
end_of_record
TN:
SF:arrayFunctions/removeByCondition.ts
FN:36,removeByCondition
FN:40,(anonymous_1)
FNF:2
FNH:2
FNDA:20,removeByCondition
FNDA:74,(anonymous_1)
DA:36,1
DA:40,74
LF:2
LH:2
BRF:0
BRH:0
end_of_record
TN:
SF:arrayFunctions/removeByIndex.ts
FN:30,removeByIndex
FN:31,(anonymous_1)
FNF:2
FNH:2
FNDA:25,removeByIndex
FNDA:95,(anonymous_1)
DA:30,1
DA:31,95
LF:2
LH:2
BRF:0
BRH:0
end_of_record
TN:
SF:arrayFunctions/removeDuplicates.ts
FN:32,removeDuplicates
FN:34,(anonymous_1)
FN:35,(anonymous_2)
FNF:3
FNH:3
FNDA:25,removeDuplicates
FNDA:123,(anonymous_1)
FNDA:171,(anonymous_2)
DA:1,1
DA:32,1
DA:33,25
DA:34,25
DA:35,171
DA:36,80
DA:39,25
LF:7
LH:7
BRDA:35,0,0,80
BRF:1
BRH:1
end_of_record
TN:
SF:arrayFunctions/removeFalsyValues.ts
FN:30,removeFalsyValues
FN:34,(anonymous_1)
FNF:2
FNH:2
FNDA:24,removeFalsyValues
FNDA:153,(anonymous_1)
DA:30,1
DA:33,24
DA:37,153
LF:3
LH:3
BRDA:38,0,0,153
BRDA:38,0,1,136
BRDA:38,0,2,132
BRDA:38,0,3,128
BRDA:38,0,4,106
BRDA:38,0,5,86
BRF:6
BRH:6
end_of_record
TN:
SF:arrayFunctions/rotateArrayLeft.ts
FN:31,rotateArrayLeft
FNF:1
FNH:1
FNDA:20,rotateArrayLeft
DA:31,1
DA:32,20
DA:33,20
DA:36,19
DA:38,19
LF:5
LH:5
BRDA:33,0,0,1
BRF:1
BRH:1
end_of_record
TN:
SF:arrayFunctions/rotateArrayRight.ts
FN:31,rotateArrayRight
FNF:1
FNH:1
FNDA:20,rotateArrayRight
DA:31,1
DA:32,20
DA:33,20
DA:36,19
DA:38,19
LF:5
LH:5
BRDA:33,0,0,1
BRF:1
BRH:1
end_of_record
TN:
SF:arrayFunctions/shuffleArray.ts
FN:33,shuffleArray
FNF:1
FNH:1
FNDA:23,shuffleArray
DA:33,1
DA:34,23
DA:35,23
DA:36,62
DA:37,62
DA:39,23
LF:6
LH:6
BRF:0
BRH:0
end_of_record
TN:
SF:arrayFunctions/sortBy.ts
FN:41,sortBy
FN:42,(anonymous_1)
FNF:2
FNH:2
FNDA:8,sortBy
FNDA:20,(anonymous_1)
DA:41,1
DA:42,8
DA:43,20
DA:44,20
DA:46,20
DA:47,4
DA:50,16
DA:51,4
DA:54,12
DA:55,4
DA:58,8
DA:59,3
DA:62,5
DA:63,4
DA:66,1
LF:15
LH:15
BRDA:46,0,0,4
BRDA:46,1,0,20
BRDA:46,1,1,4
BRDA:50,2,0,4
BRDA:50,3,0,16
BRDA:50,3,1,4
BRDA:54,4,0,4
BRDA:54,5,0,12
BRDA:54,5,1,4
BRDA:58,6,0,3
BRDA:58,7,0,8
BRDA:58,7,1,3
BRDA:59,8,0,1
BRDA:59,8,1,2
BRDA:59,9,0,1
BRDA:59,9,1,1
BRDA:62,10,0,4
BRDA:62,11,0,5
BRDA:62,11,1,4
BRDA:63,12,0,2
BRDA:63,12,1,2
BRDA:63,13,0,2
BRDA:63,13,1,0
BRF:23
BRH:22
end_of_record
TN:
SF:arrayFunctions/sumArrayElements.ts
FN:29,sumArrayElements
FN:30,(anonymous_1)
FNF:2
FNH:2
FNDA:93,sumArrayElements
FNDA:285,(anonymous_1)
DA:29,4
DA:30,285
LF:2
LH:2
BRF:0
BRH:0
end_of_record
TN:
SF:arrayFunctions/uniqueElementsWithCounts.ts
FN:35,uniqueElementsWithCounts
FN:39,(anonymous_1)
FN:40,(anonymous_2)
FNF:3
FNH:3
FNDA:18,uniqueElementsWithCounts
FNDA:71,(anonymous_1)
FNDA:96,(anonymous_2)
DA:1,1
DA:35,1
DA:38,18
DA:39,18
DA:40,96
DA:41,71
DA:42,28
DA:44,43
DA:47,18
LF:9
LH:9
BRDA:41,0,0,28
BRDA:41,0,1,43
BRF:2
BRH:2
end_of_record
TN:
SF:arrayFunctions/zipMultiple.ts
FN:39,zipMultiple
FN:40,(anonymous_1)
FN:43,(anonymous_2)
FNF:3
FNH:3
FNDA:20,zipMultiple
FNDA:60,(anonymous_1)
FNDA:114,(anonymous_2)
DA:39,1
DA:40,60
DA:41,20
DA:42,20
DA:43,114
DA:45,20
LF:6
LH:6
BRF:0
BRH:0
end_of_record
TN:
SF:dateFunctions/addDays.ts
FN:18,addDays
FNF:1
FNH:1
FNDA:13,addDays
DA:18,1
DA:19,13
DA:20,2
DA:22,11
DA:23,1
DA:26,10
DA:27,10
DA:28,10
LF:8
LH:8
BRDA:19,0,0,2
BRDA:22,1,0,1
BRF:2
BRH:2
end_of_record
TN:
SF:dateFunctions/addMonths.ts
FN:18,addMonths
FNF:1
FNH:1
FNDA:13,addMonths
DA:18,1
DA:19,13
DA:20,2
DA:22,11
DA:23,1
DA:26,10
DA:27,10
DA:28,10
LF:8
LH:8
BRDA:19,0,0,2
BRDA:22,1,0,1
BRF:2
BRH:2
end_of_record
TN:
SF:dateFunctions/businessDaysBetween.ts
FN:15,businessDaysBetween
FNF:1
FNH:1
FNDA:13,businessDaysBetween
DA:15,1
DA:16,13
DA:17,4
DA:20,9
DA:21,1
DA:24,8
DA:25,8
DA:27,8
DA:28,45
DA:29,45
DA:31,35
DA:33,45
DA:36,8
LF:13
LH:13
BRDA:16,0,0,4
BRDA:16,1,0,13
BRDA:16,1,1,11
BRDA:20,2,0,1
BRDA:29,3,0,35
BRDA:29,4,0,45
BRDA:29,4,1,40
BRF:7
BRH:7
end_of_record
TN:
SF:dateFunctions/calculateAge.ts
FN:13,calculateAge
FNF:1
FNH:1
FNDA:12,calculateAge
DA:13,1
DA:14,12
DA:15,2
DA:18,10
DA:19,10
DA:20,10
DA:21,10
DA:24,10
DA:25,4
DA:28,10
DA:29,1
DA:32,9
LF:12
LH:12
BRDA:14,0,0,2
BRDA:24,1,0,4
BRDA:24,2,0,10
BRDA:24,2,1,6
BRDA:24,2,2,1
BRDA:28,3,0,1
BRF:6
BRH:6
end_of_record
TN:
SF:dateFunctions/compareDates.ts
FN:15,compareDates
FNF:1
FNH:1
FNDA:12,compareDates
DA:15,1
DA:16,12
DA:17,4
DA:20,8
DA:21,4
DA:22,4
DA:23,2
DA:25,2
LF:8
LH:8
BRDA:16,0,0,4
BRDA:16,1,0,12
BRDA:16,1,1,10
BRDA:20,2,0,4
BRDA:20,2,1,4
BRDA:22,3,0,2
BRDA:22,3,1,2
BRF:7
BRH:7
end_of_record
TN:
SF:dateFunctions/daysBetween.ts
FN:15,daysBetween
FNF:1
FNH:1
FNDA:12,daysBetween
DA:15,1
DA:16,12
DA:17,4
DA:20,8
DA:21,1
DA:24,7
DA:25,7
DA:26,7
LF:8
LH:8
BRDA:16,0,0,4
BRDA:16,1,0,12
BRDA:16,1,1,10
BRDA:20,2,0,1
BRF:4
BRH:4
end_of_record
TN:
SF:dateFunctions/daysLeftInYear.ts
FN:13,daysLeftInYear
FNF:1
FNH:1
FNDA:9,daysLeftInYear
DA:13,1
DA:14,9
DA:15,2
DA:18,7
DA:19,7
DA:20,7
LF:6
LH:6
BRDA:14,0,0,2
BRF:1
BRH:1
end_of_record
TN:
SF:dateFunctions/formatDate.ts
FN:19,formatDate
FN:27,(anonymous_1)
FN:51,(anonymous_2)
FNF:3
FNH:3
FNDA:13,formatDate
FNDA:40,(anonymous_1)
FNDA:36,(anonymous_2)
DA:19,1
DA:20,13
DA:21,2
DA:24,11
DA:25,11
DA:26,11
DA:27,40
DA:30,11
DA:31,1
DA:36,10
DA:38,10
DA:42,10
DA:51,36
LF:13
LH:13
BRDA:20,0,0,2
BRDA:25,1,0,11
BRDA:25,1,1,1
BRDA:30,2,0,1
BRDA:38,3,0,1
BRDA:38,3,1,9
BRF:6
BRH:6
end_of_record
TN:
SF:dateFunctions/getCurrentDateTimeISO.ts
FN:10,getCurrentDateTimeISO
FNF:1
FNH:1
FNDA:5,getCurrentDateTimeISO
DA:10,1
DA:11,5
LF:2
LH:2
BRF:0
BRH:0
end_of_record
TN:
SF:dateFunctions/getDateParts.ts
FN:12,getDateParts
FNF:1
FNH:1
FNDA:7,getDateParts
DA:12,1
DA:20,7
DA:21,2
DA:24,5
LF:4
LH:4
BRDA:20,0,0,2
BRF:1
BRH:1
end_of_record
TN:
SF:dateFunctions/getDaysInMonth.ts
FN:13,getDaysInMonth
FNF:1
FNH:1
FNDA:9,getDaysInMonth
DA:13,1
DA:14,9
DA:15,2
DA:18,7
DA:19,7
DA:20,7
LF:6
LH:6
BRDA:14,0,0,2
BRF:1
BRH:1
end_of_record
TN:
SF:dateFunctions/getDaysOfWeek.ts
FN:10,getDaysOfWeek
FNF:1
FNH:1
FNDA:7,getDaysOfWeek
DA:10,1
DA:11,7
LF:2
LH:2
BRF:0
BRH:0
end_of_record
TN:
SF:dateFunctions/getEndOfMonth.ts
FN:13,getEndOfMonth
FNF:1
FNH:1
FNDA:8,getEndOfMonth
DA:13,1
DA:14,8
DA:15,2
DA:18,6
DA:19,6
LF:5
LH:5
BRDA:14,0,0,2
BRF:1
BRH:1
end_of_record
TN:
SF:dateFunctions/getEndOfWeek.ts
FN:14,getEndOfWeek
FNF:1
FNH:1
FNDA:20,getEndOfWeek
DA:14,2
DA:15,20
DA:16,2
DA:19,18
DA:20,2
DA:26,16
DA:29,16
DA:32,16
DA:33,16
DA:34,16
DA:36,16
LF:11
LH:11
BRDA:14,0,0,2
BRDA:15,1,0,2
BRDA:19,2,0,2
BRDA:19,3,0,18
BRDA:19,3,1,17
BRDA:19,3,2,17
BRF:6
BRH:6
end_of_record
TN:
SF:dateFunctions/getEndOfYear.ts
FN:13,getEndOfYear
FNF:1
FNH:1
FNDA:9,getEndOfYear
DA:13,1
DA:14,9
DA:15,2
DA:17,7
LF:4
LH:4
BRDA:14,0,0,2
BRF:1
BRH:1
end_of_record
TN:
SF:dateFunctions/getISOWeekDate.ts
FN:13,getISOWeekDate
FNF:1
FNH:1
FNDA:9,getISOWeekDate
DA:13,1
DA:14,9
DA:15,2
DA:17,7
DA:18,1
DA:22,6
DA:23,6
DA:24,6
DA:25,6
DA:27,6
DA:35,6
DA:36,6
DA:37,0
DA:39,6
DA:41,6
DA:43,6
LF:16
LH:15
BRDA:14,0,0,2
BRDA:17,1,0,1
BRDA:36,2,0,0
BRDA:36,2,1,6
BRDA:41,3,0,6
BRDA:41,3,1,4
BRF:6
BRH:5
end_of_record
TN:
SF:dateFunctions/getLastDayOfPreviousMonth.ts
FN:13,getLastDayOfPreviousMonth
FNF:1
FNH:1
FNDA:9,getLastDayOfPreviousMonth
DA:13,1
DA:14,9
DA:15,2
DA:18,7
DA:19,7
DA:20,7
LF:6
LH:6
BRDA:14,0,0,2
BRF:1
BRH:1
end_of_record
TN:
SF:dateFunctions/getNextMonth.ts
FN:13,getNextMonth
FNF:1
FNH:1
FNDA:9,getNextMonth
DA:13,1
DA:14,9
DA:15,2
DA:18,7
DA:19,7
DA:20,7
LF:6
LH:6
BRDA:14,0,0,2
BRF:1
BRH:1
end_of_record
TN:
SF:dateFunctions/getNextOccurrence.ts
FN:14,getNextOccurrence
FNF:1
FNH:1
FNDA:12,getNextOccurrence
DA:14,1
DA:15,12
DA:16,2
DA:19,10
DA:20,2
DA:25,8
DA:26,8
DA:27,8
DA:28,8
DA:30,8
LF:10
LH:10
BRDA:15,0,0,2
BRDA:19,1,0,2
BRDA:19,2,0,10
BRDA:19,2,1,9
BRDA:19,2,2,9
BRDA:27,3,0,8
BRDA:27,3,1,1
BRF:7
BRH:7
end_of_record
TN:
SF:dateFunctions/getPreviousMonth.ts
FN:13,getPreviousMonth
FNF:1
FNH:1
FNDA:9,getPreviousMonth
DA:13,1
DA:14,9
DA:15,2
DA:18,7
DA:19,7
DA:22,7
DA:23,1
DA:26,7
LF:8
LH:8
BRDA:14,0,0,2
BRDA:22,1,0,1
BRF:2
BRH:2
end_of_record
TN:
SF:dateFunctions/getQuarter.ts
FN:13,getQuarter
FNF:1
FNH:1
FNDA:12,getQuarter
DA:13,1
DA:14,12
DA:15,2
DA:18,10
DA:19,10
LF:5
LH:5
BRDA:14,0,0,2
BRF:1
BRH:1
end_of_record
TN:
SF:dateFunctions/getStartOfWeek.ts
FN:14,getStartOfWeek
FNF:1
FNH:1
FNDA:23,getStartOfWeek
DA:14,2
DA:15,23
DA:16,2
DA:19,21
DA:20,2
DA:25,19
DA:26,19
DA:27,19
DA:28,19
DA:29,19
LF:10
LH:10
BRDA:14,0,0,2
BRDA:15,1,0,2
BRDA:19,2,0,2
BRDA:19,3,0,21
BRDA:19,3,1,20
BRDA:19,3,2,20
BRF:6
BRH:6
end_of_record
TN:
SF:dateFunctions/getStartOfYear.ts
FN:12,getStartOfYear
FNF:1
FNH:1
FNDA:9,getStartOfYear
DA:12,1
DA:13,9
DA:14,2
DA:16,7
LF:4
LH:4
BRDA:13,0,0,2
BRF:1
BRH:1
end_of_record
TN:
SF:dateFunctions/getWeekNumber.ts
FN:13,getWeekNumber
FNF:1
FNH:1
FNDA:9,getWeekNumber
DA:13,1
DA:14,9
DA:15,2
DA:18,7
DA:19,7
DA:22,7
LF:6
LH:6
BRDA:14,0,0,2
BRF:1
BRH:1
end_of_record
TN:
SF:dateFunctions/getWeekRange.ts
FN:17,getWeekRange
FNF:1
FNH:1
FNDA:12,getWeekRange
DA:1,1
DA:2,1
DA:17,1
DA:21,12
DA:22,2
DA:24,10
DA:25,2
DA:30,8
DA:31,8
DA:32,8
LF:10
LH:10
BRDA:19,0,0,0
BRDA:21,1,0,2
BRDA:24,2,0,2
BRDA:24,3,0,10
BRDA:24,3,1,9
BRDA:24,3,2,9
BRF:6
BRH:5
end_of_record
TN:
SF:dateFunctions/getWeekdaysInMonth.ts
FN:12,getWeekdaysInMonth
FNF:1
FNH:1
FNDA:12,getWeekdaysInMonth
DA:12,1
DA:13,12
DA:14,2
DA:17,10
DA:18,10
DA:19,10
DA:22,10
DA:23,303
DA:25,303
DA:26,212
DA:30,10
LF:11
LH:11
BRDA:13,0,0,2
BRDA:25,1,0,212
BRDA:25,2,0,303
BRDA:25,2,1,256
BRF:4
BRH:4
end_of_record
TN:
SF:dateFunctions/isLeapYear.ts
FN:13,isLeapYear
FNF:1
FNH:1
FNDA:7,isLeapYear
DA:13,1
DA:14,7
DA:15,1
DA:17,6
LF:4
LH:4
BRDA:14,0,0,1
BRDA:17,1,0,6
BRDA:17,1,1,5
BRDA:17,1,2,4
BRF:4
BRH:4
end_of_record
TN:
SF:dateFunctions/isToday.ts
FN:13,isToday
FNF:1
FNH:1
FNDA:8,isToday
DA:13,1
DA:14,8
DA:15,2
DA:17,6
DA:18,6
LF:5
LH:5
BRDA:14,0,0,2
BRDA:19,1,0,6
BRDA:19,1,1,5
BRDA:19,1,2,4
BRF:4
BRH:4
end_of_record
TN:
SF:dateFunctions/isWeekend.ts
FN:13,isWeekend
FNF:1
FNH:1
FNDA:8,isWeekend
DA:13,1
DA:14,8
DA:15,2
DA:17,6
DA:18,6
LF:5
LH:5
BRDA:14,0,0,2
BRDA:18,1,0,6
BRDA:18,1,1,4
BRF:3
BRH:3
end_of_record
TN:
SF:dateFunctions/oneWeekAgo.ts
FN:13,oneWeekAgo
FNF:1
FNH:1
FNDA:8,oneWeekAgo
DA:13,1
DA:14,8
DA:15,2
DA:17,6
DA:18,6
DA:19,6
LF:6
LH:6
BRDA:14,0,0,2
BRF:1
BRH:1
end_of_record
TN:
SF:dateFunctions/toUTCDate.ts
FN:13,toUTCDate
FNF:1
FNH:1
FNDA:9,toUTCDate
DA:13,1
DA:14,9
DA:15,2
DA:17,7
LF:4
LH:4
BRDA:14,0,0,2
BRF:1
BRH:1
end_of_record
TN:
SF:mathFunctions/absoluteValue.ts
FN:15,absoluteValue
FNF:1
FNH:1
FNDA:6,absoluteValue
DA:15,1
DA:16,6
DA:17,1
DA:20,5
LF:4
LH:4
BRDA:16,0,0,1
BRF:1
BRH:1
end_of_record
TN:
SF:mathFunctions/calculateBinomialCoefficient.ts
FN:15,calculateBinomialCoefficient
FNF:1
FNH:1
FNDA:10,calculateBinomialCoefficient
DA:1,1
DA:15,1
DA:16,10
DA:17,2
DA:19,8
DA:20,1
DA:22,7
DA:23,1
DA:25,6
DA:26,1
DA:28,5
LF:11
LH:11
BRDA:16,0,0,2
BRDA:16,1,0,10
BRDA:16,1,1,9
BRDA:19,2,0,1
BRDA:19,3,0,8
BRDA:19,3,1,7
BRDA:22,4,0,1
BRDA:22,5,0,7
BRDA:22,5,1,6
BRDA:25,6,0,1
BRF:10
BRH:10
end_of_record
TN:
SF:mathFunctions/calculateCombination.ts
FN:15,calculateCombination
FNF:1
FNH:1
FNDA:10,calculateCombination
DA:1,1
DA:15,1
DA:16,10
DA:17,2
DA:19,8
DA:20,1
DA:22,7
DA:23,1
DA:25,6
DA:26,1
DA:28,5
LF:11
LH:11
BRDA:16,0,0,2
BRDA:16,1,0,10
BRDA:16,1,1,9
BRDA:19,2,0,1
BRDA:19,3,0,8
BRDA:19,3,1,7
BRDA:22,4,0,1
BRDA:22,5,0,7
BRDA:22,5,1,6
BRDA:25,6,0,1
BRF:10
BRH:10
end_of_record
TN:
SF:mathFunctions/calculateCubeRoot.ts
FN:12,calculateCubeRoot
FNF:1
FNH:1
FNDA:12,calculateCubeRoot
DA:12,1
DA:13,12
DA:14,1
DA:16,11
LF:4
LH:4
BRDA:13,0,0,1
BRF:1
BRH:1
end_of_record
TN:
SF:mathFunctions/calculateExponential.ts
FN:15,calculateExponential
FNF:1
FNH:1
FNDA:20,calculateExponential
DA:15,1
DA:16,20
LF:2
LH:2
BRF:0
BRH:0
end_of_record
TN:
SF:mathFunctions/calculateFactorial.ts
FN:17,calculateFactorial
FNF:1
FNH:1
FNDA:322,calculateFactorial
DA:17,4
DA:18,322
DA:19,1
DA:21,321
DA:22,1
DA:24,320
DA:25,1
DA:27,319
DA:28,43
DA:30,276
LF:10
LH:10
BRDA:18,0,0,1
BRDA:21,1,0,1
BRDA:24,2,0,1
BRDA:27,3,0,43
BRF:4
BRH:4
end_of_record
TN:
SF:mathFunctions/calculateLogBase10.ts
FN:11,calculatLogBase10
FNF:1
FNH:1
FNDA:11,calculatLogBase10
DA:11,1
DA:12,11
LF:2
LH:2
BRF:0
BRH:0
end_of_record
TN:
SF:mathFunctions/calculateLogarithm.ts
FN:13,calculateLogarithm
FNF:1
FNH:1
FNDA:9,calculateLogarithm
DA:13,1
DA:14,9
DA:15,1
DA:17,8
DA:18,1
DA:20,7
DA:21,2
DA:23,5
LF:8
LH:8
BRDA:13,0,0,2
BRDA:14,1,0,1
BRDA:14,2,0,9
BRDA:14,2,1,8
BRDA:17,3,0,1
BRDA:20,4,0,2
BRDA:20,5,0,7
BRDA:20,5,1,6
BRF:8
BRH:8
end_of_record
TN:
SF:mathFunctions/calculateNaturalLogarithm.ts
FN:11,calculateNaturalLogarithm
FNF:1
FNH:1
FNDA:20,calculateNaturalLogarithm
DA:11,1
DA:12,20
LF:2
LH:2
BRF:0
BRH:0
end_of_record
TN:
SF:mathFunctions/calculatePercentage.ts
FN:16,calculatePercentage
FNF:1
FNH:1
FNDA:21,calculatePercentage
DA:16,1
DA:17,21
LF:2
LH:2
BRF:0
BRH:0
end_of_record
TN:
SF:mathFunctions/calculatePermutation.ts
FN:15,calculatePermutation
FNF:1
FNH:1
FNDA:10,calculatePermutation
DA:1,1
DA:15,1
DA:16,10
DA:17,2
DA:19,8
DA:20,1
DA:22,7
DA:23,1
DA:25,6
DA:26,1
DA:28,5
LF:11
LH:11
BRDA:16,0,0,2
BRDA:16,1,0,10
BRDA:16,1,1,9
BRDA:19,2,0,1
BRDA:19,3,0,8
BRDA:19,3,1,7
BRDA:22,4,0,1
BRDA:22,5,0,7
BRDA:22,5,1,6
BRDA:25,6,0,1
BRF:10
BRH:10
end_of_record
TN:
SF:mathFunctions/calculatePower.ts
FN:12,calculatePower
FNF:1
FNH:1
FNDA:8,calculatePower
DA:12,1
DA:13,8
LF:2
LH:2
BRF:0
BRH:0
end_of_record
TN:
SF:mathFunctions/calculateSquareRoot.ts
FN:12,calculateSquareRoot
FNF:1
FNH:1
FNDA:8,calculateSquareRoot
DA:12,1
DA:13,8
DA:14,1
DA:16,7
DA:17,1
DA:19,6
LF:6
LH:6
BRDA:13,0,0,1
BRDA:16,1,0,1
BRF:2
BRH:2
end_of_record
TN:
SF:mathFunctions/calculateTriangularNumber.ts
FN:12,calculateTriangularNumber
FNF:1
FNH:1
FNDA:6,calculateTriangularNumber
DA:12,1
DA:13,6
DA:14,1
DA:16,5
DA:17,1
DA:19,4
DA:20,1
DA:22,3
LF:8
LH:8
BRDA:13,0,0,1
BRDA:16,1,0,1
BRDA:19,2,0,1
BRF:3
BRH:3
end_of_record
TN:
SF:mathFunctions/ceilValue.ts
FN:12,ceilValue
FNF:1
FNH:1
FNDA:9,ceilValue
DA:12,1
DA:13,9
DA:14,1
DA:16,8
DA:17,8
LF:5
LH:5
BRDA:13,0,0,1
BRDA:17,1,0,2
BRDA:17,1,1,6
BRF:3
BRH:3
end_of_record
TN:
SF:mathFunctions/fibonacciIterative.ts
FN:12,fibonacciIterative
FNF:1
FNH:1
FNDA:7,fibonacciIterative
DA:12,1
DA:13,7
DA:14,1
DA:16,6
DA:17,1
DA:19,5
DA:20,1
DA:22,4
DA:23,4
DA:25,4
DA:26,23
DA:27,23
DA:28,23
DA:30,4
LF:14
LH:14
BRDA:13,0,0,1
BRDA:16,1,0,1
BRDA:19,2,0,1
BRDA:30,3,0,1
BRDA:30,3,1,3
BRF:5
BRH:5
end_of_record
TN:
SF:mathFunctions/fibonacciRecursive.ts
FN:12,fibonacciRecursive
FNF:1
FNH:1
FNDA:21926,fibonacciRecursive
DA:12,1
DA:13,21926
DA:14,1
DA:16,21925
DA:17,1
DA:19,21924
DA:20,1
DA:22,21923
DA:23,10964
DA:25,10959
LF:10
LH:10
BRDA:13,0,0,1
BRDA:16,1,0,1
BRDA:19,2,0,1
BRDA:22,3,0,10964
BRF:4
BRH:4
end_of_record
TN:
SF:mathFunctions/floorValue.ts
FN:11,floorValue
FNF:1
FNH:1
FNDA:7,floorValue
DA:11,1
DA:12,7
LF:2
LH:2
BRF:0
BRH:0
end_of_record
TN:
SF:mathFunctions/gcd.ts
FN:13,gcd
FNF:1
FNH:1
FNDA:61,gcd
DA:13,2
DA:14,61
DA:15,1
DA:17,60
DA:18,1
DA:20,59
DA:21,59
DA:22,59
LF:8
LH:8
BRDA:14,0,0,1
BRDA:14,1,0,61
BRDA:14,1,1,60
BRDA:17,2,0,1
BRDA:17,3,0,60
BRDA:17,3,1,59
BRDA:22,4,0,19
BRDA:22,4,1,40
BRF:8
BRH:8
end_of_record
TN:
SF:mathFunctions/getRandomIntInRange.ts
FN:13,getRandomIntInRange
FNF:1
FNH:1
FNDA:8,getRandomIntInRange
DA:13,1
DA:14,8
DA:15,2
DA:17,6
DA:18,1
DA:20,5
DA:21,1
DA:23,4
DA:24,4
DA:25,4
LF:10
LH:10
BRDA:14,0,0,2
BRDA:14,1,0,8
BRDA:14,1,1,7
BRDA:17,2,0,1
BRDA:17,3,0,6
BRDA:17,3,1,5
BRDA:20,4,0,1
BRF:7
BRH:7
end_of_record
TN:
SF:mathFunctions/isEven.ts
FN:12,isEven
FNF:1
FNH:1
FNDA:10,isEven
DA:12,1
DA:13,10
LF:2
LH:2
BRF:0
BRH:0
end_of_record
TN:
SF:mathFunctions/isOdd.ts
FN:13,isOdd
FNF:1
FNH:1
FNDA:11,isOdd
DA:13,1
DA:14,11
DA:15,1
DA:17,10
DA:18,1
DA:20,9
LF:6
LH:6
BRDA:14,0,0,1
BRDA:17,1,0,1
BRF:2
BRH:2
end_of_record
TN:
SF:mathFunctions/isPerfectSquare.ts
FN:12,isPerfectSquare
FNF:1
FNH:1
FNDA:9,isPerfectSquare
DA:12,1
DA:13,9
LF:2
LH:2
BRF:0
BRH:0
end_of_record
TN:
SF:mathFunctions/isPrime.ts
FN:13,isPrime
FNF:1
FNH:1
FNDA:17,isPrime
DA:13,1
DA:14,17
DA:15,1
DA:17,16
DA:18,4
DA:20,12
DA:21,349
DA:22,6
DA:25,6
LF:9
LH:9
BRDA:14,0,0,1
BRDA:17,1,0,4
BRDA:17,2,0,16
BRDA:17,2,1,15
BRDA:21,3,0,6
BRF:5
BRH:5
end_of_record
TN:
SF:mathFunctions/lcm.ts
FN:15,lcm
FNF:1
FNH:1
FNDA:12,lcm
DA:1,1
DA:15,1
DA:16,12
DA:17,1
DA:19,11
DA:20,1
DA:22,10
DA:23,1
DA:25,9
LF:9
LH:9
BRDA:16,0,0,1
BRDA:16,1,0,12
BRDA:16,1,1,11
BRDA:19,2,0,1
BRDA:19,3,0,11
BRDA:19,3,1,10
BRDA:22,4,0,1
BRDA:22,5,0,10
BRDA:22,5,1,3
BRF:9
BRH:9
end_of_record
TN:
SF:mathFunctions/oddOrEven.ts
FN:13,oddOrEven
FNF:1
FNH:1
FNDA:7,oddOrEven
DA:13,1
DA:14,7
DA:15,1
DA:17,6
DA:18,1
DA:20,5
LF:6
LH:6
BRDA:14,0,0,1
BRDA:17,1,0,1
BRDA:20,2,0,3
BRDA:20,2,1,2
BRF:4
BRH:4
end_of_record
TN:
SF:mathFunctions/roundToDecimals.ts
FN:13,roundToDecimals
FNF:1
FNH:1
FNDA:8,roundToDecimals
DA:13,1
DA:14,8
DA:15,1
DA:17,7
DA:18,1
DA:20,6
DA:21,1
DA:23,5
DA:24,5
LF:9
LH:9
BRDA:14,0,0,1
BRDA:14,1,0,8
BRDA:14,1,1,7
BRDA:17,2,0,1
BRDA:20,3,0,1
BRF:5
BRH:5
end_of_record
TN:
SF:mathFunctions/roundValue.ts
FN:12,roundValue
FNF:1
FNH:1
FNDA:13,roundValue
DA:12,1
DA:13,13
DA:14,1
DA:16,12
DA:17,12
LF:5
LH:5
BRDA:13,0,0,1
BRDA:17,1,0,3
BRDA:17,1,1,9
BRF:3
BRH:3
end_of_record
TN:
SF:mathFunctions/geometricFunctions/calculateCircleArea.ts
FN:8,calculateCircleArea
FNF:1
FNH:1
FNDA:7,calculateCircleArea
DA:8,1
DA:9,7
DA:10,1
DA:12,6
DA:13,1
DA:15,5
LF:6
LH:6
BRDA:9,0,0,1
BRDA:12,1,0,1
BRF:2
BRH:2
end_of_record
TN:
SF:mathFunctions/geometricFunctions/calculateCircleCircumference.ts
FN:8,calculateCircleCircumference
FNF:1
FNH:1
FNDA:7,calculateCircleCircumference
DA:8,1
DA:9,7
DA:10,1
DA:12,6
DA:13,1
DA:15,5
LF:6
LH:6
BRDA:9,0,0,1
BRDA:12,1,0,1
BRF:2
BRH:2
end_of_record
TN:
SF:mathFunctions/geometricFunctions/calculateConeSurfaceArea.ts
FN:9,calculateConeSurfaceArea
FNF:1
FNH:1
FNDA:9,calculateConeSurfaceArea
DA:9,1
DA:13,9
DA:14,2
DA:16,7
DA:17,1
DA:19,6
DA:20,1
DA:22,5
DA:23,5
DA:24,5
LF:10
LH:10
BRDA:13,0,0,2
BRDA:13,1,0,9
BRDA:13,1,1,8
BRDA:16,2,0,1
BRDA:19,3,0,1
BRF:5
BRH:5
end_of_record
TN:
SF:mathFunctions/geometricFunctions/calculateConeVolume.ts
FN:9,calculateConeVolume
FNF:1
FNH:1
FNDA:9,calculateConeVolume
DA:9,1
DA:10,9
DA:11,2
DA:13,7
DA:14,1
DA:16,6
DA:17,1
DA:19,5
LF:8
LH:8
BRDA:10,0,0,2
BRDA:10,1,0,9
BRDA:10,1,1,8
BRDA:13,2,0,1
BRDA:16,3,0,1
BRF:5
BRH:5
end_of_record
TN:
SF:mathFunctions/geometricFunctions/calculateCosine.ts
FN:10,calculateCosine
FNF:1
FNH:1
FNDA:10,calculateCosine
DA:1,1
DA:10,1
DA:11,10
DA:12,1
DA:16,9
DA:17,9
DA:18,1
DA:21,9
LF:8
LH:8
BRDA:11,0,0,1
BRDA:17,1,0,1
BRF:2
BRH:2
end_of_record
TN:
SF:mathFunctions/geometricFunctions/calculateCubeVolume.ts
FN:8,calculateCubeVolume
FNF:1
FNH:1
FNDA:7,calculateCubeVolume
DA:8,1
DA:9,7
DA:10,1
DA:12,6
DA:13,1
DA:15,5
LF:6
LH:6
BRDA:9,0,0,1
BRDA:12,1,0,1
BRF:2
BRH:2
end_of_record
TN:
SF:mathFunctions/geometricFunctions/calculateCylinderSurfaceArea.ts
FN:9,calculateCylinderSurfaceArea
FNF:1
FNH:1
FNDA:9,calculateCylinderSurfaceArea
DA:9,1
DA:13,9
DA:14,2
DA:16,7
DA:17,1
DA:19,6
DA:20,1
DA:22,5
LF:8
LH:8
BRDA:13,0,0,2
BRDA:13,1,0,9
BRDA:13,1,1,8
BRDA:16,2,0,1
BRDA:19,3,0,1
BRF:5
BRH:5
end_of_record
TN:
SF:mathFunctions/geometricFunctions/calculateCylinderVolume.ts
FN:9,calculateCylinderVolume
FNF:1
FNH:1
FNDA:9,calculateCylinderVolume
DA:9,1
DA:13,9
DA:14,2
DA:16,7
DA:17,1
DA:19,6
DA:20,1
DA:22,5
LF:8
LH:8
BRDA:13,0,0,2
BRDA:13,1,0,9
BRDA:13,1,1,8
BRDA:16,2,0,1
BRDA:19,3,0,1
BRF:5
BRH:5
end_of_record
TN:
SF:mathFunctions/geometricFunctions/calculateEllipseArea.ts
FN:9,calculateEllipseArea
FNF:1
FNH:1
FNDA:9,calculateEllipseArea
DA:9,1
DA:13,9
DA:14,2
DA:16,7
DA:17,1
DA:19,6
DA:20,1
DA:22,5
LF:8
LH:8
BRDA:13,0,0,2
BRDA:13,1,0,9
BRDA:13,1,1,8
BRDA:16,2,0,1
BRDA:19,3,0,1
BRF:5
BRH:5
end_of_record
TN:
SF:mathFunctions/geometricFunctions/calculateHaversineDistance.ts
FN:13,calculateHaversineDistance
FNF:1
FNH:1
FNDA:12,calculateHaversineDistance
DA:1,1
DA:13,1
DA:20,12
DA:21,4
DA:23,8
DA:24,1
DA:26,7
DA:27,1
DA:30,6
DA:33,6
DA:34,6
DA:38,6
DA:42,6
DA:45,6
LF:14
LH:14
BRDA:20,0,0,4
BRDA:20,1,0,12
BRDA:20,1,1,11
BRDA:20,1,2,10
BRDA:20,1,3,9
BRDA:23,2,0,1
BRDA:23,3,0,8
BRDA:23,3,1,8
BRDA:23,3,2,7
BRDA:23,3,3,7
BRDA:26,4,0,1
BRDA:26,5,0,7
BRDA:26,5,1,7
BRDA:26,5,2,6
BRDA:26,5,3,6
BRF:15
BRH:15
end_of_record
TN:
SF:mathFunctions/geometricFunctions/calculateHypotenuse.ts
FN:9,calculateHypotenuse
FNF:1
FNH:1
FNDA:9,calculateHypotenuse
DA:9,1
DA:10,9
DA:11,2
DA:13,7
DA:14,2
DA:16,5
LF:6
LH:6
BRDA:10,0,0,2
BRDA:10,1,0,9
BRDA:10,1,1,8
BRDA:13,2,0,2
BRDA:13,3,0,7
BRDA:13,3,1,6
BRF:6
BRH:6
end_of_record
TN:
SF:mathFunctions/geometricFunctions/calculateParallelogramArea.ts
FN:9,calculateParallelogramArea
FNF:1
FNH:1
FNDA:10,calculateParallelogramArea
DA:9,1
DA:13,10
DA:14,2
DA:16,8
DA:17,2
DA:19,6
LF:6
LH:6
BRDA:13,0,0,2
BRDA:13,1,0,10
BRDA:13,1,1,9
BRDA:16,2,0,2
BRDA:16,3,0,8
BRDA:16,3,1,7
BRF:6
BRH:6
end_of_record
TN:
SF:mathFunctions/geometricFunctions/calculatePrismVolume.ts
FN:10,calculatePrismVolume
FNF:1
FNH:1
FNDA:13,calculatePrismVolume
DA:10,1
DA:15,13
DA:16,3
DA:18,10
DA:19,3
DA:21,7
LF:6
LH:6
BRDA:15,0,0,3
BRDA:15,1,0,13
BRDA:15,1,1,12
BRDA:15,1,2,11
BRDA:18,2,0,3
BRDA:18,3,0,10
BRDA:18,3,1,9
BRDA:18,3,2,8
BRF:8
BRH:8
end_of_record
TN:
SF:mathFunctions/geometricFunctions/calculateRectangleArea.ts
FN:9,calculateRectangleArea
FNF:1
FNH:1
FNDA:10,calculateRectangleArea
DA:9,1
DA:10,10
DA:11,2
DA:13,8
DA:14,2
DA:16,6
LF:6
LH:6
BRDA:10,0,0,2
BRDA:10,1,0,10
BRDA:10,1,1,9
BRDA:13,2,0,2
BRDA:13,3,0,8
BRDA:13,3,1,7
BRF:6
BRH:6
end_of_record
TN:
SF:mathFunctions/geometricFunctions/calculateRectanglePerimeter.ts
FN:9,calculateRectanglePerimeter
FNF:1
FNH:1
FNDA:10,calculateRectanglePerimeter
DA:9,1
DA:13,10
DA:14,2
DA:16,8
DA:17,2
DA:19,6
LF:6
LH:6
BRDA:13,0,0,2
BRDA:13,1,0,10
BRDA:13,1,1,9
BRDA:16,2,0,2
BRDA:16,3,0,8
BRDA:16,3,1,7
BRF:6
BRH:6
end_of_record
TN:
SF:mathFunctions/geometricFunctions/calculateSectorArea.ts
FN:9,calculateSectorArea
FNF:1
FNH:1
FNDA:10,calculateSectorArea
DA:9,1
DA:10,10
DA:11,2
DA:13,8
DA:14,2
DA:16,6
LF:6
LH:6
BRDA:10,0,0,2
BRDA:10,1,0,10
BRDA:10,1,1,9
BRDA:13,2,0,2
BRDA:13,3,0,8
BRDA:13,3,1,7
BRF:6
BRH:6
end_of_record
TN:
SF:mathFunctions/geometricFunctions/calculateSine.ts
FN:10,calculateSine
FNF:1
FNH:1
FNDA:9,calculateSine
DA:1,1
DA:10,1
DA:11,9
DA:12,1
DA:14,8
LF:5
LH:5
BRDA:11,0,0,1
BRF:1
BRH:1
end_of_record
TN:
SF:mathFunctions/geometricFunctions/calculateSphereSurfaceArea.ts
FN:8,calculateSphereSurfaceArea
FNF:1
FNH:1
FNDA:7,calculateSphereSurfaceArea
DA:8,1
DA:9,7
DA:10,1
DA:12,6
DA:13,1
DA:15,5
LF:6
LH:6
BRDA:9,0,0,1
BRDA:12,1,0,1
BRF:2
BRH:2
end_of_record
TN:
SF:mathFunctions/geometricFunctions/calculateSphereVolume.ts
FN:8,calculateSphereVolume
FNF:1
FNH:1
FNDA:7,calculateSphereVolume
DA:8,1
DA:9,7
DA:10,1
DA:12,6
DA:13,1
DA:15,5
LF:6
LH:6
BRDA:9,0,0,1
BRDA:12,1,0,1
BRF:2
BRH:2
end_of_record
TN:
SF:mathFunctions/geometricFunctions/calculateTangent.ts
FN:10,calculateTangent
FNF:1
FNH:1
FNDA:10,calculateTangent
DA:1,1
DA:10,1
DA:11,10
DA:12,1
DA:16,9
DA:17,9
DA:18,1
DA:22,9
DA:23,3
DA:26,6
LF:10
LH:10
BRDA:11,0,0,1
BRDA:17,1,0,1
BRDA:22,2,0,3
BRDA:22,3,0,9
BRDA:22,3,1,7
BRDA:23,4,0,2
BRDA:23,4,1,1
BRF:7
BRH:7
end_of_record
TN:
SF:mathFunctions/geometricFunctions/calculateTrapezoidArea.ts
FN:10,calculateTrapezoidArea
FNF:1
FNH:1
FNDA:13,calculateTrapezoidArea
DA:10,1
DA:15,13
DA:16,3
DA:18,10
DA:19,3
DA:21,7
LF:6
LH:6
BRDA:15,0,0,3
BRDA:15,1,0,13
BRDA:15,1,1,12
BRDA:15,1,2,11
BRDA:18,2,0,3
BRDA:18,3,0,10
BRDA:18,3,1,9
BRDA:18,3,2,8
BRF:8
BRH:8
end_of_record
TN:
SF:mathFunctions/geometricFunctions/calculateTriangleArea.ts
FN:9,calculateTriangleArea
FNF:1
FNH:1
FNDA:10,calculateTriangleArea
DA:9,1
DA:10,10
DA:11,2
DA:13,8
DA:14,2
DA:16,6
LF:6
LH:6
BRDA:10,0,0,2
BRDA:10,1,0,10
BRDA:10,1,1,9
BRDA:13,2,0,2
BRDA:13,3,0,8
BRDA:13,3,1,7
BRF:6
BRH:6
end_of_record
TN:
SF:mathFunctions/geometricFunctions/coordinateDistance.ts
FN:11,coordinateDistance
FNF:1
FNH:1
FNDA:10,coordinateDistance
DA:11,1
DA:17,10
DA:18,4
DA:20,6
DA:21,6
DA:22,6
LF:6
LH:6
BRDA:17,0,0,4
BRDA:17,1,0,10
BRDA:17,1,1,9
BRDA:17,1,2,8
BRDA:17,1,3,7
BRF:5
BRH:5
end_of_record
TN:
SF:mathFunctions/geometricFunctions/degreesToRadians.ts
FN:8,degreesToRadians
FNF:1
FNH:1
FNDA:59,degreesToRadians
DA:8,5
DA:9,59
DA:10,1
DA:12,58
LF:4
LH:4
BRDA:9,0,0,1
BRF:1
BRH:1
end_of_record
TN:
SF:mathFunctions/geometricFunctions/radiansToDegrees.ts
FN:8,radiansToDegrees
FNF:1
FNH:1
FNDA:10,radiansToDegrees
DA:8,1
DA:9,10
DA:10,1
DA:12,9
LF:4
LH:4
BRDA:9,0,0,1
BRF:1
BRH:1
end_of_record
TN:
SF:objectFunctions/applyDefaults.ts
FN:15,applyDefaults
FNF:1
FNH:1
FNDA:15,applyDefaults
DA:15,1
DA:19,15
DA:20,5
DA:22,10
DA:23,5
DA:26,5
LF:6
LH:6
BRDA:19,0,0,5
BRDA:19,1,0,15
BRDA:19,1,1,11
BRDA:22,2,0,5
BRDA:22,3,0,10
BRDA:22,3,1,6
BRF:6
BRH:6
end_of_record
TN:
SF:objectFunctions/compactObject.ts
FN:12,compactObject
FN:17,(anonymous_1)
FN:19,(anonymous_2)
FN:24,(anonymous_3)
FN:25,(anonymous_4)
FNF:5
FNH:5
FNDA:14,compactObject
FNDA:35,(anonymous_1)
FNDA:3,(anonymous_2)
FNDA:26,(anonymous_3)
FNDA:26,(anonymous_4)
DA:12,1
DA:13,14
DA:14,5
DA:17,9
DA:18,35
DA:19,3
DA:21,34
DA:22,10
DA:24,26
DA:25,26
DA:28,24
DA:31,9
LF:12
LH:12
BRDA:13,0,0,5
BRDA:13,1,0,14
BRDA:13,1,1,10
BRDA:18,2,0,1
BRDA:19,3,0,0
BRDA:19,3,1,3
BRDA:19,4,0,3
BRDA:19,4,1,1
BRDA:21,5,0,10
BRDA:21,6,0,34
BRDA:21,6,1,24
BRF:11
BRH:10
end_of_record
TN:
SF:objectFunctions/countProperties.ts
FN:12,countProperties
FNF:1
FNH:1
FNDA:8,countProperties
DA:12,1
DA:13,8
DA:14,5
DA:16,3
LF:4
LH:4
BRDA:13,0,0,5
BRDA:13,1,0,8
BRDA:13,1,1,4
BRF:3
BRH:3
end_of_record
TN:
SF:objectFunctions/deepClone.ts
FN:16,deepClone
FNF:1
FNH:1
FNDA:8,deepClone
DA:16,1
DA:17,8
DA:18,5
DA:20,3
LF:4
LH:4
BRDA:17,0,0,5
BRDA:17,1,0,8
BRDA:17,1,1,4
BRF:3
BRH:3
end_of_record
TN:
SF:objectFunctions/deepCloneWith.ts
FN:17,deepCloneWith
FN:22,(anonymous_1)
FN:27,(anonymous_2)
FNF:3
FNH:3
FNDA:13,deepCloneWith
FNDA:40,(anonymous_1)
FNDA:17,(anonymous_2)
DA:17,1
DA:18,13
DA:19,5
DA:22,8
DA:23,40
DA:24,7
DA:26,33
DA:27,9
DA:28,17
DA:29,17
DA:32,24
DA:35,8
LF:12
LH:12
BRDA:18,0,0,5
BRDA:18,1,0,13
BRDA:18,1,1,9
BRDA:23,2,0,7
BRDA:26,3,0,9
BRDA:26,4,0,33
BRDA:26,4,1,33
BRF:7
BRH:7
end_of_record
TN:
SF:objectFunctions/deepEqual.ts
FN:16,deepEqual
FNF:1
FNH:1
FNDA:64398489,deepEqual
DA:16,9
DA:18,64398489
DA:19,9
DA:23,64398480
DA:26,64363148
DA:32,64363068
DA:36,80
DA:37,8
DA:41,72
DA:42,8
DA:46,64
DA:50,3
DA:54,61
DA:55,0
DA:59,61
DA:60,61
DA:63,61
DA:66,60
DA:68,92
DA:69,36
DA:75,24
LF:21
LH:20
BRDA:18,0,0,9
BRDA:18,1,0,64398489
BRDA:18,1,1,64398040
BRDA:18,1,2,64397897
BRDA:18,1,3,20
BRDA:23,2,0,35332
BRDA:26,3,0,64363068
BRDA:27,4,0,64363148
BRDA:27,4,1,120
BRDA:27,4,2,81
BRDA:27,4,3,80
BRDA:36,5,0,8
BRDA:36,6,0,80
BRDA:36,6,1,11
BRDA:41,7,0,8
BRDA:41,8,0,72
BRDA:41,8,1,8
BRDA:42,9,0,8
BRDA:42,9,1,0
BRDA:46,10,0,3
BRDA:47,11,0,64
BRDA:47,11,1,3
BRDA:47,11,2,61
BRDA:47,11,3,0
BRDA:54,12,0,0
BRDA:54,13,0,61
BRDA:54,13,1,0
BRDA:63,14,0,1
BRDA:68,15,0,36
BRDA:68,16,0,92
BRDA:68,16,1,82
BRF:31
BRH:27
end_of_record
TN:
SF:objectFunctions/deepFreeze.ts
FN:19,deepFreeze
FN:24,(anonymous_1)
FNF:2
FNH:2
FNDA:13,deepFreeze
FNDA:21,(anonymous_1)
DA:19,1
DA:20,13
DA:21,5
DA:23,8
DA:24,8
DA:25,21
DA:26,21
DA:27,4
DA:30,8
LF:9
LH:9
BRDA:20,0,0,5
BRDA:20,1,0,13
BRDA:20,1,1,9
BRDA:26,2,0,4
BRDA:26,3,0,21
BRDA:26,3,1,5
BRF:6
BRH:6
end_of_record
TN:
SF:objectFunctions/deepMerge.ts
FN:20,deepMerge
FN:24,(anonymous_1)
FN:30,(anonymous_2)
FN:31,(anonymous_3)
FNF:4
FNH:4
FNDA:15,deepMerge
FNDA:42,(anonymous_1)
FNDA:7,(anonymous_2)
FNDA:17,(anonymous_3)
DA:20,1
DA:24,42
DA:26,15
DA:27,10
DA:30,5
DA:31,7
DA:32,17
DA:33,17
DA:34,17
DA:35,17
DA:36,2
DA:37,15
DA:38,2
DA:40,13
DA:43,7
DA:46,5
LF:16
LH:16
BRDA:24,0,0,42
BRDA:24,0,1,30
BRDA:26,1,0,10
BRDA:26,2,0,15
BRDA:26,2,1,10
BRDA:35,3,0,2
BRDA:35,3,1,15
BRDA:35,4,0,17
BRDA:35,4,1,2
BRDA:37,5,0,2
BRDA:37,5,1,13
BRDA:37,6,0,15
BRDA:37,6,1,2
BRF:13
BRH:13
end_of_record
TN:
SF:objectFunctions/differenceBy.ts
FN:20,differenceBy
FNF:1
FNH:1
FNDA:26,differenceBy
DA:20,1
DA:25,26
DA:26,5
DA:28,21
DA:29,5
DA:31,16
DA:32,5
DA:35,11
DA:36,11
DA:37,11
DA:38,27
DA:39,27
DA:40,12
DA:43,11
LF:14
LH:14
BRDA:25,0,0,5
BRDA:25,1,0,26
BRDA:25,1,1,22
BRDA:28,2,0,5
BRDA:28,3,0,21
BRDA:28,3,1,17
BRDA:31,4,0,5
BRDA:39,5,0,12
BRF:8
BRH:8
end_of_record
TN:
SF:objectFunctions/entriesToObject.ts
FN:19,entriesToObject
FNF:1
FNH:1
FNDA:9,entriesToObject
DA:19,1
DA:20,9
DA:21,3
DA:24,6
DA:25,14
DA:30,2
DA:34,4
LF:7
LH:7
BRDA:20,0,0,3
BRDA:25,1,0,2
BRDA:26,2,0,14
BRDA:26,2,1,14
BRDA:26,2,2,13
BRF:5
BRH:5
end_of_record
TN:
SF:objectFunctions/flattenObject.ts
FN:37,flattenObject
FN:61,(anonymous_1)
FNF:2
FNH:2
FNDA:39,flattenObject
FNDA:12,(anonymous_1)
DA:37,1
DA:41,39
DA:42,5
DA:45,34
DA:47,34
DA:48,44
DA:50,44
DA:51,44
DA:52,44
DA:53,44
DA:59,44
DA:61,6
DA:62,12
DA:63,12
DA:64,5
DA:66,7
DA:69,38
DA:71,16
DA:74,22
DA:79,34
LF:20
LH:20
BRDA:39,0,0,18
BRDA:41,1,0,5
BRDA:41,2,0,39
BRDA:41,2,1,35
BRDA:48,3,0,44
BRDA:51,4,0,44
BRDA:51,4,1,43
BRDA:53,5,0,22
BRDA:53,5,1,22
BRDA:54,6,0,1
BRDA:54,6,1,21
BRDA:59,7,0,6
BRDA:59,7,1,38
BRDA:63,8,0,5
BRDA:63,8,1,7
BRDA:63,9,0,12
BRDA:63,9,1,5
BRDA:69,10,0,16
BRDA:69,10,1,22
BRDA:69,11,0,38
BRDA:69,11,1,17
BRF:21
BRH:21
end_of_record
TN:
SF:objectFunctions/flipObject.ts
FN:17,flipObject
FN:23,(anonymous_1)
FNF:2
FNH:2
FNDA:10,flipObject
FNDA:17,(anonymous_1)
DA:17,1
DA:20,10
DA:21,5
DA:23,5
DA:24,17
DA:25,17
LF:6
LH:6
BRDA:20,0,0,5
BRDA:20,1,0,10
BRDA:20,1,1,6
BRF:3
BRH:3
end_of_record
TN:
SF:objectFunctions/fromDotNotation.ts
FN:17,fromDotNotation
FN:30,(anonymous_1)
FNF:2
FNH:2
FNDA:17,fromDotNotation
FNDA:64,(anonymous_1)
DA:17,1
DA:18,17
DA:19,5
DA:22,12
DA:24,12
DA:25,29
DA:26,29
DA:30,64
DA:32,29
DA:34,29
DA:35,64
DA:36,64
DA:37,64
DA:39,64
DA:40,29
DA:42,35
DA:44,26
DA:46,35
DA:52,12
LF:19
LH:19
BRDA:18,0,0,5
BRDA:18,1,0,17
BRDA:18,1,1,13
BRDA:25,2,0,29
BRDA:39,3,0,29
BRDA:39,3,1,35
BRDA:42,4,0,26
BRDA:42,5,0,35
BRDA:42,5,1,9
BRDA:44,6,0,6
BRDA:44,6,1,20
BRF:11
BRH:11
end_of_record
TN:
SF:objectFunctions/getDeepEqualityHash.ts
FN:19,getDeepEqualityHash
FN:25,(anonymous_1)
FNF:2
FNH:2
FNDA:12,getDeepEqualityHash
FNDA:157,(anonymous_1)
DA:19,1
DA:20,12
DA:21,4
DA:23,8
DA:26,157
LF:5
LH:5
BRDA:20,0,0,4
BRDA:20,1,0,12
BRDA:20,1,1,9
BRF:3
BRH:3
end_of_record
TN:
SF:objectFunctions/getObjectDifference.ts
FN:21,getObjectDifference
FN:37,(anonymous_1)
FNF:2
FNH:2
FNDA:15,getObjectDifference
FNDA:20,(anonymous_1)
DA:21,1
DA:25,15
DA:31,10
DA:34,5
DA:36,5
DA:37,5
DA:38,20
DA:39,14
DA:43,5
LF:9
LH:9
BRDA:25,0,0,10
BRDA:26,1,0,15
BRDA:26,1,1,11
BRDA:26,1,2,10
BRDA:26,1,3,6
BRDA:38,2,0,14
BRF:6
BRH:6
end_of_record
TN:
SF:objectFunctions/groupBy.ts
FN:30,groupBy
FN:35,(anonymous_1)
FNF:2
FNH:2
FNDA:13,groupBy
FNDA:21,(anonymous_1)
DA:30,1
DA:31,13
DA:32,5
DA:35,8
DA:36,21
DA:37,18
DA:38,18
DA:39,18
DA:41,21
LF:9
LH:9
BRDA:31,0,0,5
BRDA:36,1,0,18
BRDA:38,2,0,15
BRF:3
BRH:3
end_of_record
TN:
SF:objectFunctions/hasKey.ts
FN:17,hasKey
FNF:1
FNH:1
FNDA:13,hasKey
DA:17,1
DA:18,13
DA:19,5
DA:21,8
LF:4
LH:4
BRDA:18,0,0,5
BRDA:18,1,0,13
BRDA:18,1,1,9
BRF:3
BRH:3
end_of_record
TN:
SF:objectFunctions/invertObject.ts
FN:22,invertObject
FNF:1
FNH:1
FNDA:10,invertObject
DA:22,1
DA:23,10
DA:24,5
DA:26,5
DA:27,5
DA:28,14
DA:29,14
DA:31,5
LF:8
LH:8
BRDA:23,0,0,5
BRDA:23,1,0,10
BRDA:23,1,1,6
BRF:3
BRH:3
end_of_record
TN:
SF:objectFunctions/isDeepSubset.ts
FN:20,isDeepSubset
FN:31,(anonymous_1)
FNF:2
FNH:2
FNDA:36,isDeepSubset
FNDA:37,(anonymous_1)
DA:20,1
DA:24,36
DA:25,2
DA:27,34
DA:28,1
DA:31,33
DA:32,37
LF:7
LH:7
BRDA:24,0,0,2
BRDA:24,1,0,36
BRDA:24,1,1,36
BRDA:27,2,0,1
BRDA:27,3,0,34
BRDA:27,3,1,34
BRDA:32,4,0,16
BRDA:32,4,1,21
BRDA:32,5,0,37
BRDA:32,5,1,17
BRF:10
BRH:10
end_of_record
TN:
SF:objectFunctions/isObjectEmpty.ts
FN:20,isObjectEmpty
FNF:1
FNH:1
FNDA:10,isObjectEmpty
DA:20,1
DA:21,10
DA:22,5
DA:24,5
LF:4
LH:4
BRDA:21,0,0,5
BRDA:21,1,0,10
BRDA:21,1,1,6
BRF:3
BRH:3
end_of_record
TN:
SF:objectFunctions/keyBy.ts
FN:25,keyBy
FN:32,(anonymous_1)
FNF:2
FNH:2
FNDA:10,keyBy
FNDA:12,(anonymous_1)
DA:25,1
DA:29,10
DA:30,5
DA:32,5
DA:33,12
DA:34,9
DA:36,12
LF:7
LH:7
BRDA:29,0,0,5
BRDA:33,1,0,9
BRF:2
BRH:2
end_of_record
TN:
SF:objectFunctions/keysToCamelCase.ts
FN:17,keysToCamelCase
FN:22,(anonymous_1)
FN:28,(anonymous_2)
FN:30,(anonymous_3)
FNF:4
FNH:4
FNDA:11,keysToCamelCase
FNDA:27,(anonymous_1)
FNDA:17,(anonymous_2)
FNDA:15,(anonymous_3)
DA:17,1
DA:18,11
DA:19,5
DA:22,6
DA:23,27
DA:24,2
DA:26,25
DA:27,11
DA:28,17
DA:30,15
DA:36,14
DA:39,6
LF:12
LH:12
BRDA:18,0,0,5
BRDA:18,1,0,11
BRDA:18,1,1,10
BRDA:23,2,0,2
BRDA:26,3,0,11
BRDA:26,4,0,25
BRDA:26,4,1,25
BRDA:29,5,0,17
BRDA:29,5,1,0
BRF:9
BRH:8
end_of_record
TN:
SF:objectFunctions/keysToSnakeCase.ts
FN:17,keysToSnakeCase
FN:22,(anonymous_1)
FN:28,(anonymous_2)
FN:30,(anonymous_3)
FNF:4
FNH:4
FNDA:11,keysToSnakeCase
FNDA:27,(anonymous_1)
FNDA:17,(anonymous_2)
FNDA:15,(anonymous_3)
DA:17,1
DA:18,11
DA:19,5
DA:22,6
DA:23,27
DA:24,2
DA:26,25
DA:27,11
DA:28,17
DA:30,15
DA:36,14
DA:39,6
LF:12
LH:12
BRDA:18,0,0,5
BRDA:18,1,0,11
BRDA:18,1,1,10
BRDA:23,2,0,2
BRDA:26,3,0,11
BRDA:26,4,0,25
BRDA:26,4,1,25
BRDA:29,5,0,17
BRDA:29,5,1,0
BRF:9
BRH:8
end_of_record
TN:
SF:objectFunctions/objectMap.ts
FN:19,objectMap
FN:28,(anonymous_1)
FNF:2
FNH:2
FNDA:13,objectMap
FNDA:17,(anonymous_1)
DA:19,1
DA:23,13
DA:24,5
DA:27,8
DA:29,17
DA:30,17
LF:6
LH:6
BRDA:23,0,0,5
BRDA:23,1,0,13
BRDA:23,1,1,9
BRF:3
BRH:3
end_of_record
TN:
SF:objectFunctions/objectSize.ts
FN:16,objectSize
FNF:1
FNH:1
FNDA:11,objectSize
DA:16,1
DA:17,11
DA:18,5
DA:20,6
LF:4
LH:4
BRDA:17,0,0,5
BRDA:17,1,0,11
BRDA:17,1,1,7
BRF:3
BRH:3
end_of_record
TN:
SF:objectFunctions/objectToQueryString.ts
FN:22,objectToQueryString
FN:28,(anonymous_1)
FNF:2
FNH:2
FNDA:11,objectToQueryString
FNDA:14,(anonymous_1)
DA:22,1
DA:23,11
DA:24,5
DA:26,6
DA:29,14
LF:5
LH:5
BRDA:23,0,0,5
BRDA:23,1,0,11
BRDA:23,1,1,7
BRF:3
BRH:3
end_of_record
TN:
SF:objectFunctions/omitBy.ts
FN:20,omitBy
FN:29,(anonymous_1)
FNF:2
FNH:2
FNDA:12,omitBy
FNDA:22,(anonymous_1)
DA:20,1
DA:24,12
DA:25,5
DA:28,7
DA:29,22
LF:5
LH:5
BRDA:24,0,0,5
BRDA:24,1,0,12
BRDA:24,1,1,8
BRF:3
BRH:3
end_of_record
TN:
SF:objectFunctions/omitKeys.ts
FN:18,omitKeys
FN:26,(anonymous_1)
FNF:2
FNH:2
FNDA:12,omitKeys
FNDA:22,(anonymous_1)
DA:18,1
DA:22,12
DA:23,5
DA:25,7
DA:26,22
LF:5
LH:5
BRDA:22,0,0,5
BRDA:22,1,0,12
BRDA:22,1,1,8
BRF:3
BRH:3
end_of_record
TN:
SF:objectFunctions/pickBy.ts
FN:19,pickBy
FN:28,(anonymous_1)
FNF:2
FNH:2
FNDA:12,pickBy
FNDA:22,(anonymous_1)
DA:19,1
DA:23,12
DA:24,5
DA:27,7
DA:28,22
LF:5
LH:5
BRDA:23,0,0,5
BRDA:23,1,0,12
BRDA:23,1,1,8
BRF:3
BRH:3
end_of_record
TN:
SF:objectFunctions/pickKeys.ts
FN:18,pickKeys
FN:26,(anonymous_1)
FNF:2
FNH:2
FNDA:12,pickKeys
FNDA:22,(anonymous_1)
DA:18,1
DA:22,12
DA:23,5
DA:25,7
DA:26,22
LF:5
LH:5
BRDA:22,0,0,5
BRDA:22,1,0,12
BRDA:22,1,1,8
BRF:3
BRH:3
end_of_record
TN:
SF:objectFunctions/queryStringToObject.ts
FN:22,queryStringToObject
FN:32,(anonymous_1)
FN:33,(anonymous_2)
FNF:3
FNH:3
FNDA:9,queryStringToObject
FNDA:10,(anonymous_1)
FNDA:10,(anonymous_2)
DA:22,1
DA:23,9
DA:24,5
DA:26,4
DA:27,4
DA:29,3
DA:32,10
DA:34,10
DA:35,10
DA:37,10
LF:10
LH:10
BRDA:23,0,0,5
BRDA:27,1,0,1
BRDA:34,2,0,10
BRDA:35,3,0,10
BRDA:35,3,1,0
BRF:5
BRH:4
end_of_record
TN:
SF:objectFunctions/removeEmptyValues.ts
FN:19,removeEmptyValues
FN:26,(anonymous_1)
FN:30,(anonymous_2)
FN:35,(anonymous_3)
FN:36,(anonymous_4)
FNF:5
FNH:5
FNDA:10,removeEmptyValues
FNDA:36,(anonymous_1)
FNDA:8,(anonymous_2)
FNDA:23,(anonymous_3)
FNDA:23,(anonymous_4)
DA:19,1
DA:22,10
DA:23,5
DA:26,5
DA:27,36
DA:28,2
DA:30,8
DA:32,34
DA:33,7
DA:35,23
DA:36,23
DA:39,27
DA:42,5
LF:13
LH:13
BRDA:22,0,0,5
BRDA:22,1,0,10
BRDA:22,1,1,6
BRDA:27,2,0,2
BRDA:30,3,0,8
BRDA:30,3,1,7
BRDA:30,3,2,6
BRDA:32,4,0,7
BRDA:32,5,0,34
BRDA:32,5,1,22
BRDA:36,6,0,23
BRDA:36,6,1,20
BRDA:36,6,2,17
BRF:13
BRH:13
end_of_record
TN:
SF:objectFunctions/safeGet.ts
FN:19,safeGet
FN:33,(anonymous_1)
FN:34,(anonymous_2)
FNF:3
FNH:3
FNDA:15,safeGet
FNDA:11,(anonymous_1)
FNDA:26,(anonymous_2)
DA:19,1
DA:24,15
DA:25,5
DA:27,10
DA:28,9
DA:29,0
DA:32,9
DA:33,11
DA:34,26
DA:35,8
DA:36,8
DA:37,23
DA:38,23
DA:39,23
DA:40,21
DA:42,2
DA:43,2
DA:44,1
DA:46,1
DA:49,6
LF:20
LH:19
BRDA:22,0,0,12
BRDA:24,1,0,5
BRDA:24,2,0,15
BRDA:24,2,1,11
BRDA:27,3,0,1
BRDA:28,4,0,0
BRDA:33,5,0,1
BRDA:37,6,0,0
BRDA:39,7,0,21
BRDA:39,7,1,2
BRDA:43,8,0,1
BRDA:49,9,0,0
BRDA:49,9,1,6
BRF:13
BRH:10
end_of_record
TN:
SF:objectFunctions/safeSet.ts
FN:20,safeSet
FN:34,(anonymous_1)
FNF:2
FNH:2
FNDA:12,safeSet
FNDA:19,(anonymous_1)
DA:20,1
DA:25,12
DA:26,5
DA:28,7
DA:29,6
DA:30,0
DA:31,0
DA:34,19
DA:35,6
DA:36,6
DA:37,13
DA:38,13
DA:39,13
DA:40,1
DA:41,1
DA:43,12
DA:44,1
DA:46,12
DA:48,5
LF:19
LH:17
BRDA:25,0,0,5
BRDA:25,1,0,12
BRDA:25,1,1,8
BRDA:28,2,0,1
BRDA:29,3,0,0
BRDA:39,4,0,1
BRDA:43,5,0,1
BRDA:43,6,0,12
BRDA:43,6,1,11
BRF:9
BRH:8
end_of_record
TN:
SF:objectFunctions/setNestedValue.ts
FN:30,setNestedValue
FNF:1
FNH:1
FNDA:10,setNestedValue
DA:30,1
DA:35,10
DA:36,5
DA:38,5
DA:39,5
DA:40,5
DA:41,12
DA:42,2
DA:44,12
DA:46,5
LF:10
LH:10
BRDA:35,0,0,5
BRDA:35,1,0,10
BRDA:35,1,1,6
BRDA:41,2,0,2
BRDA:41,3,0,12
BRDA:41,3,1,10
BRF:6
BRH:6
end_of_record
TN:
SF:objectFunctions/shallowEqual.ts
FN:27,shallowEqual
FN:45,(anonymous_1)
FNF:2
FNH:2
FNDA:16,shallowEqual
FNDA:14,(anonymous_1)
DA:27,1
DA:31,16
DA:37,10
DA:40,6
DA:41,6
DA:43,6
DA:45,14
LF:7
LH:7
BRDA:31,0,0,10
BRDA:32,1,0,16
BRDA:32,1,1,12
BRDA:32,1,2,11
BRDA:32,1,3,7
BRDA:43,2,0,0
BRF:6
BRH:5
end_of_record
TN:
SF:objectFunctions/sortObjectKeys.ts
FN:22,sortObjectKeys
FN:27,(anonymous_1)
FNF:2
FNH:2
FNDA:12,sortObjectKeys
FNDA:21,(anonymous_1)
DA:22,1
DA:23,12
DA:24,5
DA:26,7
DA:27,21
LF:5
LH:5
BRDA:23,0,0,5
BRDA:23,1,0,12
BRDA:23,1,1,8
BRF:3
BRH:3
end_of_record
TN:
SF:objectFunctions/unflattenObject.ts
FN:22,unflattenObject
FN:33,(anonymous_1)
FNF:2
FNH:2
FNDA:10,unflattenObject
FNDA:41,(anonymous_1)
DA:22,1
DA:23,10
DA:24,5
DA:27,5
DA:29,5
DA:30,14
DA:31,14
DA:33,14
DA:34,41
DA:35,41
DA:36,41
DA:38,41
DA:39,14
DA:40,0
DA:41,0
DA:43,14
DA:46,27
DA:47,2
DA:48,2
DA:50,2
DA:52,25
DA:53,8
DA:55,25
DA:61,5
LF:24
LH:22
BRDA:23,0,0,5
BRDA:23,1,0,10
BRDA:23,1,1,6
BRDA:38,2,0,14
BRDA:38,2,1,27
BRDA:39,3,0,0
BRDA:39,3,1,14
BRDA:40,4,0,0
BRDA:46,5,0,2
BRDA:46,5,1,25
BRDA:47,6,0,2
BRDA:48,7,0,0
BRDA:48,7,1,2
BRDA:52,8,0,8
BRDA:52,9,0,25
BRDA:52,9,1,17
BRDA:53,10,0,1
BRDA:53,10,1,7
BRF:18
BRH:15
end_of_record
TN:
SF:objectFunctions/uniqueValues.ts
FN:24,uniqueValues
FNF:1
FNH:1
FNDA:16,uniqueValues
DA:24,1
DA:25,16
DA:26,5
DA:29,11
DA:30,11
DA:31,11
DA:32,38
DA:35,38
DA:36,25
DA:37,25
DA:40,11
LF:11
LH:11
BRDA:25,0,0,5
BRDA:25,1,0,16
BRDA:25,1,1,12
BRDA:32,2,0,6
BRDA:32,2,1,32
BRDA:32,3,0,38
BRDA:32,3,1,8
BRDA:35,4,0,25
BRF:8
BRH:8
end_of_record
TN:
SF:stringFunctions/areAnagrams.ts
FN:12,areAnagrams
FN:13,(anonymous_1)
FNF:2
FNH:2
FNDA:15,areAnagrams
FNDA:30,(anonymous_1)
DA:12,1
DA:13,15
DA:14,30
DA:15,15
LF:4
LH:4
BRF:0
BRH:0
end_of_record
TN:
SF:stringFunctions/capitalizeEachWord.ts
FN:11,capitalizeEachWord
FN:12,(anonymous_1)
FNF:2
FNH:2
FNDA:15,capitalizeEachWord
FNDA:30,(anonymous_1)
DA:11,1
DA:12,30
LF:2
LH:2
BRF:0
BRH:0
end_of_record
TN:
SF:stringFunctions/capitalizeFirstLetter.ts
FN:11,capitalizeFirstLetter
FNF:1
FNH:1
FNDA:15,capitalizeFirstLetter
DA:11,1
DA:12,15
DA:13,1
DA:15,14
LF:4
LH:4
BRDA:12,0,0,1
BRF:1
BRH:1
end_of_record
TN:
SF:stringFunctions/capitalizeNthLetter.ts
FN:12,capitalizeNthLetter
FNF:1
FNH:1
FNDA:17,capitalizeNthLetter
DA:12,1
DA:13,17
DA:14,14
LF:3
LH:3
BRDA:13,0,0,3
BRDA:13,1,0,17
BRDA:13,1,1,16
BRF:3
BRH:3
end_of_record
TN:
SF:stringFunctions/countCharacterOccurrences.ts
FN:12,countCharacterOccurrences
FNF:1
FNH:1
FNDA:15,countCharacterOccurrences
DA:12,1
DA:13,15
LF:2
LH:2
BRDA:13,0,0,15
BRDA:13,0,1,2
BRF:2
BRH:2
end_of_record
TN:
SF:stringFunctions/countConsonants.ts
FN:11,countConsonants
FNF:1
FNH:1
FNDA:15,countConsonants
DA:11,1
DA:12,15
LF:2
LH:2
BRDA:12,0,0,15
BRDA:12,0,1,2
BRF:2
BRH:2
end_of_record
TN:
SF:stringFunctions/countSubstring.ts
FN:12,countSubstring
FNF:1
FNH:1
FNDA:15,countSubstring
DA:12,1
DA:13,15
DA:14,14
LF:3
LH:3
BRDA:13,0,0,1
BRDA:14,1,0,14
BRDA:14,1,1,2
BRF:3
BRH:3
end_of_record
TN:
SF:stringFunctions/countVowels.ts
FN:11,countVowels
FNF:1
FNH:1
FNDA:15,countVowels
DA:11,1
DA:12,15
LF:2
LH:2
BRDA:12,0,0,15
BRDA:12,0,1,2
BRF:2
BRH:2
end_of_record
TN:
SF:stringFunctions/countWords.ts
FN:11,countWords
FNF:1
FNH:1
FNDA:15,countWords
DA:11,1
DA:12,15
DA:13,1
DA:15,14
LF:4
LH:4
BRDA:12,0,0,1
BRF:1
BRH:1
end_of_record
TN:
SF:stringFunctions/endsWith.ts
FN:12,endsWith
FNF:1
FNH:1
FNDA:15,endsWith
DA:12,1
DA:13,15
LF:2
LH:2
BRF:0
BRH:0
end_of_record
TN:
SF:stringFunctions/extractDomain.ts
FN:24,extractDomain
FNF:1
FNH:1
FNDA:15,extractDomain
DA:24,1
DA:25,15
DA:26,15
DA:27,12
DA:29,3
LF:5
LH:5
BRF:0
BRH:0
end_of_record
TN:
SF:stringFunctions/extractSubstring.ts
FN:14,extractSubstring
FNF:1
FNH:1
FNDA:17,extractSubstring
DA:14,1
DA:19,17
DA:20,2
DA:22,15
DA:23,1
DA:27,14
DA:28,1
DA:30,13
LF:8
LH:8
BRDA:19,0,0,2
BRDA:19,1,0,17
BRDA:19,1,1,16
BRDA:22,2,0,1
BRDA:27,3,0,1
BRF:5
BRH:5
end_of_record
TN:
SF:stringFunctions/findLongestWord.ts
FN:11,findLongestWord
FN:19,(anonymous_1)
FNF:2
FNH:2
FNDA:15,findLongestWord
FNDA:121,(anonymous_1)
DA:11,1
DA:13,15
DA:19,15
DA:20,121
LF:4
LH:4
BRDA:20,0,0,26
BRDA:20,0,1,95
BRF:2
BRH:2
end_of_record
TN:
SF:stringFunctions/firstNonRepeatingCharacter.ts
FN:11,firstNonRepeatingCharacter
FNF:1
FNH:1
FNDA:16,firstNonRepeatingCharacter
DA:11,1
DA:13,16
DA:16,16
DA:18,140
DA:22,16
DA:24,63
DA:28,2
LF:7
LH:7
BRDA:18,0,0,140
BRDA:18,0,1,77
BRDA:24,1,0,14
BRF:3
BRH:3
end_of_record
TN:
SF:stringFunctions/generateRandomAlphanumeric.ts
FN:12,generateRandomAlphanumeric
FNF:1
FNH:1
FNDA:6,generateRandomAlphanumeric
DA:12,1
DA:13,6
DA:14,2
DA:18,4
DA:19,4
DA:20,4
DA:21,1011
DA:23,4
LF:8
LH:8
BRDA:13,0,0,2
BRDA:13,1,0,6
BRDA:13,1,1,5
BRF:3
BRH:3
end_of_record
TN:
SF:stringFunctions/generateRandomString.ts
FN:13,generateRandomString
FNF:1
FNH:1
FNDA:10,generateRandomString
DA:13,1
DA:17,10
DA:18,2
DA:20,8
DA:21,1
DA:23,7
DA:24,7
DA:25,1041
DA:27,7
LF:9
LH:9
BRDA:15,0,0,0
BRDA:17,1,0,2
BRDA:17,2,0,10
BRDA:17,2,1,9
BRDA:20,3,0,1
BRF:5
BRH:4
end_of_record
TN:
SF:stringFunctions/getFileExtension.ts
FN:12,getFileExtension
FNF:1
FNH:1
FNDA:10,getFileExtension
DA:12,1
DA:13,10
DA:14,10
DA:19,4
DA:21,6
LF:5
LH:5
BRDA:14,0,0,4
BRDA:15,1,0,10
BRDA:15,1,1,8
BRDA:15,1,2,7
BRF:4
BRH:4
end_of_record
TN:
SF:stringFunctions/hasLowercase.ts
FN:12,hasLowercase
FNF:1
FNH:1
FNDA:13,hasLowercase
DA:12,1
DA:13,13
LF:2
LH:2
BRF:0
BRH:0
end_of_record
TN:
SF:stringFunctions/hasUppercase.ts
FN:12,hasUppercase
FNF:1
FNH:1
FNDA:13,hasUppercase
DA:12,1
DA:13,13
LF:2
LH:2
BRF:0
BRH:0
end_of_record
TN:
SF:stringFunctions/indexOfSubstring.ts
FN:12,indexOfSubstring
FNF:1
FNH:1
FNDA:15,indexOfSubstring
DA:12,1
DA:13,15
LF:2
LH:2
BRF:0
BRH:0
end_of_record
TN:
SF:stringFunctions/isAlpha.ts
FN:17,isAlpha
FNF:1
FNH:1
FNDA:15,isAlpha
DA:17,1
DA:18,15
LF:2
LH:2
BRF:0
BRH:0
end_of_record
TN:
SF:stringFunctions/isAlphanumeric.ts
FN:12,isAlphanumeric
FNF:1
FNH:1
FNDA:15,isAlphanumeric
DA:12,1
DA:13,15
LF:2
LH:2
BRF:0
BRH:0
end_of_record
TN:
SF:stringFunctions/isNumeric.ts
FN:12,isNumeric
FNF:1
FNH:1
FNDA:15,isNumeric
DA:12,1
DA:13,15
LF:2
LH:2
BRF:0
BRH:0
end_of_record
TN:
SF:stringFunctions/isPalindrome.ts
FN:12,isPalindrome
FNF:1
FNH:1
FNDA:15,isPalindrome
DA:12,1
DA:13,15
DA:14,15
LF:3
LH:3
BRF:0
BRH:0
end_of_record
TN:
SF:stringFunctions/isValidEmail.ts
FN:12,isValidEmail
FNF:1
FNH:1
FNDA:15,isValidEmail
DA:12,1
DA:13,15
DA:14,15
LF:3
LH:3
BRF:0
BRH:0
end_of_record
TN:
SF:stringFunctions/isWhitespace.ts
FN:12,isWhitespace
FNF:1
FNH:1
FNDA:15,isWhitespace
DA:12,1
DA:13,15
LF:2
LH:2
BRF:0
BRH:0
end_of_record
TN:
SF:stringFunctions/lastIndexOfSubstring.ts
FN:13,lastIndexOfSubstring
FNF:1
FNH:1
FNDA:15,lastIndexOfSubstring
DA:13,1
DA:14,15
LF:2
LH:2
BRF:0
BRH:0
end_of_record
TN:
SF:stringFunctions/padString.ts
FN:15,padString
FNF:1
FNH:1
FNDA:15,padString
DA:15,1
DA:20,15
DA:21,1
DA:25,14
DA:26,1
DA:29,13
DA:30,13
DA:31,13
DA:33,13
LF:9
LH:9
BRDA:18,0,0,9
BRDA:20,1,0,1
BRDA:25,2,0,1
BRF:3
BRH:3
end_of_record
TN:
SF:stringFunctions/removeWhitespace.ts
FN:11,removeWhitespace
FNF:1
FNH:1
FNDA:15,removeWhitespace
DA:11,1
DA:12,15
LF:2
LH:2
BRF:0
BRH:0
end_of_record
TN:
SF:stringFunctions/repeatString.ts
FN:13,repeatString
FNF:1
FNH:1
FNDA:15,repeatString
DA:13,1
DA:14,15
DA:15,1
DA:17,14
DA:18,1
DA:20,13
LF:6
LH:6
BRDA:14,0,0,1
BRDA:17,1,0,1
BRF:2
BRH:2
end_of_record
TN:
SF:stringFunctions/repeatUntilLength.ts
FN:13,repeatUntilLength
FNF:1
FNH:1
FNDA:15,repeatUntilLength
DA:13,1
DA:14,15
DA:15,1
DA:17,14
DA:18,1
DA:20,13
DA:21,1
DA:23,12
LF:8
LH:8
BRDA:14,0,0,1
BRDA:17,1,0,1
BRDA:20,2,0,1
BRF:3
BRH:3
end_of_record
TN:
SF:stringFunctions/replaceFirst.ts
FN:14,replaceFirst
FNF:1
FNH:1
FNDA:16,replaceFirst
DA:14,1
DA:19,16
DA:20,1
DA:22,15
DA:23,15
DA:24,2
DA:26,13
LF:7
LH:7
BRDA:19,0,0,1
BRDA:23,1,0,2
BRF:2
BRH:2
end_of_record
TN:
SF:stringFunctions/replaceMultiple.ts
FN:13,replaceMultiple
FN:18,(anonymous_1)
FN:23,(anonymous_2)
FNF:3
FNH:3
FNDA:15,replaceMultiple
FNDA:30,(anonymous_1)
FNDA:30,(anonymous_2)
DA:13,1
DA:17,15
DA:18,30
DA:21,15
DA:23,30
LF:5
LH:5
BRF:0
BRH:0
end_of_record
TN:
SF:stringFunctions/replaceSubstring.ts
FN:14,replaceSubstring
FNF:1
FNH:1
FNDA:16,replaceSubstring
DA:14,1
DA:19,16
DA:20,1
DA:22,15
DA:23,15
DA:24,2
DA:26,13
LF:7
LH:7
BRDA:19,0,0,1
BRDA:23,1,0,2
BRF:2
BRH:2
end_of_record
TN:
SF:stringFunctions/reverseString.ts
FN:12,reverseString
FNF:1
FNH:1
FNDA:15,reverseString
DA:12,1
DA:13,15
LF:2
LH:2
BRF:0
BRH:0
end_of_record
TN:
SF:stringFunctions/reverseWords.ts
FN:13,reverseWords
FNF:1
FNH:1
FNDA:15,reverseWords
DA:13,1
DA:14,15
DA:17,14
LF:3
LH:3
BRDA:14,0,0,1
BRF:1
BRH:1
end_of_record
TN:
SF:stringFunctions/slugify.ts
FN:12,slugify
FNF:1
FNH:1
FNDA:15,slugify
DA:12,1
DA:13,15
LF:2
LH:2
BRF:0
BRH:0
end_of_record
TN:
SF:stringFunctions/splitString.ts
FN:12,splitString
FNF:1
FNH:1
FNDA:15,splitString
DA:12,1
DA:13,15
LF:2
LH:2
BRF:0
BRH:0
end_of_record
TN:
SF:stringFunctions/startsWith.ts
FN:12,startsWith
FNF:1
FNH:1
FNDA:15,startsWith
DA:12,1
DA:13,15
LF:2
LH:2
BRF:0
BRH:0
end_of_record
TN:
SF:stringFunctions/stringToBoolean.ts
FN:12,stringToBoolean
FNF:1
FNH:1
FNDA:15,stringToBoolean
DA:12,1
DA:13,15
DA:14,15
LF:3
LH:3
BRDA:14,0,0,15
BRDA:14,0,1,11
BRF:2
BRH:2
end_of_record
TN:
SF:stringFunctions/stringToNumber.ts
FN:12,stringToNumber
FNF:1
FNH:1
FNDA:15,stringToNumber
DA:12,1
DA:14,15
DA:17,15
DA:19,7
DA:23,8
LF:5
LH:5
BRDA:17,0,0,7
BRF:1
BRH:1
end_of_record
TN:
SF:stringFunctions/stringToWords.ts
FN:11,stringToWords
FN:15,(anonymous_1)
FNF:2
FNH:2
FNDA:15,stringToWords
FNDA:31,(anonymous_1)
DA:11,1
DA:12,15
DA:15,31
LF:3
LH:3
BRF:0
BRH:0
end_of_record
TN:
SF:stringFunctions/stripHtmlTags.ts
FN:11,stripHtmlTags
FNF:1
FNH:1
FNDA:15,stripHtmlTags
DA:11,1
DA:12,15
LF:2
LH:2
BRF:0
BRH:0
end_of_record
TN:
SF:stringFunctions/toKebabCase.ts
FN:11,toKebabCase
FNF:1
FNH:1
FNDA:15,toKebabCase
DA:11,1
DA:12,15
LF:2
LH:2
BRF:0
BRH:0
end_of_record
TN:
SF:stringFunctions/toLowerCase.ts
FN:11,toLowerCase
FNF:1
FNH:1
FNDA:13,toLowerCase
DA:11,1
DA:12,13
LF:2
LH:2
BRF:0
BRH:0
end_of_record
TN:
SF:stringFunctions/toSnakeCase.ts
FN:11,toSnakeCase
FNF:1
FNH:1
FNDA:15,toSnakeCase
DA:11,1
DA:12,15
LF:2
LH:2
BRF:0
BRH:0
end_of_record
TN:
SF:stringFunctions/toUpperCase.ts
FN:11,toUpperCase
FNF:1
FNH:1
FNDA:13,toUpperCase
DA:11,1
DA:12,13
LF:2
LH:2
BRF:0
BRH:0
end_of_record
TN:
SF:stringFunctions/trimWhitespace.ts
FN:11,trimWhitespace
FNF:1
FNH:1
FNDA:13,trimWhitespace
DA:11,1
DA:12,13
LF:2
LH:2
BRF:0
BRH:0
end_of_record
TN:
SF:stringFunctions/truncateString.ts
FN:12,truncateString
FNF:1
FNH:1
FNDA:15,truncateString
DA:12,1
DA:13,15
DA:14,13
DA:15,11
DA:16,10
LF:5
LH:5
BRDA:13,0,0,2
BRDA:14,1,0,2
BRDA:15,2,0,1
BRF:3
BRH:3
end_of_record
TN:
SF:stringFunctions/uniqueCharacters.ts
FN:11,uniqueCharacters
FNF:1
FNH:1
FNDA:15,uniqueCharacters
DA:11,1
DA:12,15
LF:2
LH:2
BRF:0
BRH:0
end_of_record
TN:
SF:stringFunctions/wordsToSentence.ts
FN:13,wordsToSentence
FN:18,(anonymous_1)
FN:19,(anonymous_2)
FNF:3
FNH:3
FNDA:15,wordsToSentence
FNDA:31,(anonymous_1)
FNDA:31,(anonymous_2)
DA:13,1
DA:14,15
DA:15,1
DA:17,14
DA:18,31
DA:19,31
LF:6
LH:6
BRDA:14,0,0,1
BRDA:14,1,0,15
BRDA:14,1,1,15
BRF:3
BRH:3
end_of_record
TN:
SF:utilityFunctions/parseQueryString.ts
FN:16,parseQueryString
FN:26,(anonymous_1)
FNF:2
FNH:2
FNDA:7,parseQueryString
FNDA:10,(anonymous_1)
DA:16,1
DA:17,7
DA:18,2
DA:21,5
DA:27,10
DA:28,10
DA:29,10
LF:7
LH:7
BRDA:17,0,0,2
BRDA:17,1,0,7
BRDA:17,1,1,6
BRDA:28,2,0,10
BRDA:28,2,1,0
BRF:5
BRH:4
end_of_record
TN:
SF:utilityFunctions/throttle.ts
FN:17,throttle
FN:23,(anonymous_1)
FN:32,(anonymous_2)
FNF:3
FNH:3
FNDA:4,throttle
FNDA:9,(anonymous_1)
FNDA:3,(anonymous_2)
DA:17,1
DA:22,4
DA:23,4
DA:24,9
DA:25,5
DA:26,5
DA:28,4
DA:29,1
DA:31,4
DA:33,3
LF:10
LH:10
BRDA:24,0,0,5
BRDA:24,0,1,4
BRDA:24,1,0,9
BRDA:24,1,1,5
BRDA:28,2,0,1
BRF:5
BRH:5
end_of_record
